@I [HLS-0] Workspace /home/raghu/w/vivadoProjects/bmm/hls/bmm_top/solution1 opened at Tue May 13 15:58:51 PDT 2014
@I [HLS-100] Command "config_clock -quiet -name default -period 10 -default=false "
@I [SYN-201] Setting up clock 'default' with a period of 10ns.
@I [HLS-100] Command 'config_clock' returned 0; elapsed 0Total elapsed time: 0.276 sec.
@I [HLS-100] Command "open_platform DefaultPlatform "
@I [HLS-100] Command 'open_platform' returned 0; elapsed 0Total elapsed time: 0.276 sec.
@I [HLS-100] Command "import_lib /home/raghu/tools/xilinx/Vivado_HLS/2013.3/common/technology/xilinx/zynq/zynq "
@I [HLS-100] Command "source /home/raghu/tools/xilinx/Vivado_HLS/2013.3/common/technology/xilinx/common/xilinx.lib "
@I [HLS-100] Command "source /home/raghu/tools/xilinx/Vivado_HLS/2013.3/common/technology/xilinx/interface/xilinx_interface.lib "
@I [HLS-100] Command "source /home/raghu/tools/xilinx/Vivado_HLS/2013.3/common/technology/xilinx/interface/plb46.lib "
@I [HLS-100] Command 'ap_source' returned 0; elapsed 0Total elapsed time: 0.277 sec.
@I [HLS-100] Command "source /home/raghu/tools/xilinx/Vivado_HLS/2013.3/common/technology/xilinx/interface/fsl.lib "
@I [HLS-100] Command 'ap_source' returned 0; elapsed 0Total elapsed time: 0.277 sec.
@I [HLS-100] Command "source /home/raghu/tools/xilinx/Vivado_HLS/2013.3/common/technology/xilinx/interface/axi4.lib "
@I [HLS-100] Command 'ap_source' returned 0; elapsed 0Total elapsed time: 0.278 sec.
@I [HLS-100] Command 'ap_source' returned 0; elapsed 0Total elapsed time: 0.278 sec.
@I [HLS-100] Command "source /home/raghu/tools/xilinx/Vivado_HLS/2013.3/common/technology/xilinx/common/dsp48.lib "
@I [HLS-100] Command 'ap_source' returned 0; elapsed 0Total elapsed time: 0.278 sec.
@I [HLS-100] Command "source /home/raghu/tools/xilinx/Vivado_HLS/2013.3/common/technology/xilinx/ip/xfir.lib "
@I [HLS-100] Command 'ap_source' returned 0; elapsed 0Total elapsed time: 0.278 sec.
@I [HLS-100] Command "source /home/raghu/tools/xilinx/Vivado_HLS/2013.3/common/technology/xilinx/ip/xfft.lib "
@I [HLS-100] Command 'ap_source' returned 0; elapsed 0Total elapsed time: 0.278 sec.
@I [HLS-100] Command 'ap_source' returned 0; elapsed 0Total elapsed time: 0.280 sec.
@I [HLS-100] Command "source /home/raghu/tools/xilinx/Vivado_HLS/2013.3/common/technology/xilinx/common/xilinx_old.lib "
@I [HLS-100] Command 'ap_source' returned 0; elapsed 0Total elapsed time: 0.282 sec.
@I [HLS-100] Command "source /home/raghu/tools/xilinx/Vivado_HLS/2013.3/common/technology/xilinx/common/xilinx_vivado.lib "
@I [HLS-100] Command 'ap_source' returned 0; elapsed 0Total elapsed time: 0.282 sec.
@I [HLS-100] Command "source /home/raghu/tools/xilinx/Vivado_HLS/2013.3/common/technology/xilinx/common/xilinx.hlp "
@I [HLS-100] Command "source /home/raghu/tools/xilinx/Vivado_HLS/2013.3/common/technology/xilinx/common/target_info.tcl "
@I [HLS-100] Command 'ap_source' returned 0; elapsed 0Total elapsed time: 0.284 sec.
@I [HLS-100] Command "source /home/raghu/tools/xilinx/Vivado_HLS/2013.3/common/technology/xilinx/common/dsp48.hlp "
@I [HLS-100] Command 'ap_source' returned 0; elapsed 0Total elapsed time: 0.285 sec.
@I [HLS-100] Command 'ap_source' returned 0; elapsed 0Total elapsed time: 0.285 sec.
@I [HLS-100] Command "source /home/raghu/tools/xilinx/Vivado_HLS/2013.3/common/technology/xilinx/zynq/dsp48e1.hlp "
@I [HLS-100] Command 'ap_source' returned 0; elapsed 0Total elapsed time: 0.285 sec.
@I [HLS-100] Command "get_default_platform "
@I [HLS-100] Command 'get_default_platform' returned 0; elapsed 0Total elapsed time: 0.285 sec.
@I [HLS-100] Command "config_chip_info -quiet -resource  {SLICE 13300}  {LUT 53200}     {FF 106400} {DSP48E 220}   {BRAM 280}  "
@I [HLS-100] Command 'config_chip_info' returned 0; elapsed 0Total elapsed time: 0.285 sec.
@I [HLS-100] Command "config_chip_info -quiet -speed medium "
@I [HLS-100] Command 'config_chip_info' returned 0; elapsed 0Total elapsed time: 0.285 sec.
@I [HLS-100] Command 'import_lib' returned 0; elapsed 0.01Total elapsed time: 0.286 sec.
@I [HLS-100] Command "source /home/raghu/tools/xilinx/Vivado_HLS/2013.3/common/technology/xilinx/zynq/zynq.gen "
@I [HLS-100] Command "source /home/raghu/tools/xilinx/Vivado_HLS/2013.3/common/technology/xilinx/common/virtex.gen "
@I [HLS-100] Command "source /home/raghu/tools/xilinx/Vivado_HLS/2013.3/common/technology/xilinx/common/xilinx.gen "
@I [HLS-100] Command "source /home/raghu/tools/xilinx/Vivado_HLS/2013.3/common/technology/xilinx/interface/plb46.gen "
@I [HLS-100] Command 'ap_source' returned 0; elapsed 0Total elapsed time: 0.288 sec.
@I [HLS-100] Command "source /home/raghu/tools/xilinx/Vivado_HLS/2013.3/common/technology/xilinx/interface/fsl.gen "
@I [HLS-100] Command 'ap_source' returned 0; elapsed 0Total elapsed time: 0.288 sec.
@I [HLS-100] Command "source /home/raghu/tools/xilinx/Vivado_HLS/2013.3/common/technology/xilinx/interface/axi4.gen "
@I [HLS-100] Command 'ap_source' returned 0; elapsed 0Total elapsed time: 0.290 sec.
@I [HLS-100] Command "source /home/raghu/tools/xilinx/Vivado_HLS/2013.3/common/technology/xilinx/scripts/xilinxcoregen.gen "
@I [HLS-100] Command 'ap_source' returned 0; elapsed 0.01Total elapsed time: 0.296 sec.
@I [HLS-100] Command "source /home/raghu/tools/xilinx/Vivado_HLS/2013.3/common/technology/xilinx/interface/XilEDKCoreGen.gen "
@I [HLS-100] Command 'ap_source' returned 0; elapsed 0.01Total elapsed time: 0.304 sec.
@I [HLS-100] Command "source /home/raghu/tools/xilinx/Vivado_HLS/2013.3/common/technology/xilinx/ip/util.gen "
@I [HLS-100] Command 'ap_source' returned 0; elapsed 0Total elapsed time: 0.304 sec.
@I [HLS-100] Command "source /home/raghu/tools/xilinx/Vivado_HLS/2013.3/common/technology/xilinx/ip/xfft.gen "
@I [HLS-100] Command 'ap_source' returned 0; elapsed 0.1Total elapsed time: 0.417 sec.
@I [HLS-100] Command "source /home/raghu/tools/xilinx/Vivado_HLS/2013.3/common/technology/xilinx/ip/xfir.gen "
@I [HLS-100] Command "source /home/raghu/tools/xilinx/Vivado_HLS/2013.3/tps/tcl/tcllib1.11.1/struct/list.tcl "
@I [HLS-100] Command "source /home/raghu/tools/xilinx/Vivado_HLS/2013.3/tps/tcl/tcllib1.11.1/cmdline/cmdline.tcl "
@I [HLS-100] Command 'ap_source' returned 0; elapsed 0Total elapsed time: 0.430 sec.
@I [HLS-100] Command 'ap_source' returned 0; elapsed 0Total elapsed time: 0.431 sec.
@I [HLS-100] Command "source /home/raghu/tools/xilinx/Vivado_HLS/2013.3/tps/tcl/tcllib1.11.1/math/bignum.tcl "
@I [HLS-100] Command 'ap_source' returned 0; elapsed 0Total elapsed time: 0.435 sec.
@I [HLS-100] Command 'ap_source' returned 0; elapsed 0.03Total elapsed time: 0.441 sec.
@I [HLS-100] Command 'ap_source' returned 0; elapsed 0.15Total elapsed time: 0.441 sec.
@I [HLS-100] Command "source /home/raghu/tools/xilinx/Vivado_HLS/2013.3/common/technology/xilinx/common/dsp48.gen "
@I [HLS-100] Command 'ap_source' returned 0; elapsed 0Total elapsed time: 0.442 sec.
@I [HLS-100] Command 'ap_source' returned 0; elapsed 0.15Total elapsed time: 0.442 sec.
@I [HLS-100] Command 'ap_source' returned 0; elapsed 0.15Total elapsed time: 0.442 sec.
@I [HLS-100] Command "open_platform DefaultPlatform "
@I [HLS-100] Command 'open_platform' returned 0; elapsed 0Total elapsed time: 0.442 sec.
@I [HLS-100] Command "import_lib /home/raghu/tools/xilinx/Vivado_HLS/2013.3/common/technology/xilinx/zynq/zynq_fpv6 "
@I [HLS-100] Command "source /home/raghu/tools/xilinx/Vivado_HLS/2013.3/common/technology/xilinx/common/xilinx_fpv7.lib "
@I [HLS-100] Command "source /home/raghu/tools/xilinx/Vivado_HLS/2013.3/common/technology/xilinx/common/xilinx_fpv6.lib "
@I [HLS-100] Command 'ap_source' returned 0; elapsed 0Total elapsed time: 0.444 sec.
@I [HLS-100] Command 'ap_source' returned 0; elapsed 0Total elapsed time: 0.445 sec.
@I [HLS-100] Command 'import_lib' returned 0; elapsed 0.01Total elapsed time: 0.454 sec.
@I [HLS-100] Command "source /home/raghu/tools/xilinx/Vivado_HLS/2013.3/common/technology/xilinx/zynq/zynq_fpv6.gen "
@I [HLS-100] Command "source /home/raghu/tools/xilinx/Vivado_HLS/2013.3/common/technology/xilinx/common/xilinx_fpv6.gen "
@I [HLS-100] Command 'ap_source' returned 0; elapsed 0Total elapsed time: 0.455 sec.
@I [HLS-100] Command 'ap_source' returned 0; elapsed 0Total elapsed time: 0.455 sec.
@I [HLS-100] Command "set_part xc7z045ffg900-1 "
@I [HLS-100] Command "add_library xilinx/zynq/zynq:xc7z045:ffg900:-1 "
@I [HLS-100] Command "get_default_platform "
@I [HLS-100] Command 'get_default_platform' returned 0; elapsed 0Total elapsed time: 0.458 sec.
@I [HLS-100] Command "license_exists VIVADO_HLS "
@I [HLS-100] Command 'license_exists' returned 1; elapsed 0Total elapsed time: 0.458 sec.
@I [HLS-100] Command "license_exists AUTOESL_NI "
@I [HLS-100] Command 'license_exists' returned 1; elapsed 0Total elapsed time: 0.458 sec.
@I [HLS-100] Command "license_exists HLS "
@I [HLS-100] Command 'license_exists' returned 0; elapsed 0Total elapsed time: 0.458 sec.
@I [HLS-100] Command "get_default_platform "
@I [HLS-100] Command 'get_default_platform' returned 0; elapsed 0Total elapsed time: 0.458 sec.
@I [HLS-100] Command "config_chip_info -quiet -resource  {SLICE 54650}  {LUT 218600}    {FF 437200} {DSP48E 900}   {BRAM 1090}  "
@I [HLS-100] Command 'config_chip_info' returned 0; elapsed 0Total elapsed time: 0.458 sec.
@I [HLS-100] Command "config_chip_info -quiet -speed slow "
@I [HLS-100] Command 'config_chip_info' returned 0; elapsed 0Total elapsed time: 0.458 sec.
@I [HLS-100] Command 'add_library' returned 0; elapsed 0.01Total elapsed time: 0.459 sec.
@I [HLS-100] Command "add_library xilinx/zynq/zynq_fpv6 "
@I [HLS-100] Command "get_default_platform "
@I [HLS-100] Command 'get_default_platform' returned 0; elapsed 0Total elapsed time: 0.459 sec.
@I [HLS-100] Command "license_exists VIVADO_HLS "
@I [HLS-100] Command 'license_exists' returned 1; elapsed 0Total elapsed time: 0.459 sec.
@I [HLS-100] Command "license_exists AUTOESL_NI "
@I [HLS-100] Command 'license_exists' returned 1; elapsed 0Total elapsed time: 0.459 sec.
@I [HLS-100] Command "license_exists HLS "
@I [HLS-100] Command 'license_exists' returned 0; elapsed 0Total elapsed time: 0.459 sec.
@I [HLS-100] Command 'add_library' returned 0; elapsed 0Total elapsed time: 0.460 sec.
@I [HLS-10] Setting target device to 'xc7z045ffg900-1'
@I [HLS-100] Command 'set_part' returned 0; elapsed 0.01Total elapsed time: 0.460 sec.
@I [HLS-100] Command "get_default_platform "
@I [HLS-100] Command 'get_default_platform' returned 0; elapsed 0Total elapsed time: 0.460 sec.
@I [HLS-100] Command "config_chip_info -quiet -resource  {SLICE 54650}  {LUT 218600}    {FF 437200} {DSP48E 900}   {BRAM 1090}  "
@I [HLS-100] Command 'config_chip_info' returned 0; elapsed 0Total elapsed time: 0.460 sec.
@I [HLS-100] Command "config_chip_info -quiet -speed slow "
@I [HLS-100] Command 'config_chip_info' returned 0; elapsed 0Total elapsed time: 0.460 sec.
@I [HLS-100] Command 'open_solution' returned 0; elapsed 0.18Total elapsed time: 0.460 sec.
@I [HLS-100] Command "csynth_design "
@I [HLS-100] Command "elaborate -effort=medium -skip_syncheck=0 -lm=0 -skip_transform=0 -ng=0 -g=0 -opt_fp=0 "
@I [HLS-10] Analyzing design file 'bmm_top/bmm_top.cpp' ... 
@0 [HLS-0] Analyzing design file 'bmm_top/bmm_top.cpp' ... 
@I [HLS-0] Compiling one TU...
@I [HLS-0] 
Checking before pre-process: exec clang -gcc-toolchain "/home/raghu/tools/xilinx/Vivado_HLS/2013.3/lnx64/tools/gcc" -hls    -D "__asm__(...)=" -fno-math-errno -c -emit-llvm -O0  -mllvm -disable-llvm-optzns -fno-threadsafe-statics  -fno-use-cxa-atexit  -fno-threadsafe-statics -fno-use-cxa-atexit   -I "/home/raghu/tools/xilinx/Vivado_HLS/2013.3/lnx64/tools/systemc/include" -I "/home/raghu/tools/xilinx/Vivado_HLS/2013.3/include" -I "/home/raghu/tools/xilinx/Vivado_HLS/2013.3/include/ap_sysc" -fexceptions "bmm_top/bmm_top.cpp"  -o "/home/raghu/w/vivadoProjects/bmm/hls/bmm_top/solution1/.autopilot/db/bmm_top.pp.00.o"

@I [HLS-0] Syntax Checker time: 0 seconds per iteration
@I [HLS-0] 
Source preprocessing: exec clang -gcc-toolchain "/home/raghu/tools/xilinx/Vivado_HLS/2013.3/lnx64/tools/gcc" -hls -fno-exceptions  -D__llvm__  -CC -E "bmm_top/bmm_top.cpp"     -D "__asm__(...)=" -fno-math-errno -c -emit-llvm -O0  -mllvm -disable-llvm-optzns -fno-threadsafe-statics  -fno-use-cxa-atexit  -fno-threadsafe-statics -fno-use-cxa-atexit -DAESL_SYN -D__SYNTHESIS__ -D__HLS_SYN__ -I "/home/raghu/tools/xilinx/Vivado_HLS/2013.3/common/technology/autopilot" -I "/home/raghu/tools/xilinx/Vivado_HLS/2013.3/common/technology/autopilot/ap_sysc" -include etc/autopilot_ssdm_op.h -D "__asm__(...)="  -o "/home/raghu/w/vivadoProjects/bmm/hls/bmm_top/solution1/.autopilot/db/bmm_top.pp.0.cpp"

@I [HLS-0] GCC PP time: 0 seconds per iteration
@I [HLS-100] Command "list_core -type functional_unit "
@I [HLS-100] Command 'list_core' returned 0; elapsed 0Total elapsed time: 1.460 sec.
@I [HLS-0] Marker-Pragma convertor: /home/raghu/w/vivadoProjects/bmm/hls/bmm_top/solution1/.autopilot/db/bmm_top.pp.0.cpp /home/raghu/w/vivadoProjects/bmm/hls/bmm_top/solution1/.autopilot/db/bmm_top.pp.0.cpp.ap-line.cpp /home/raghu/w/vivadoProjects/bmm/hls/bmm_top/solution1/.autopilot/db/bmm_top.pp.0.cpp.ap-line.cpp.CXX 1
@I [HLS-0] 
Source processor: exec /home/raghu/tools/xilinx/Vivado_HLS/2013.3/tps/lnx64/jre/bin/java -Xmx512m -classpath   "/home/raghu/tools/xilinx/Vivado_HLS/2013.3/lib/classes/autopilot.sourceprocessor.jar:/home/raghu/tools/xilinx/Vivado_HLS/2013.3/lib/classes/org.eclipse.cdt.core_5.3.0.xilinx_patch.jar:/home/raghu/tools/xilinx/Vivado_HLS/2013.3/lib/classes/org.eclipse.core.runtime_3.7.0.v20110110.jar:/home/raghu/tools/xilinx/Vivado_HLS/2013.3/lib/classes/org.eclipse.equinox.common_3.6.0.v20110523.jar:/home/raghu/tools/xilinx/Vivado_HLS/2013.3/lib/classes/com.ibm.icu_4.4.2.v20110208.jar:/home/raghu/tools/xilinx/Vivado_HLS/2013.3/lib/classes/jargs.jar:/home/raghu/tools/xilinx/Vivado_HLS/2013.3/lnx64/tools/eclipse/plugins/org.eclipse.emf.common_2.7.0.v20120127-1122.jar:/home/raghu/tools/xilinx/Vivado_HLS/2013.3/lnx64/tools/eclipse/plugins/org.eclipse.emf.ecore_2.7.0.v20120127-1122.jar:/home/raghu/tools/xilinx/Vivado_HLS/2013.3/lnx64/tools/eclipse/plugins/org.eclipse.emf.ecore.xmi_2.7.0.v20120127-1122.jar:/home/raghu/tools/xilinx/Vivado_HLS/2013.3/lnx64/tools/eclipse/plugins/com.autoesl.autopilot.ui.directiveFileModel_1.0.0.jar:/home/raghu/tools/xilinx/Vivado_HLS/2013.3/lnx64/tools/eclipse/plugins/com.autoesl.autopilot.ui.common_1.0.0.jar"  autopilot.sourceprocessor.CParser  "/home/raghu/w/vivadoProjects/bmm/hls/bmm_top/solution1/.autopilot/db/bmm_top.pp.0.cpp.ap-line.cpp"  -m "bmm_top" -o "/home/raghu/w/vivadoProjects/bmm/hls/bmm_top/solution1/.autopilot/db/bmm_top.pp.0.cpp.ap-cdt.cpp" --ad --pc --pp --directive /home/raghu/w/vivadoProjects/bmm/hls/bmm_top/solution1/solution1.directive --source /home/raghu/w/vivadoProjects/bmm/hls/bmm_top/bmm_top.cpp --error /home/raghu/w/vivadoProjects/bmm/hls/bmm_top/solution1/.autopilot/db --funcunit "AddSub AddSubnS Mul MulnS Mul2S Mul3S Mul4S Mul5S Mul6S DivnS AddSub_DSP FDiv FSqrt DDiv DSqrt DRecip DRSqrt FAddSub_nodsp FAddSub_fulldsp FMul_nodsp FMul_meddsp FMul_fulldsp FMul_maxdsp FRSqrt_nodsp FRSqrt_fulldsp FRecip_nodsp FRecip_fulldsp FLog_nodsp FLog_meddsp FLog_fulldsp FExp_nodsp FExp_meddsp FExp_fulldsp DAddSub_nodsp DAddSub_fulldsp DMul_nodsp DMul_meddsp DMul_fulldsp DMul_maxdsp DLog_nodsp DLog_meddsp DLog_fulldsp DExp_nodsp DExp_meddsp DExp_fulldsp" --ce --tcl /home/raghu/w/vivadoProjects/bmm/hls/bmm_top/solution1/.autopilot/db --ve --vetcl /home/raghu/w/vivadoProjects/bmm/hls/bmm_top/solution1/.autopilot/db --lp --ca --es --gf --nk --df --pd --p2d /home/raghu/w/vivadoProjects/bmm/hls/bmm_top/solution1/.autopilot/db --sd --scff /home/raghu/w/vivadoProjects/bmm/hls/bmm_top/solution1/.autopilot/db/.systemc_flag

@I [HLS-0] Error:Syntax error in source:for (__decltype(__n + 0) __niter = __n;
Error:Missing ; in source:t
Error:Syntax error in source:)
 *__first = __value;
Error:Syntax error in source:for (__decltype(__n + 0) __niter = __n;
Error:Missing ; in source:t
Error:Syntax error in source:)
 *__first = __tmp;
@I [HLS-0] Marker-Pragma convertor: /home/raghu/w/vivadoProjects/bmm/hls/bmm_top/solution1/.autopilot/db/bmm_top.pp.0.cpp.ap-cdt.cpp /home/raghu/w/vivadoProjects/bmm/hls/bmm_top/solution1/.autopilot/db/bmm_top.pragma.0.cpp /home/raghu/w/vivadoProjects/bmm/hls/bmm_top/solution1/.autopilot/db/bmm_top.pragma.0.cpp.ap-line.CXX 0
@I [HLS-100] Command "source /home/raghu/w/vivadoProjects/bmm/hls/bmm_top/solution1/.autopilot/db/pragma.status.tcl "
@I [HLS-100] Command 'ap_source' returned 0; elapsed 0Total elapsed time: 15.610 sec.
@I [HLS-0] CDT processor time: 14 seconds per iteration
@I [HLS-0] Pragma handling time: 0 seconds per iteration
@I [HLS-0] 
Source preprocessing: exec clang -gcc-toolchain "/home/raghu/tools/xilinx/Vivado_HLS/2013.3/lnx64/tools/gcc" -hls -fno-exceptions  -D__llvm__  -CC -E "/home/raghu/w/vivadoProjects/bmm/hls/bmm_top/solution1/.autopilot/db/bmm_top.pragma.1.cpp"     -D "__asm__(...)=" -fno-math-errno -c -emit-llvm -O0  -mllvm -disable-llvm-optzns -fno-threadsafe-statics  -fno-use-cxa-atexit  -fno-threadsafe-statics -fno-use-cxa-atexit -DAESL_SYN -D__SYNTHESIS__ -D__HLS_SYN__ -I "/home/raghu/tools/xilinx/Vivado_HLS/2013.3/common/technology/autopilot" -I "/home/raghu/tools/xilinx/Vivado_HLS/2013.3/common/technology/autopilot/ap_sysc" -include etc/autopilot_ssdm_op.h -D "__asm__(...)="  -o "/home/raghu/w/vivadoProjects/bmm/hls/bmm_top/solution1/.autopilot/db/bmm_top.pragma.2.cpp"

@I [HLS-0] exec clang -gcc-toolchain /home/raghu/tools/xilinx/Vivado_HLS/2013.3/lnx64/tools/gcc -hls -fno-exceptions  -D__llvm__  -w  "/home/raghu/w/vivadoProjects/bmm/hls/bmm_top/solution1/.autopilot/db/bmm_top.pragma.2.cpp"    -D "__asm__(...)=" -fno-math-errno -c -emit-llvm -O0  -mllvm -disable-llvm-optzns -fno-threadsafe-statics  -fno-use-cxa-atexit -DAESL_SYN -D__SYNTHESIS__ -D__HLS_SYN__ -I "/home/raghu/tools/xilinx/Vivado_HLS/2013.3/common/technology/autopilot" -I "/home/raghu/tools/xilinx/Vivado_HLS/2013.3/common/technology/autopilot/ap_sysc" -include etc/autopilot_ssdm_op.h -g -o "/home/raghu/w/vivadoProjects/bmm/hls/bmm_top/solution1/.autopilot/db/bmm_top.g.bc"
@I [HLS-100] Command "source /home/raghu/w/vivadoProjects/bmm/hls/bmm_top/solution1/.autopilot/db/ve_warning.tcl "
@I [HLS-100] Command 'ap_source' returned 0; elapsed 0Total elapsed time: 16.896 sec.
@I [HLS-10] Validating synthesis directives ...
@0 [HLS-0] Validating synthesis directives ...
@I [HLS-100] Command "source /home/raghu/w/vivadoProjects/bmm/hls/bmm_top/solution1/.autopilot/db/pragma.status.tcl "
@I [HLS-100] Command 'ap_source' returned 0; elapsed 0Total elapsed time: 16.897 sec.
@I [HLS-0] Linking all ...
@I [HLS-0] exec llvm-ld  "/home/raghu/w/vivadoProjects/bmm/hls/bmm_top/solution1/.autopilot/db/bmm_top.bc"  -disable-opt  -L/home/raghu/tools/xilinx/Vivado_HLS/2013.3/lnx64/lib -lm_basic -o "/home/raghu/w/vivadoProjects/bmm/hls/bmm_top/solution1/.autopilot/db/a.o.pre"
@I [HLS-0] Link time: 0 seconds per iteration
@I [HLS-0] Linking all ...
@I [HLS-0] exec llvm-ld  "/home/raghu/w/vivadoProjects/bmm/hls/bmm_top/solution1/.autopilot/db/bmm_top.g.bc"  -disable-opt  -L/home/raghu/tools/xilinx/Vivado_HLS/2013.3/lnx64/lib -lm_basic -o "/home/raghu/w/vivadoProjects/bmm/hls/bmm_top/solution1/.autopilot/db/a.g.pre"
@I [HLS-0] Link time: 0 seconds per iteration
@I [HLS-100] Command "opt_and_import_c a -opt_level=2 -skip_syncheck=0 -ng=0 "
@I [HLS-100] Command "cleanup_all_models "
@I [HLS-100] Command 'cleanup_all_models' returned 0; elapsed 0Total elapsed time: 16.983 sec.
@I [HLS-10] Checking synthesizability ...
@0 [HLS-0] Checking synthesizability ...
@I [HLS-0] std xform: transform -hls -share-std-xform -always-inline -promote-dbg-pointer  -interface-preproc  -scalarrepl -mem2reg -keep-read-access -instcombine -dce  -promote-dbg-pointer  -bitop-raise  -basicaa  -simplifycfg -mem2reg -globalopt  -global-constprop -deadargelim -instcombine -simplifycfg  -prune-eh -simplifycfg  -scalarrepl -instcombine -reassociate -licm  -simplifycfg -loop-simplify -indvars -instcombine  -simplifycfg -mem2reg -loop-simplify -indvars -instcombine  -gvn -gvn -instcombine -dse -adce  -break-crit-edges  -simplifycfg -loop-delete  -global-array-opt  -find-syn-modules -top bmm_top  -deadargelim  -mem2reg -instcombine -dce  -presyn-prepare -auto-rom-infer  -syn-check -check-rec-only  -find-region -simplifycfg -func-extr -function-inline  -mem2reg -instcombine -dce   -gvn -adce -adse  -constprop -instcombine -bit-constprop  -instcombine -dce -simplifycfg -bitop-raise  -simplifycfg -dce -loop-delete  -globalopt -global-privatize -mem2reg -dce  -global-constprop -pointer-simplify -constprop -dce  -promote-dbg-pointer  -norm-name   /home/raghu/w/vivadoProjects/bmm/hls/bmm_top/solution1/.autopilot/db/a.g.bc -o /home/raghu/w/vivadoProjects/bmm/hls/bmm_top/solution1/.autopilot/db/a.g.1.bc -f  -phase std-opt
@I [HLS-0] Std xform time: 0 seconds per iteration
@I [HLS-0] syn check 1/2: transform -hls -syn-check -check-rec-only -disaggr -scalarrepl -norm-name -dce  -mem2reg -instcombine  -directive-preproc -mem2reg -dse -dce -auto-rom-infer -dce  -array-normalize -instcombine -dce  -array-seg-normalize -instcombine -dce  -array-flatten -instcombine -dce  -array-burst -dce  -deadargelim -promote-global-argument  -doublePtrSimplify -doublePtrElim -dce  -doublePtrSimplify -promote-dbg-pointer  -dce -scalarrepl -dse -adse -instcombine  -ptrLegalization  -simplifycfg -dce -instcombine  -pointer-simplify -ptrArgReplace -dce -instcombine   -disaggr -scalarrepl -norm-name -dce  -mem2reg -instcombine -ptrLegalization   -simplifycfg  -instcombine -dce -inst-simplify  -directive-preproc -mem2reg -dse -dce  -globaldce    /home/raghu/w/vivadoProjects/bmm/hls/bmm_top/solution1/.autopilot/db/a.g.1.bc -o /home/raghu/w/vivadoProjects/bmm/hls/bmm_top/solution1/.autopilot/db/a.g.2.prechk.bc -f
@I [HLS-0] Syn check 1/2 time: 0 seconds per iteration
@I [HLS-0] syn check 2/2: transform -syn-check   -interface-gen -constprop -dse -dce  /home/raghu/w/vivadoProjects/bmm/hls/bmm_top/solution1/.autopilot/db/a.g.2.prechk.bc -o /home/raghu/w/vivadoProjects/bmm/hls/bmm_top/solution1/.autopilot/db/a.g.2.bc -f  -phase syn-check
@W [SYNCHK-23] bmm_top/bmm_top.cpp:50: variable-indexed range selection may cause suboptimal QoR.
@I [SYNCHK-10] 0 error(s), 1 warning(s).
@I [HLS-0] Syn check 2/2 time: 0 seconds per iteration
@I [HLS-10] Starting code transformations ...
@0 [HLS-0] Starting code transformations ...
@I [HLS-0] Compiler optimizing ...
@I [HLS-0] Share syncheck's 1.bc for syn flow: copy /home/raghu/w/vivadoProjects/bmm/hls/bmm_top/solution1/.autopilot/db/a.g.1.bc to /home/raghu/w/vivadoProjects/bmm/hls/bmm_top/solution1/.autopilot/db/a.o.1.bc
@I [HLS-0] presyn 1: transform -hls  -directive-preproc -mem2reg -dse -dce  -disaggr -scalarrepl -norm-name -deadargelim  -mem2reg -instcombine -dce -auto-rom-infer -dce  -directive-preproc -mem2reg -dse -dce  -func-buffer -dce -array-normalize  -func-legal -instcombine -gvn -constprop -dce   -ptrArgReplace -mem2reg -instcombine -dce  -array-seg-normalize -global-constprop -deadargelim  -instcombine -dce  -pointer-simplify -dce  -data-pack -instcombine -dce   -loop-simplify -indvars -instcombine  -gvn -loop-simplify -mem2reg -dce -simplifycfg  -find-region -instcombine  -array-burst -dce  -inst-simplify  -interface-preproc  -indvars -auto-loop-unroll -loop-simplify -xunroll  -constprop -instcombine -simplifycfg -indvars  -simplifycfg -dce -globaldce  -gvn -disable-agg-range -inst-simplify  -constprop -simplifycfg -dce  -pointer-simplify -dce  -array-transform-check  -globalopt -constprop -dce  -array-promote -constprop -instcombine -dce -auto-par -array-partition -instcombine -dce  -global-constprop -deadargelim -ptrArgReplace -mem2reg  -func-legal -instcombine -dce  -array-reshape -instcombine -simplifycfg -dce   -mem-intrinsic-preproc -dce  -global-privatize  -mem2reg -globaldce  -promote-global-argument  -ptrArgReplace -mem2reg -instcombine -dce  -globalopt -mergereturn -simplify-global-access -mem2reg -dce  -pointer-simplify -dce  -functionattrs  -basicaa -aggr-aa -aggrmodref-aa -aggr-aa -gvn -gvn  -basicaa -aggr-aa -aggrmodref-aa -aggr-aa -dse -adse -adce  -inst-simplify -dce -norm-name  -function-inline  -func-inst -constprop -instcombine -simplifycfg -dce  -func-legal -dce   -directive-preproc -mem2reg -dse -dce  -loop-bound  -arraycheck -bitwidthmin -on-by-dataflow  -instcombine -simplifycfg -dce -loop-simplify -simplifycfg -loop-stream -instcombine -simplifycfg -dce -globaldce  -funstream-prep -function-stream -dce -globaldce  -array-streaming -instcombine -simplifycfg -dce      -group-axi-access  -simplifycfg -dce -loop-delete  -norm-name  /home/raghu/w/vivadoProjects/bmm/hls/bmm_top/solution1/.autopilot/db/a.o.1.bc -o /home/raghu/w/vivadoProjects/bmm/hls/bmm_top/solution1/.autopilot/db/a.o.1.tmp.bc -f
@I [XFORM-501] Unrolling loop 'Loop-1.2.2' (bmm_top/bmm_top.cpp:114) in function 'bmm_top' partially (and skipping exit check) with a factor of 2.
@W [XFORM-104] Completely partitioning array 'arow' (bmm_top/bmm_top.cpp:30) accessed through non-constant indices on dimension 1 (bmm_top/bmm_top.cpp:117:2), which may result in long runtime and suboptimal QoR due to large multiplexers. Please consider wrapping the array access into a function or using a register file core instead.
@I [XFORM-101] Partitioning array 'arow' (bmm_top/bmm_top.cpp:30) in dimension 1 completely.
@W [XFORM-104] Completely partitioning array 'brow' (bmm_top/bmm_top.cpp:30) accessed through non-constant indices on dimension 1 (bmm_top/bmm_top.cpp:117:2), which may result in long runtime and suboptimal QoR due to large multiplexers. Please consider wrapping the array access into a function or using a register file core instead.
@I [XFORM-101] Partitioning array 'brow' (bmm_top/bmm_top.cpp:30) in dimension 1 completely.
@W [XFORM-104] Completely partitioning array 'crow' (bmm_top/bmm_top.cpp:30) accessed through non-constant indices on dimension 1 (bmm_top/bmm_top.cpp:117:2), which may result in long runtime and suboptimal QoR due to large multiplexers. Please consider wrapping the array access into a function or using a register file core instead.
@I [XFORM-101] Partitioning array 'crow' (bmm_top/bmm_top.cpp:30) in dimension 1 completely.
@I [HLS-0] Presyn 1 time: 0 seconds per iteration
@I [HLS-0] presyn 2: transform -hls -keep-callgraph -scalarrepl -mem2reg  -indvars -loop-bound  -instcombine -dce  -merge-array-access -mem2reg -dce  -clean-region -mergereturn -if-conv  -instcombine -dce -constprop  -basicaa -aggr-aa -aggrmodref-aa -aggr-aa -gvn -gvn  -basicaa -aggr-aa -aggrmodref-aa -aggr-aa -dse -adse -adce  -scalarrepl -mem2reg  -global-constprop -deadargelim -deadargelim  -instcombine -dce -simplifycfg    -ptrArgReplace -mem2reg -function-inline  -mem2reg -instcombine -dce -expr-balance  -instcombine -dce  -bitwidthmin  -directive-preproc  -inst-rectify -instcombine -dce  -functionattrs  -constprop -instcombine -bit-constprop  -globalopt -globaldce  -inst-simplify -instcombine -elimdeaddata -dce  -loop-delete -simplifycfg   -norm-name /home/raghu/w/vivadoProjects/bmm/hls/bmm_top/solution1/.autopilot/db/a.o.1.tmp.bc -o /home/raghu/w/vivadoProjects/bmm/hls/bmm_top/solution1/.autopilot/db/a.o.2.bc -f  -phase presyn
@I [HLS-0] Presyn 2 time: 1 seconds per iteration
@I [HLS-0] build ssdm: transform -hls -function-uniquify -auto-function-inline  -loop-simplify -indvars -licm -loop-dep  -loop-bound -licm -loop-simplify -flattenloopnest  -array-flatten -gvn -instcombine -dce  -promote-global-argument  -array-map -dce -func-legal  -gvn -adce -instcombine -cfgopt -simplifycfg -loop-simplify   -basicaa -aggrmodref-aa -globalsmodref-aa -aggr-aa -gvn -gvn  -basicaa -aggrmodref-aa -globalsmodref-aa -aggr-aa -dse -adse -adce  -inst-simplify -dce  -array-streaming -instcombine  -dce   -deadargelim -doublePtrSimplify -doublePtrElim  -dce -doublePtrSimplify -promote-dbg-pointer -dce  -scalarrepl -mem2reg -disaggr -norm-name -mem2reg  -instcombine  -dse -adse -adce -ptrLegalization -dce -instcombine  -loop-rot -constprop -cfgopt -simplifycfg -indvars -pointer-simplify -dce -loop-bound  -loop-simplify -loop-preproc  -constprop -gvn -mem2reg -instcombine -dce  -loop-merge -dce  -bitwidthmin  -directive-preproc -inst-simplify -dce  -interface-gen -gvn -mem2reg -instcombine -dce -adse  -loop-bound  -instcombine -cfgopt -simplifycfg -loop-simplify  -clean-region -io-protocol  -find-region -mem2reg  -loop-simplify -phi-opt -bitop-raise  -inst-simplify -inst-rectify -instcombine -adce  -cfgopt -simplifycfg -strip-dead-prototypes  -interface-lower -bitop-lower -intrinsic-lower  -basicaa -aggrmodref-aa -globalsmodref-aa -aggr-aa  -inst-simplify -simplifycfg   -mergereturn -inst-simplify -inst-rectify -dce -bitop-lower  -loop-rewind -cfgopt  -norm-name -legalize -read-loop-dep -dce -bitwidth   -cdfg-build  /home/raghu/w/vivadoProjects/bmm/hls/bmm_top/solution1/.autopilot/db/a.o.2.bc -o /home/raghu/w/vivadoProjects/bmm/hls/bmm_top/solution1/.autopilot/db/a.o.3.bc -f  -phase build-ssdm
@I [HLS-0] Build ssdm time: 4 seconds per iteration
@I [HLS-0] Finish building internal data model.
@I [HLS-100] Command 'opt_and_import_c' returned 0; elapsed 7.36Total elapsed time: 24.576 sec.
@I [HLS-111] Elapsed time: 9.1 seconds; current memory usage: 111 MB.
@I [HLS-100] Command 'elaborate' returned 0; elapsed 8.69Total elapsed time: 24.578 sec.
@I [HLS-100] Command "autosyn "
@I [HLS-10] Starting hardware synthesis ...
@0 [HLS-0] Starting hardware synthesis ...
@I [HLS-0] Synthesizing C/C++ design ...
@I [HLS-10] Synthesizing 'bmm_top' ...
@0 [HLS-0] Synthesizing 'bmm_top' ...
@I [HLS-100] Command "ap_set_top_model bmm_top "
@I [HLS-100] Command 'ap_set_top_model' returned 0; elapsed 0Total elapsed time: 24.579 sec.
@I [HLS-100] Command "get_model_list bmm_top -filter all-wo-channel -topdown "
@I [HLS-100] Command 'get_model_list' returned 0; elapsed 0Total elapsed time: 24.579 sec.
@I [HLS-100] Command "preproc_iomode -model bmm_top "
@I [HLS-100] Command 'preproc_iomode' returned 0; elapsed 0Total elapsed time: 24.580 sec.
@I [HLS-100] Command "get_model_list bmm_top -filter all-wo-channel "
@I [HLS-100] Command 'get_model_list' returned 0; elapsed 0Total elapsed time: 24.580 sec.
@I [HLS-0] Model list for configure: bmm_top
@I [HLS-0] Configuring Module : bmm_top ...
@I [HLS-100] Command "set_default_model bmm_top "
@I [HLS-100] Command 'set_default_model' returned 0; elapsed 0Total elapsed time: 24.580 sec.
@I [HLS-100] Command "apply_spec_resource_limit bmm_top "
@I [HLS-100] Command 'apply_spec_resource_limit' returned 0; elapsed 0Total elapsed time: 24.580 sec.
@I [HLS-0] Model list for preprocess: bmm_top
@I [HLS-0] Preprocessing Module: bmm_top ...
@I [HLS-100] Command "set_default_model bmm_top "
@I [HLS-100] Command 'set_default_model' returned 0; elapsed 0Total elapsed time: 24.581 sec.
@I [HLS-100] Command "cdfg_preprocess -model bmm_top "
@I [HLS-100] Command 'cdfg_preprocess' returned 0; elapsed 0.17Total elapsed time: 24.746 sec.
@I [HLS-100] Command "rtl_gen_preprocess bmm_top "
@I [HLS-100] Command 'rtl_gen_preprocess' returned 0; elapsed 0Total elapsed time: 24.747 sec.
@I [HLS-0] Model list for synthesis: bmm_top
@I [HLS-10] ----------------------------------------------------------------
@0 [HLS-0] ----------------------------------------------------------------
@I [HLS-10] -- Scheduling module 'bmm_top' 
@0 [HLS-0] -- Scheduling module 'bmm_top' 
@I [HLS-10] ----------------------------------------------------------------
@0 [HLS-0] ----------------------------------------------------------------
@I [HLS-100] Command "set_default_model bmm_top "
@I [HLS-100] Command 'set_default_model' returned 0; elapsed 0Total elapsed time: 24.747 sec.
@I [HLS-100] Command "schedule -model bmm_top "
@I [SCHED-11] Starting scheduling ...
@I [SCHED-61] Pipelining loop 'Loop 1.2.2'.
@I [SCHED-61] Pipelining result: Target II: 1, Final II: 1, Depth: 9.
@W [SCHED-21] Estimated clock period (14.9ns) exceeds the target (target clock period: 10ns, clock uncertainty: 1.25ns, effective delay budget: 8.75ns).
@W [SCHED-21] The critical path consists of the following:
	multiplexor before 'phi' operation ('crow_load_0_phi', bmm_top/bmm_top.cpp:117) (4.02 ns)
	'add' operation ('crow[0]', bmm_top/bmm_top.cpp:117) (2.44 ns)
	multiplexor before 'phi' operation ('crow[0]') (2 ns)
	multiplexor before 'phi' operation ('crow_load_1_phi', bmm_top/bmm_top.cpp:117) (4.02 ns)
	'add' operation ('crow[0]', bmm_top/bmm_top.cpp:117) (2.44 ns)
@I [SCHED-11] Finished scheduling.
@I [HLS-100] Command 'schedule' returned 0; elapsed 202.28Total elapsed time: 227.524 sec.
@I [HLS-111] Elapsed time: 202.45 seconds; current memory usage: 133 MB.
@I [HLS-100] Command "report -o /home/raghu/w/vivadoProjects/bmm/hls/bmm_top/solution1/.autopilot/db/bmm_top.verbose.sched.rpt -verbose -f "
@I [HLS-100] Command 'report' returned 0; elapsed 0.49Total elapsed time: 228.6 sec.
@I [HLS-100] Command "db_write -o /home/raghu/w/vivadoProjects/bmm/hls/bmm_top/solution1/.autopilot/db/bmm_top.sched.adb -f "
@I [HLS-100] Command 'db_write' returned 0; elapsed 0.45Total elapsed time: 228.459 sec.
@I [HLS-0] Finish scheduling bmm_top.
@I [HLS-10] ----------------------------------------------------------------
@0 [HLS-0] ----------------------------------------------------------------
@I [HLS-10] -- Exploring micro-architecture for module 'bmm_top' 
@0 [HLS-0] -- Exploring micro-architecture for module 'bmm_top' 
@I [HLS-10] ----------------------------------------------------------------
@0 [HLS-0] ----------------------------------------------------------------
@I [HLS-100] Command "set_default_model bmm_top "
@I [HLS-100] Command 'set_default_model' returned 0; elapsed 0Total elapsed time: 228.461 sec.
@I [HLS-100] Command "bind -model bmm_top "
@I [BIND-110] clear=
@I [BIND-110] debug=
@I [BIND-110] drf=
@I [BIND-110] effort=
@I [BIND-110] fast_refine=
@I [BIND-110] fu_weight=[ 0.0 -- 1.0 ]
@I [BIND-110] global_opt=
@I [BIND-110] gsearch=
@I [BIND-110] help=
@I [BIND-110] help-hidden=
@I [BIND-110] min_mem_port=
@I [BIND-110] min_op=
@I [BIND-110] minreg=
@I [BIND-110] ml=
@I [BIND-110] model=bmm_top
@I [BIND-110] no_false_path=
@I [BIND-110] no_min_op=
@I [BIND-110] normalize=
@I [BIND-110] quiet=
@I [BIND-110] refine=
@I [BIND-110] reg_weight=[ 0.0 -- 1.0 ]
@I [BIND-110] search=
@I [BIND-110] tight_delay=
@I [BIND-110] verbose=
@I [BIND-110] wFF=
@I [BIND-110] wFU=
@I [BIND-110] wMUX=
@I [BIND-110] wNET=
@I [BIND-100] Starting micro-architecture generation ...
@I [BIND-101] Performing variable lifetime analysis.
@I [BIND-101] Exploring resource sharing.
@I [BIND-101] Binding ...
@I [BIND-100] Finished micro-architecture generation.
@I [HLS-100] Command 'bind' returned 0; elapsed 0.38Total elapsed time: 228.850 sec.
@I [HLS-111] Elapsed time: 1.32 seconds; current memory usage: 159 MB.
@I [HLS-100] Command "report -o /home/raghu/w/vivadoProjects/bmm/hls/bmm_top/solution1/.autopilot/db/bmm_top.verbose.bind.rpt -verbose -f "
@I [HLS-100] Command 'report' returned 0; elapsed 0.56Total elapsed time: 229.406 sec.
@I [HLS-100] Command "db_write -o /home/raghu/w/vivadoProjects/bmm/hls/bmm_top/solution1/.autopilot/db/bmm_top.bind.adb -f "
@I [HLS-100] Command 'db_write' returned 0; elapsed 0.51Total elapsed time: 229.915 sec.
@I [HLS-0] Finish binding bmm_top.
@I [HLS-100] Command "get_model_list bmm_top -filter all-wo-channel "
@I [HLS-100] Command 'get_model_list' returned 0; elapsed 0Total elapsed time: 229.915 sec.
@I [HLS-0] Preprocessing for RTLGen ...
@I [HLS-100] Command "rtl_gen_preprocess bmm_top "
@I [HLS-100] Command 'rtl_gen_preprocess' returned 0; elapsed 0Total elapsed time: 229.917 sec.
@I [HLS-0] Model list for RTL generation: bmm_top
@I [HLS-10] ----------------------------------------------------------------
@0 [HLS-0] ----------------------------------------------------------------
@I [HLS-10] -- Generating RTL for module 'bmm_top' 
@0 [HLS-0] -- Generating RTL for module 'bmm_top' 
@I [HLS-10] ----------------------------------------------------------------
@0 [HLS-0] ----------------------------------------------------------------
@I [HLS-100] Command "create_rtl_model bmm_top -vendor xilinx -mg_file /home/raghu/w/vivadoProjects/bmm/hls/bmm_top/solution1/.autopilot/db/bmm_top.compgen.tcl "
@I [RTGEN-500] Setting interface mode on port 'bmm_top/b1' to 'ap_bus'.
@I [RTGEN-500] Setting interface mode on port 'bmm_top/b2' to 'ap_bus'.
@I [RTGEN-500] Setting interface mode on port 'bmm_top/b3' to 'ap_bus'.
@I [RTGEN-500] Setting interface mode on port 'bmm_top/blockSize' to 'ap_hs'.
@I [RTGEN-500] Setting interface mode on function 'bmm_top' to 'ap_ctrl_hs'.
@W [RTGEN-101] Setting dangling out port 'bmm_top/b1_dataout' to 0.
@W [RTGEN-101] Setting dangling out port 'bmm_top/b2_dataout' to 0.
@I [RTGEN-100] Generating core module 'bmm_top_mul_32s_30s_32_6': 2 instance(s).
@I [RTGEN-100] Generating core module 'bmm_top_mul_32s_32s_32_6': 2 instance(s).
@I [RTGEN-100] Finished creating RTL model for 'bmm_top'.
@I [HLS-100] Command 'create_rtl_model' returned 0; elapsed 5.02Total elapsed time: 234.947 sec.
@I [HLS-111] Elapsed time: 6.09 seconds; current memory usage: 180 MB.
@I [HLS-100] Command "source /home/raghu/w/vivadoProjects/bmm/hls/bmm_top/solution1/.autopilot/db/bmm_top.rtl_wrap.cfg.tcl "
@I [HLS-100] Command 'ap_source' returned 0; elapsed 0Total elapsed time: 234.948 sec.
@I [HLS-100] Command "gen_rtl bmm_top -istop -style xilinx -tracefl mytrace -tracefmt vcd -traceopt all -f -lang sc -o /home/raghu/w/vivadoProjects/bmm/hls/bmm_top/solution1/syn/systemc/bmm_top -synmodules bmm_top "
@I [HLS-100] Command 'gen_rtl' returned 0; elapsed 0.05Total elapsed time: 234.999 sec.
@I [HLS-100] Command "gen_rtl bmm_top -istop -style xilinx -f -lang vhdl -o /home/raghu/w/vivadoProjects/bmm/hls/bmm_top/solution1/syn/vhdl/bmm_top "
@I [HLS-100] Command 'gen_rtl' returned 0; elapsed 0.06Total elapsed time: 235.60 sec.
@I [HLS-100] Command "gen_rtl bmm_top -istop -style xilinx -f -lang vlog -o /home/raghu/w/vivadoProjects/bmm/hls/bmm_top/solution1/syn/verilog/bmm_top "
@I [HLS-100] Command 'gen_rtl' returned 0; elapsed 0.07Total elapsed time: 235.132 sec.
@I [HLS-100] Command "export_constraint_db -o /home/raghu/w/vivadoProjects/bmm/hls/bmm_top/solution1/.autopilot/db/bmm_top.constraint.tcl -f -tool general "
@I [HLS-100] Command 'export_constraint_db' returned 0; elapsed 0Total elapsed time: 235.133 sec.
@I [HLS-100] Command "report -model bmm_top -o /home/raghu/w/vivadoProjects/bmm/hls/bmm_top/solution1/.autopilot/db/bmm_top.design.xml -verbose -f -dv "
@I [HLS-100] Command 'report' returned 0; elapsed 0.07Total elapsed time: 235.211 sec.
@I [HLS-100] Command "gen_tb_info bmm_top -o /home/raghu/w/vivadoProjects/bmm/hls/bmm_top/solution1/.autopilot/db/bmm_top -p /home/raghu/w/vivadoProjects/bmm/hls/bmm_top/solution1/.autopilot/db "
@I [HLS-100] Command 'gen_tb_info' returned 0; elapsed 0.01Total elapsed time: 235.211 sec.
@I [HLS-100] Command "report -model bmm_top -o /home/raghu/w/vivadoProjects/bmm/hls/bmm_top/solution1/syn/report/bmm_top_csynth.rpt -f "
@I [HLS-100] Command 'report' returned 0; elapsed 0.05Total elapsed time: 235.269 sec.
@I [HLS-100] Command "report -model bmm_top -o /home/raghu/w/vivadoProjects/bmm/hls/bmm_top/solution1/syn/report/bmm_top_csynth.xml -f -x "
@I [HLS-100] Command 'report' returned 0; elapsed 0.04Total elapsed time: 235.310 sec.
@I [HLS-100] Command "report -model bmm_top -o /home/raghu/w/vivadoProjects/bmm/hls/bmm_top/solution1/.autopilot/db/bmm_top.verbose.rpt -verbose -f "
@I [HLS-100] Command 'report' returned 0; elapsed 0.63Total elapsed time: 235.935 sec.
@I [HLS-100] Command "db_write -model bmm_top -o /home/raghu/w/vivadoProjects/bmm/hls/bmm_top/solution1/.autopilot/db/bmm_top.adb -f "
@I [HLS-100] Command 'db_write' returned 0; elapsed 0.57Total elapsed time: 236.547 sec.
@I [HLS-100] Command "sc_get_clocks bmm_top "
@I [HLS-100] Command 'sc_get_clocks' returned 0; elapsed 0Total elapsed time: 237.232 sec.
@I [HLS-100] Command "sc_get_portdomain bmm_top "
@I [HLS-100] Command 'sc_get_portdomain' returned 0; elapsed 0Total elapsed time: 237.232 sec.
@I [HLS-0] Model list for RTL component generation: bmm_top
@I [HLS-0] Handling components in module [bmm_top] ... 
@I [HLS-100] Command "source /home/raghu/w/vivadoProjects/bmm/hls/bmm_top/solution1/.autopilot/db/bmm_top.compgen.tcl "
@I [HLS-0] Found component bmm_top_mul_32s_30s_32_6.
@I [HLS-0] Append model bmm_top_mul_32s_30s_32_6
@I [HLS-0] Found component bmm_top_mul_32s_32s_32_6.
@I [HLS-0] Append model bmm_top_mul_32s_32s_32_6
@I [HLS-100] Command 'ap_source' returned 0; elapsed 0Total elapsed time: 237.233 sec.
@I [HLS-0] Append model bmm_top
@I [HLS-0] Generating RTL model list ...
@I [HLS-0] All models in this session: bmm_top_mul_32s_30s_32_6 bmm_top_mul_32s_32s_32_6 bmm_top
@I [HLS-0] To file: write model bmm_top_mul_32s_30s_32_6
@I [HLS-0] To file: write model bmm_top_mul_32s_32s_32_6
@I [HLS-0] To file: write model bmm_top
@I [HLS-0] Finished generating RTL model list.


@I [HLS-0] RTL Generation done.
@I [HLS-0] CAS Generation done.
@I [HLS-0] CBC Generation done.
@I [HLS-100] Command "export_ssdm /home/raghu/w/vivadoProjects/bmm/hls/bmm_top/solution1/.autopilot/db/a.export.ll "
@I [HLS-100] Command 'export_ssdm' returned 0; elapsed 0.01Total elapsed time: 237.239 sec.
@I [HLS-100] Command "source /home/raghu/w/vivadoProjects/bmm/hls/bmm_top/solution1/.autopilot/db/global.setting.tcl "
@I [HLS-100] Command 'ap_source' returned 0; elapsed 0Total elapsed time: 237.241 sec.
@I [HLS-100] Command "source /home/raghu/tools/xilinx/Vivado_HLS/2013.3/common/technology/generic/autopilot/common.gen "
@I [HLS-100] Command "source /home/raghu/tools/xilinx/Vivado_HLS/2013.3/common/technology/generic/autopilot/APCoreGen.gen "
@I [HLS-100] Command 'ap_source' returned 0; elapsed 0Total elapsed time: 237.242 sec.
@I [HLS-100] Command 'ap_source' returned 0; elapsed 0Total elapsed time: 237.242 sec.
@I [HLS-100] Command "source /home/raghu/tools/xilinx/Vivado_HLS/2013.3/common/technology/generic/autopilot/op.gen "
@I [HLS-100] Command 'ap_source' returned 0; elapsed 0Total elapsed time: 237.242 sec.
@I [HLS-100] Command "source /home/raghu/tools/xilinx/Vivado_HLS/2013.3/common/technology/generic/autopilot/op_simcore.gen "
@I [HLS-100] Command 'ap_source' returned 0; elapsed 0Total elapsed time: 237.243 sec.
@I [HLS-100] Command "source /home/raghu/tools/xilinx/Vivado_HLS/2013.3/common/technology/generic/autopilot/interface.gen "
@I [HLS-100] Command 'ap_source' returned 0; elapsed 0Total elapsed time: 237.243 sec.
@I [HLS-100] Command "source /home/raghu/w/vivadoProjects/bmm/hls/bmm_top/solution1/.autopilot/db/global.setting.tcl "
@I [HLS-100] Command 'ap_source' returned 0; elapsed 0Total elapsed time: 237.243 sec.
@I [HLS-100] Command "source /home/raghu/tools/xilinx/Vivado_HLS/2013.3/common/technology/xilinx/zynq/zynq.gen "
@I [HLS-100] Command "source /home/raghu/tools/xilinx/Vivado_HLS/2013.3/common/technology/xilinx/common/virtex.gen "
@I [HLS-100] Command "source /home/raghu/tools/xilinx/Vivado_HLS/2013.3/common/technology/xilinx/common/xilinx.gen "
@I [HLS-100] Command "source /home/raghu/tools/xilinx/Vivado_HLS/2013.3/common/technology/xilinx/interface/plb46.gen "
@I [HLS-100] Command 'ap_source' returned 0; elapsed 0Total elapsed time: 237.245 sec.
@I [HLS-100] Command "source /home/raghu/tools/xilinx/Vivado_HLS/2013.3/common/technology/xilinx/interface/fsl.gen "
@I [HLS-100] Command 'ap_source' returned 0; elapsed 0Total elapsed time: 237.245 sec.
@I [HLS-100] Command "source /home/raghu/tools/xilinx/Vivado_HLS/2013.3/common/technology/xilinx/interface/axi4.gen "
@I [HLS-100] Command 'ap_source' returned 0; elapsed 0.01Total elapsed time: 237.247 sec.
@I [HLS-100] Command "source /home/raghu/tools/xilinx/Vivado_HLS/2013.3/common/technology/xilinx/scripts/xilinxcoregen.gen "
@I [HLS-100] Command 'ap_source' returned 0; elapsed 0Total elapsed time: 237.253 sec.
@I [HLS-100] Command "source /home/raghu/tools/xilinx/Vivado_HLS/2013.3/common/technology/xilinx/interface/XilEDKCoreGen.gen "
@I [HLS-100] Command 'ap_source' returned 0; elapsed 0.01Total elapsed time: 237.260 sec.
@I [HLS-100] Command "source /home/raghu/tools/xilinx/Vivado_HLS/2013.3/common/technology/xilinx/ip/util.gen "
@I [HLS-100] Command 'ap_source' returned 0; elapsed 0Total elapsed time: 237.260 sec.
@I [HLS-100] Command "source /home/raghu/tools/xilinx/Vivado_HLS/2013.3/common/technology/xilinx/ip/xfft.gen "
@I [HLS-100] Command 'ap_source' returned 0; elapsed 0.11Total elapsed time: 237.369 sec.
@I [HLS-100] Command "source /home/raghu/tools/xilinx/Vivado_HLS/2013.3/common/technology/xilinx/ip/xfir.gen "
@I [HLS-100] Command 'ap_source' returned 0; elapsed 0.02Total elapsed time: 237.390 sec.
@I [HLS-100] Command 'ap_source' returned 0; elapsed 0.15Total elapsed time: 237.390 sec.
@I [HLS-100] Command "source /home/raghu/tools/xilinx/Vivado_HLS/2013.3/common/technology/xilinx/common/dsp48.gen "
@I [HLS-100] Command 'ap_source' returned 0; elapsed 0Total elapsed time: 237.392 sec.
@I [HLS-100] Command 'ap_source' returned 0; elapsed 0.15Total elapsed time: 237.392 sec.
@I [HLS-100] Command 'ap_source' returned 0; elapsed 0.15Total elapsed time: 237.392 sec.
@I [HLS-100] Command "source /home/raghu/tools/xilinx/Vivado_HLS/2013.3/common/technology/xilinx/zynq/zynq_fpv6.gen "
@I [HLS-100] Command "source /home/raghu/tools/xilinx/Vivado_HLS/2013.3/common/technology/xilinx/common/xilinx_fpv6.gen "
@I [HLS-100] Command 'ap_source' returned 0; elapsed 0Total elapsed time: 237.393 sec.
@I [HLS-100] Command 'ap_source' returned 0; elapsed 0Total elapsed time: 237.393 sec.
@I [HLS-100] Command "source /home/raghu/w/vivadoProjects/bmm/hls/bmm_top/solution1/.autopilot/db/global.setting.tcl "
@I [HLS-100] Command 'ap_source' returned 0; elapsed 0Total elapsed time: 237.394 sec.
@I [HLS-100] Command "source /home/raghu/w/vivadoProjects/bmm/hls/bmm_top/solution1/.autopilot/db/global.setting.tcl "
@I [HLS-100] Command 'ap_source' returned 0; elapsed 0Total elapsed time: 237.394 sec.
@I [HLS-100] Command "source /home/raghu/w/vivadoProjects/bmm/hls/bmm_top/solution1/.autopilot/db/bmm_top.compgen.tcl "
@I [RTMG-282] Generating pipelined core: 'bmm_top_mul_32s_30s_32_6_MulnS_0'
@I [RTMG-282] Generating pipelined core: 'bmm_top_mul_32s_32s_32_6_MulnS_1'
@I [HLS-100] Command 'ap_source' returned 0; elapsed 0.02Total elapsed time: 237.411 sec.
@I [HLS-10] Finished generating all RTL models.
@0 [HLS-0] Finished generating all RTL models.
@I [WSYSC-301] Generating RTL SystemC for 'bmm_top'.
@I [WVHDL-304] Generating RTL VHDL for 'bmm_top'.
@I [WVLOG-307] Generating RTL Verilog for 'bmm_top'.
@I [HLS-100] Command 'autosyn' returned 0; elapsed 212.27Total elapsed time: 237.414 sec.
@I [HLS-100] Command 'csynth_design' returned 0; elapsed 220.96Total elapsed time: 237.415 sec.
@I [HLS-100] Command "export_design -format ipxact -version 31.0 "
@I [HLS-100] Command "source /home/raghu/w/vivadoProjects/bmm/hls/bmm_top/solution1/.autopilot/db/global.setting.tcl "
@I [HLS-100] Command 'ap_source' returned 0; elapsed 0Total elapsed time: 237.418 sec.
@I [HLS-100] Command "source /home/raghu/tools/xilinx/Vivado_HLS/2013.3/common/technology/generic/autopilot/common.gen "
@I [HLS-100] Command "source /home/raghu/tools/xilinx/Vivado_HLS/2013.3/common/technology/generic/autopilot/APCoreGen.gen "
@I [HLS-100] Command 'ap_source' returned 0; elapsed 0Total elapsed time: 237.422 sec.
@I [HLS-100] Command 'ap_source' returned 0; elapsed 0Total elapsed time: 237.422 sec.
@I [HLS-100] Command "source /home/raghu/tools/xilinx/Vivado_HLS/2013.3/common/technology/generic/autopilot/op.gen "
@I [HLS-100] Command 'ap_source' returned 0; elapsed 0Total elapsed time: 237.422 sec.
@I [HLS-100] Command "source /home/raghu/tools/xilinx/Vivado_HLS/2013.3/common/technology/generic/autopilot/op_simcore.gen "
@I [HLS-100] Command 'ap_source' returned 0; elapsed 0.01Total elapsed time: 237.423 sec.
@I [HLS-100] Command "source /home/raghu/tools/xilinx/Vivado_HLS/2013.3/common/technology/generic/autopilot/interface.gen "
@I [HLS-100] Command 'ap_source' returned 0; elapsed 0Total elapsed time: 237.423 sec.
@I [HLS-100] Command "source /home/raghu/w/vivadoProjects/bmm/hls/bmm_top/solution1/.autopilot/db/global.setting.tcl "
@I [HLS-100] Command 'ap_source' returned 0; elapsed 0Total elapsed time: 237.423 sec.
@I [HLS-100] Command "source /home/raghu/tools/xilinx/Vivado_HLS/2013.3/common/technology/xilinx/zynq/zynq.gen "
@I [HLS-100] Command "source /home/raghu/tools/xilinx/Vivado_HLS/2013.3/common/technology/xilinx/common/virtex.gen "
@I [HLS-100] Command "source /home/raghu/tools/xilinx/Vivado_HLS/2013.3/common/technology/xilinx/common/xilinx.gen "
@I [HLS-100] Command "source /home/raghu/tools/xilinx/Vivado_HLS/2013.3/common/technology/xilinx/interface/plb46.gen "
@I [HLS-100] Command 'ap_source' returned 0; elapsed 0Total elapsed time: 237.425 sec.
@I [HLS-100] Command "source /home/raghu/tools/xilinx/Vivado_HLS/2013.3/common/technology/xilinx/interface/fsl.gen "
@I [HLS-100] Command 'ap_source' returned 0; elapsed 0Total elapsed time: 237.425 sec.
@I [HLS-100] Command "source /home/raghu/tools/xilinx/Vivado_HLS/2013.3/common/technology/xilinx/interface/axi4.gen "
@I [HLS-100] Command 'ap_source' returned 0; elapsed 0Total elapsed time: 237.427 sec.
@I [HLS-100] Command "source /home/raghu/tools/xilinx/Vivado_HLS/2013.3/common/technology/xilinx/scripts/xilinxcoregen.gen "
@I [HLS-100] Command 'ap_source' returned 0; elapsed 0.01Total elapsed time: 237.433 sec.
@I [HLS-100] Command "source /home/raghu/tools/xilinx/Vivado_HLS/2013.3/common/technology/xilinx/interface/XilEDKCoreGen.gen "
@I [HLS-100] Command 'ap_source' returned 0; elapsed 0Total elapsed time: 237.440 sec.
@I [HLS-100] Command "source /home/raghu/tools/xilinx/Vivado_HLS/2013.3/common/technology/xilinx/ip/util.gen "
@I [HLS-100] Command 'ap_source' returned 0; elapsed 0Total elapsed time: 237.440 sec.
@I [HLS-100] Command "source /home/raghu/tools/xilinx/Vivado_HLS/2013.3/common/technology/xilinx/ip/xfft.gen "
@I [HLS-100] Command 'ap_source' returned 0; elapsed 0.11Total elapsed time: 237.549 sec.
@I [HLS-100] Command "source /home/raghu/tools/xilinx/Vivado_HLS/2013.3/common/technology/xilinx/ip/xfir.gen "
@I [HLS-100] Command 'ap_source' returned 0; elapsed 0.02Total elapsed time: 237.570 sec.
@I [HLS-100] Command 'ap_source' returned 0; elapsed 0.14Total elapsed time: 237.570 sec.
@I [HLS-100] Command "source /home/raghu/tools/xilinx/Vivado_HLS/2013.3/common/technology/xilinx/common/dsp48.gen "
@I [HLS-100] Command 'ap_source' returned 0; elapsed 0Total elapsed time: 237.571 sec.
@I [HLS-100] Command 'ap_source' returned 0; elapsed 0.14Total elapsed time: 237.571 sec.
@I [HLS-100] Command 'ap_source' returned 0; elapsed 0.14Total elapsed time: 237.571 sec.
@I [HLS-100] Command "source /home/raghu/tools/xilinx/Vivado_HLS/2013.3/common/technology/xilinx/zynq/zynq_fpv6.gen "
@I [HLS-100] Command "source /home/raghu/tools/xilinx/Vivado_HLS/2013.3/common/technology/xilinx/common/xilinx_fpv6.gen "
@I [HLS-100] Command 'ap_source' returned 0; elapsed 0Total elapsed time: 237.573 sec.
@I [HLS-100] Command 'ap_source' returned 0; elapsed 0Total elapsed time: 237.573 sec.
@I [HLS-100] Command "source /home/raghu/w/vivadoProjects/bmm/hls/bmm_top/solution1/.autopilot/db/global.setting.tcl "
@I [HLS-100] Command 'ap_source' returned 0; elapsed 0Total elapsed time: 237.573 sec.
@I [IMPL-8] Exporting RTL as an IP in IP-XACT.
@I [HLS-100] Command "source /home/raghu/w/vivadoProjects/bmm/hls/bmm_top/solution1/.autopilot/db/global.setting.tcl "
@I [HLS-100] Command 'ap_source' returned 0; elapsed 0Total elapsed time: 237.574 sec.
@I [HLS-100] Command "source /home/raghu/w/vivadoProjects/bmm/hls/bmm_top/solution1/.autopilot/db/global.setting.tcl "
@I [HLS-100] Command 'ap_source' returned 0; elapsed 0Total elapsed time: 237.575 sec.
@I [HLS-100] Command "source /home/raghu/tools/xilinx/Vivado_HLS/2013.3/common/technology/generic/autopilot/common.gen "
@I [HLS-100] Command "source /home/raghu/tools/xilinx/Vivado_HLS/2013.3/common/technology/generic/autopilot/APCoreGen.gen "
@I [HLS-100] Command 'ap_source' returned 0; elapsed 0Total elapsed time: 237.576 sec.
@I [HLS-100] Command 'ap_source' returned 0; elapsed 0Total elapsed time: 237.577 sec.
@I [HLS-100] Command "source /home/raghu/tools/xilinx/Vivado_HLS/2013.3/common/technology/generic/autopilot/op.gen "
@I [HLS-100] Command 'ap_source' returned 0; elapsed 0Total elapsed time: 237.577 sec.
@I [HLS-100] Command "source /home/raghu/tools/xilinx/Vivado_HLS/2013.3/common/technology/generic/autopilot/op_simcore.gen "
@I [HLS-100] Command 'ap_source' returned 0; elapsed 0Total elapsed time: 237.578 sec.
@I [HLS-100] Command "source /home/raghu/tools/xilinx/Vivado_HLS/2013.3/common/technology/generic/autopilot/interface.gen "
@I [HLS-100] Command 'ap_source' returned 0; elapsed 0Total elapsed time: 237.578 sec.
@I [HLS-100] Command "source /home/raghu/w/vivadoProjects/bmm/hls/bmm_top/solution1/.autopilot/db/global.setting.tcl "
@I [HLS-100] Command 'ap_source' returned 0; elapsed 0Total elapsed time: 237.578 sec.
@I [HLS-100] Command "source /home/raghu/tools/xilinx/Vivado_HLS/2013.3/common/technology/xilinx/zynq/zynq.gen "
@I [HLS-100] Command "source /home/raghu/tools/xilinx/Vivado_HLS/2013.3/common/technology/xilinx/common/virtex.gen "
@I [HLS-100] Command "source /home/raghu/tools/xilinx/Vivado_HLS/2013.3/common/technology/xilinx/common/xilinx.gen "
@I [HLS-100] Command "source /home/raghu/tools/xilinx/Vivado_HLS/2013.3/common/technology/xilinx/interface/plb46.gen "
@I [HLS-100] Command 'ap_source' returned 0; elapsed 0Total elapsed time: 237.579 sec.
@I [HLS-100] Command "source /home/raghu/tools/xilinx/Vivado_HLS/2013.3/common/technology/xilinx/interface/fsl.gen "
@I [HLS-100] Command 'ap_source' returned 0; elapsed 0Total elapsed time: 237.580 sec.
@I [HLS-100] Command "source /home/raghu/tools/xilinx/Vivado_HLS/2013.3/common/technology/xilinx/interface/axi4.gen "
@I [HLS-100] Command 'ap_source' returned 0; elapsed 0Total elapsed time: 237.581 sec.
@I [HLS-100] Command "source /home/raghu/tools/xilinx/Vivado_HLS/2013.3/common/technology/xilinx/scripts/xilinxcoregen.gen "
@I [HLS-100] Command 'ap_source' returned 0; elapsed 0.01Total elapsed time: 237.587 sec.
@I [HLS-100] Command "source /home/raghu/tools/xilinx/Vivado_HLS/2013.3/common/technology/xilinx/interface/XilEDKCoreGen.gen "
@I [HLS-100] Command 'ap_source' returned 0; elapsed 0.01Total elapsed time: 237.594 sec.
@I [HLS-100] Command "source /home/raghu/tools/xilinx/Vivado_HLS/2013.3/common/technology/xilinx/ip/util.gen "
@I [HLS-100] Command 'ap_source' returned 0; elapsed 0Total elapsed time: 237.594 sec.
@I [HLS-100] Command "source /home/raghu/tools/xilinx/Vivado_HLS/2013.3/common/technology/xilinx/ip/xfft.gen "
@I [HLS-100] Command 'ap_source' returned 0; elapsed 0.11Total elapsed time: 237.704 sec.
@I [HLS-100] Command "source /home/raghu/tools/xilinx/Vivado_HLS/2013.3/common/technology/xilinx/ip/xfir.gen "
@I [HLS-100] Command 'ap_source' returned 0; elapsed 0.02Total elapsed time: 237.726 sec.
@I [HLS-100] Command 'ap_source' returned 0; elapsed 0.15Total elapsed time: 237.726 sec.
@I [HLS-100] Command "source /home/raghu/tools/xilinx/Vivado_HLS/2013.3/common/technology/xilinx/common/dsp48.gen "
@I [HLS-100] Command 'ap_source' returned 0; elapsed 0Total elapsed time: 237.727 sec.
@I [HLS-100] Command 'ap_source' returned 0; elapsed 0.15Total elapsed time: 237.727 sec.
@I [HLS-100] Command 'ap_source' returned 0; elapsed 0.15Total elapsed time: 237.727 sec.
@I [HLS-100] Command "source /home/raghu/tools/xilinx/Vivado_HLS/2013.3/common/technology/xilinx/zynq/zynq_fpv6.gen "
@I [HLS-100] Command "source /home/raghu/tools/xilinx/Vivado_HLS/2013.3/common/technology/xilinx/common/xilinx_fpv6.gen "
@I [HLS-100] Command 'ap_source' returned 0; elapsed 0.01Total elapsed time: 237.728 sec.
@I [HLS-100] Command 'ap_source' returned 0; elapsed 0.01Total elapsed time: 237.728 sec.
@I [HLS-100] Command "source /home/raghu/w/vivadoProjects/bmm/hls/bmm_top/solution1/.autopilot/db/bmm_top.compgen.tcl "
@I [HLS-100] Command 'ap_source' returned 0; elapsed 0Total elapsed time: 237.729 sec.
@I [HLS-100] Command "source /home/raghu/w/vivadoProjects/bmm/hls/bmm_top/solution1/.autopilot/db/bmm_top.compgen.tcl "
@I [HLS-100] Command "source /home/raghu/w/vivadoProjects/bmm/hls/bmm_top/solution1/.autopilot/db/bmm_top.rtl_wrap.cfg.tcl "
@I [HLS-100] Command 'ap_source' returned 0; elapsed 0Total elapsed time: 237.734 sec.
@I [HLS-100] Command "source /home/raghu/w/vivadoProjects/bmm/hls/bmm_top/solution1/.autopilot/db/bmm_top.rtl_wrap.cfg.tcl "
@I [HLS-100] Command 'ap_source' returned 0; elapsed 0Total elapsed time: 237.735 sec.
@I [HLS-100] Command "source /home/raghu/w/vivadoProjects/bmm/hls/bmm_top/solution1/.autopilot/db/bmm_top.tbgen.tcl "
@I [HLS-100] Command 'ap_source' returned 0; elapsed 0Total elapsed time: 237.735 sec.
@I [HLS-100] Command "source /home/raghu/w/vivadoProjects/bmm/hls/bmm_top/solution1/.autopilot/db/bmm_top.tbgen.tcl "
@I [HLS-100] Command 'ap_source' returned 0; elapsed 0Total elapsed time: 237.736 sec.
@I [HLS-100] Command "source /home/raghu/w/vivadoProjects/bmm/hls/bmm_top/solution1/.autopilot/db/bmm_top.tbgen.tcl "
@I [HLS-100] Command 'ap_source' returned 0; elapsed 0Total elapsed time: 237.739 sec.
@I [HLS-100] Command 'ap_source' returned 0; elapsed 0.04Total elapsed time: 237.777 sec.
@I [HLS-100] Command "source /home/raghu/w/vivadoProjects/bmm/hls/bmm_top/solution1/.autopilot/db/bmm_top.compgen.tcl "
@I [HLS-100] Command 'ap_source' returned 0; elapsed 0Total elapsed time: 237.803 sec.
@I [HLS-100] Command "source /home/raghu/w/vivadoProjects/bmm/hls/bmm_top/solution1/impl/.pcores/verilog/CONTROL.slave.tcl "
@I [HLS-100] Command 'ap_source' returned 0; elapsed 0Total elapsed time: 237.815 sec.
@I [HLS-100] Command "source /home/raghu/w/vivadoProjects/bmm/hls/bmm_top/solution1/impl/.pcores/verilog/CONTROL.slave.tcl "
@I [HLS-100] Command 'ap_source' returned 0; elapsed 0Total elapsed time: 237.819 sec.
@I [HLS-100] Command "source /home/raghu/w/vivadoProjects/bmm/hls/bmm_top/solution1/.autopilot/db/global.setting.tcl "
@I [HLS-100] Command 'ap_source' returned 0; elapsed 0Total elapsed time: 237.860 sec.
@I [HLS-100] Command "source /home/raghu/w/vivadoProjects/bmm/hls/bmm_top/solution1/.autopilot/db/bmm_top.constraint.tcl "
@I [HLS-100] Command 'ap_source' returned 0; elapsed 0Total elapsed time: 237.860 sec.
@I [HLS-100] Command "source /home/raghu/w/vivadoProjects/bmm/hls/bmm_top/solution1/.autopilot/db/bmm_top.rtl_wrap.cfg.tcl "
@I [HLS-100] Command 'ap_source' returned 0; elapsed 0Total elapsed time: 237.878 sec.
@I [HLS-100] Command "source /home/raghu/w/vivadoProjects/bmm/hls/bmm_top/solution1/.autopilot/db/bmm_top.rtl_wrap.cfg.tcl "
@I [HLS-100] Command 'ap_source' returned 0; elapsed 0Total elapsed time: 237.879 sec.
@I [HLS-100] Command "source /home/raghu/w/vivadoProjects/bmm/hls/bmm_top/solution1/.autopilot/db/bmm_top.tbgen.tcl "
@I [HLS-100] Command 'ap_source' returned 0; elapsed 0Total elapsed time: 237.879 sec.
@I [HLS-100] Command "source /home/raghu/w/vivadoProjects/bmm/hls/bmm_top/solution1/.autopilot/db/bmm_top.tbgen.tcl "
@I [HLS-100] Command 'ap_source' returned 0; elapsed 0Total elapsed time: 237.880 sec.
@I [HLS-100] Command "source /home/raghu/w/vivadoProjects/bmm/hls/bmm_top/solution1/.autopilot/db/global.setting.tcl "
@I [HLS-100] Command 'ap_source' returned 0; elapsed 0Total elapsed time: 237.911 sec.
@I [HLS-100] Command "source /home/raghu/w/vivadoProjects/bmm/hls/bmm_top/solution1/.autopilot/db/global.setting.tcl "
@I [HLS-100] Command 'ap_source' returned 0; elapsed 0Total elapsed time: 237.919 sec.
@I [HLS-100] Command "source /home/raghu/w/vivadoProjects/bmm/hls/bmm_top/solution1/.autopilot/db/bmm_top.constraint.tcl "
@I [HLS-100] Command 'ap_source' returned 0; elapsed 0Total elapsed time: 237.919 sec.
@I [HLS-100] Command "source /home/raghu/w/vivadoProjects/bmm/hls/bmm_top/solution1/.autopilot/db/bmm_top.constraint.tcl "
@I [HLS-100] Command 'ap_source' returned 0; elapsed 0Total elapsed time: 237.919 sec.
@I [HLS-100] Command "source /home/raghu/tools/xilinx/Vivado_HLS/2013.3/common/technology/generic/autopilot/common.gen "
@I [HLS-100] Command "source /home/raghu/tools/xilinx/Vivado_HLS/2013.3/common/technology/generic/autopilot/APCoreGen.gen "
@I [HLS-100] Command 'ap_source' returned 0; elapsed 0Total elapsed time: 237.923 sec.
@I [HLS-100] Command 'ap_source' returned 0; elapsed 0Total elapsed time: 237.923 sec.
@I [HLS-100] Command "source /home/raghu/tools/xilinx/Vivado_HLS/2013.3/common/technology/generic/autopilot/op.gen "
@I [HLS-100] Command 'ap_source' returned 0; elapsed 0Total elapsed time: 237.924 sec.
@I [HLS-100] Command "source /home/raghu/tools/xilinx/Vivado_HLS/2013.3/common/technology/generic/autopilot/op_simcore.gen "
@I [HLS-100] Command 'ap_source' returned 0; elapsed 0Total elapsed time: 237.925 sec.
@I [HLS-100] Command "source /home/raghu/tools/xilinx/Vivado_HLS/2013.3/common/technology/generic/autopilot/interface.gen "
@I [HLS-100] Command 'ap_source' returned 0; elapsed 0Total elapsed time: 237.925 sec.
@I [HLS-100] Command "source /home/raghu/w/vivadoProjects/bmm/hls/bmm_top/solution1/.autopilot/db/global.setting.tcl "
@I [HLS-100] Command 'ap_source' returned 0; elapsed 0Total elapsed time: 237.925 sec.
@I [HLS-100] Command "source /home/raghu/tools/xilinx/Vivado_HLS/2013.3/common/technology/xilinx/zynq/zynq.gen "
@I [HLS-100] Command "source /home/raghu/tools/xilinx/Vivado_HLS/2013.3/common/technology/xilinx/common/virtex.gen "
@I [HLS-100] Command "source /home/raghu/tools/xilinx/Vivado_HLS/2013.3/common/technology/xilinx/common/xilinx.gen "
@I [HLS-100] Command "source /home/raghu/tools/xilinx/Vivado_HLS/2013.3/common/technology/xilinx/interface/plb46.gen "
@I [HLS-100] Command 'ap_source' returned 0; elapsed 0Total elapsed time: 237.926 sec.
@I [HLS-100] Command "source /home/raghu/tools/xilinx/Vivado_HLS/2013.3/common/technology/xilinx/interface/fsl.gen "
@I [HLS-100] Command 'ap_source' returned 0; elapsed 0Total elapsed time: 237.927 sec.
@I [HLS-100] Command "source /home/raghu/tools/xilinx/Vivado_HLS/2013.3/common/technology/xilinx/interface/axi4.gen "
@I [HLS-100] Command 'ap_source' returned 0; elapsed 0Total elapsed time: 237.929 sec.
@I [HLS-100] Command "source /home/raghu/tools/xilinx/Vivado_HLS/2013.3/common/technology/xilinx/scripts/xilinxcoregen.gen "
@I [HLS-100] Command 'ap_source' returned 0; elapsed 0.01Total elapsed time: 237.934 sec.
@I [HLS-100] Command "source /home/raghu/tools/xilinx/Vivado_HLS/2013.3/common/technology/xilinx/interface/XilEDKCoreGen.gen "
@I [HLS-100] Command 'ap_source' returned 0; elapsed 0.01Total elapsed time: 237.942 sec.
@I [HLS-100] Command "source /home/raghu/tools/xilinx/Vivado_HLS/2013.3/common/technology/xilinx/ip/util.gen "
@I [HLS-100] Command 'ap_source' returned 0; elapsed 0Total elapsed time: 237.943 sec.
@I [HLS-100] Command "source /home/raghu/tools/xilinx/Vivado_HLS/2013.3/common/technology/xilinx/ip/xfft.gen "
@I [HLS-100] Command 'ap_source' returned 0; elapsed 0.11Total elapsed time: 238.52 sec.
@I [HLS-100] Command "source /home/raghu/tools/xilinx/Vivado_HLS/2013.3/common/technology/xilinx/ip/xfir.gen "
@I [HLS-100] Command 'ap_source' returned 0; elapsed 0.02Total elapsed time: 238.73 sec.
@I [HLS-100] Command 'ap_source' returned 0; elapsed 0.15Total elapsed time: 238.73 sec.
@I [HLS-100] Command "source /home/raghu/tools/xilinx/Vivado_HLS/2013.3/common/technology/xilinx/common/dsp48.gen "
@I [HLS-100] Command 'ap_source' returned 0; elapsed 0Total elapsed time: 238.74 sec.
@I [HLS-100] Command 'ap_source' returned 0; elapsed 0.15Total elapsed time: 238.74 sec.
@I [HLS-100] Command 'ap_source' returned 0; elapsed 0.15Total elapsed time: 238.75 sec.
@I [HLS-100] Command "source /home/raghu/tools/xilinx/Vivado_HLS/2013.3/common/technology/xilinx/zynq/zynq_fpv6.gen "
@I [HLS-100] Command "source /home/raghu/tools/xilinx/Vivado_HLS/2013.3/common/technology/xilinx/common/xilinx_fpv6.gen "
@I [HLS-100] Command 'ap_source' returned 0; elapsed 0Total elapsed time: 238.76 sec.
@I [HLS-100] Command 'ap_source' returned 0; elapsed 0Total elapsed time: 238.76 sec.
@I [HLS-100] Command "source /home/raghu/w/vivadoProjects/bmm/hls/bmm_top/solution1/.autopilot/db/global.setting.tcl "
@I [HLS-100] Command 'ap_source' returned 0; elapsed 0Total elapsed time: 244.545 sec.
@I [HLS-100] Command "source /home/raghu/tools/xilinx/Vivado_HLS/2013.3/common/technology/generic/autopilot/common.gen "
@I [HLS-100] Command "source /home/raghu/tools/xilinx/Vivado_HLS/2013.3/common/technology/generic/autopilot/APCoreGen.gen "
@I [HLS-100] Command 'ap_source' returned 0; elapsed 0Total elapsed time: 244.549 sec.
@I [HLS-100] Command 'ap_source' returned 0; elapsed 0Total elapsed time: 244.549 sec.
@I [HLS-100] Command "source /home/raghu/tools/xilinx/Vivado_HLS/2013.3/common/technology/generic/autopilot/op.gen "
@I [HLS-100] Command 'ap_source' returned 0; elapsed 0Total elapsed time: 244.549 sec.
@I [HLS-100] Command "source /home/raghu/tools/xilinx/Vivado_HLS/2013.3/common/technology/generic/autopilot/op_simcore.gen "
@I [HLS-100] Command 'ap_source' returned 0; elapsed 0Total elapsed time: 244.550 sec.
@I [HLS-100] Command "source /home/raghu/tools/xilinx/Vivado_HLS/2013.3/common/technology/generic/autopilot/interface.gen "
@I [HLS-100] Command 'ap_source' returned 0; elapsed 0Total elapsed time: 244.550 sec.
@I [HLS-100] Command "source /home/raghu/w/vivadoProjects/bmm/hls/bmm_top/solution1/.autopilot/db/global.setting.tcl "
@I [HLS-100] Command 'ap_source' returned 0; elapsed 0Total elapsed time: 244.550 sec.
@I [HLS-100] Command "source /home/raghu/tools/xilinx/Vivado_HLS/2013.3/common/technology/xilinx/zynq/zynq.gen "
@I [HLS-100] Command "source /home/raghu/tools/xilinx/Vivado_HLS/2013.3/common/technology/xilinx/common/virtex.gen "
@I [HLS-100] Command "source /home/raghu/tools/xilinx/Vivado_HLS/2013.3/common/technology/xilinx/common/xilinx.gen "
@I [HLS-100] Command "source /home/raghu/tools/xilinx/Vivado_HLS/2013.3/common/technology/xilinx/interface/plb46.gen "
@I [HLS-100] Command 'ap_source' returned 0; elapsed 0Total elapsed time: 244.552 sec.
@I [HLS-100] Command "source /home/raghu/tools/xilinx/Vivado_HLS/2013.3/common/technology/xilinx/interface/fsl.gen "
@I [HLS-100] Command 'ap_source' returned 0; elapsed 0Total elapsed time: 244.552 sec.
@I [HLS-100] Command "source /home/raghu/tools/xilinx/Vivado_HLS/2013.3/common/technology/xilinx/interface/axi4.gen "
@I [HLS-100] Command 'ap_source' returned 0; elapsed 0Total elapsed time: 244.554 sec.
@I [HLS-100] Command "source /home/raghu/tools/xilinx/Vivado_HLS/2013.3/common/technology/xilinx/scripts/xilinxcoregen.gen "
@I [HLS-100] Command 'ap_source' returned 0; elapsed 0.01Total elapsed time: 244.561 sec.
@I [HLS-100] Command "source /home/raghu/tools/xilinx/Vivado_HLS/2013.3/common/technology/xilinx/interface/XilEDKCoreGen.gen "
@I [HLS-100] Command 'ap_source' returned 0; elapsed 0Total elapsed time: 244.568 sec.
@I [HLS-100] Command "source /home/raghu/tools/xilinx/Vivado_HLS/2013.3/common/technology/xilinx/ip/util.gen "
@I [HLS-100] Command 'ap_source' returned 0; elapsed 0Total elapsed time: 244.568 sec.
@I [HLS-100] Command "source /home/raghu/tools/xilinx/Vivado_HLS/2013.3/common/technology/xilinx/ip/xfft.gen "
@I [HLS-100] Command 'ap_source' returned 0; elapsed 0.11Total elapsed time: 244.679 sec.
@I [HLS-100] Command "source /home/raghu/tools/xilinx/Vivado_HLS/2013.3/common/technology/xilinx/ip/xfir.gen "
@I [HLS-100] Command 'ap_source' returned 0; elapsed 0.03Total elapsed time: 244.701 sec.
@I [HLS-100] Command 'ap_source' returned 0; elapsed 0.15Total elapsed time: 244.701 sec.
@I [HLS-100] Command "source /home/raghu/tools/xilinx/Vivado_HLS/2013.3/common/technology/xilinx/common/dsp48.gen "
@I [HLS-100] Command 'ap_source' returned 0; elapsed 0Total elapsed time: 244.702 sec.
@I [HLS-100] Command 'ap_source' returned 0; elapsed 0.15Total elapsed time: 244.702 sec.
@I [HLS-100] Command 'ap_source' returned 0; elapsed 0.15Total elapsed time: 244.702 sec.
@I [HLS-100] Command "source /home/raghu/tools/xilinx/Vivado_HLS/2013.3/common/technology/xilinx/zynq/zynq_fpv6.gen "
@I [HLS-100] Command "source /home/raghu/tools/xilinx/Vivado_HLS/2013.3/common/technology/xilinx/common/xilinx_fpv6.gen "
@I [HLS-100] Command 'ap_source' returned 0; elapsed 0Total elapsed time: 244.703 sec.
@I [HLS-100] Command 'ap_source' returned 0; elapsed 0Total elapsed time: 244.703 sec.
@I [HLS-100] Command "source /home/raghu/w/vivadoProjects/bmm/hls/bmm_top/solution1/.autopilot/db/global.setting.tcl "
@I [HLS-100] Command 'ap_source' returned 0; elapsed 0Total elapsed time: 244.704 sec.
@I [HLS-100] Command "source /home/raghu/w/vivadoProjects/bmm/hls/bmm_top/solution1/.autopilot/db/global.setting.tcl "
@I [HLS-100] Command 'ap_source' returned 0; elapsed 0Total elapsed time: 244.704 sec.
@I [HLS-100] Command "source /home/raghu/w/vivadoProjects/bmm/hls/bmm_top/solution1/.autopilot/db/global.setting.tcl "
@I [HLS-100] Command 'ap_source' returned 0; elapsed 0Total elapsed time: 244.706 sec.
@I [HLS-100] Command "source /home/raghu/tools/xilinx/Vivado_HLS/2013.3/common/technology/generic/autopilot/common.gen "
@I [HLS-100] Command "source /home/raghu/tools/xilinx/Vivado_HLS/2013.3/common/technology/generic/autopilot/APCoreGen.gen "
@I [HLS-100] Command 'ap_source' returned 0; elapsed 0Total elapsed time: 244.707 sec.
@I [HLS-100] Command 'ap_source' returned 0; elapsed 0Total elapsed time: 244.708 sec.
@I [HLS-100] Command "source /home/raghu/tools/xilinx/Vivado_HLS/2013.3/common/technology/generic/autopilot/op.gen "
@I [HLS-100] Command 'ap_source' returned 0; elapsed 0Total elapsed time: 244.708 sec.
@I [HLS-100] Command "source /home/raghu/tools/xilinx/Vivado_HLS/2013.3/common/technology/generic/autopilot/op_simcore.gen "
@I [HLS-100] Command 'ap_source' returned 0; elapsed 0Total elapsed time: 244.709 sec.
@I [HLS-100] Command "source /home/raghu/tools/xilinx/Vivado_HLS/2013.3/common/technology/generic/autopilot/interface.gen "
@I [HLS-100] Command 'ap_source' returned 0; elapsed 0Total elapsed time: 244.709 sec.
@I [HLS-100] Command "source /home/raghu/w/vivadoProjects/bmm/hls/bmm_top/solution1/.autopilot/db/global.setting.tcl "
@I [HLS-100] Command 'ap_source' returned 0; elapsed 0Total elapsed time: 244.709 sec.
@I [HLS-100] Command "source /home/raghu/tools/xilinx/Vivado_HLS/2013.3/common/technology/xilinx/zynq/zynq.gen "
@I [HLS-100] Command "source /home/raghu/tools/xilinx/Vivado_HLS/2013.3/common/technology/xilinx/common/virtex.gen "
@I [HLS-100] Command "source /home/raghu/tools/xilinx/Vivado_HLS/2013.3/common/technology/xilinx/common/xilinx.gen "
@I [HLS-100] Command "source /home/raghu/tools/xilinx/Vivado_HLS/2013.3/common/technology/xilinx/interface/plb46.gen "
@I [HLS-100] Command 'ap_source' returned 0; elapsed 0Total elapsed time: 244.710 sec.
@I [HLS-100] Command "source /home/raghu/tools/xilinx/Vivado_HLS/2013.3/common/technology/xilinx/interface/fsl.gen "
@I [HLS-100] Command 'ap_source' returned 0; elapsed 0Total elapsed time: 244.711 sec.
@I [HLS-100] Command "source /home/raghu/tools/xilinx/Vivado_HLS/2013.3/common/technology/xilinx/interface/axi4.gen "
@I [HLS-100] Command 'ap_source' returned 0; elapsed 0.01Total elapsed time: 244.712 sec.
@I [HLS-100] Command "source /home/raghu/tools/xilinx/Vivado_HLS/2013.3/common/technology/xilinx/scripts/xilinxcoregen.gen "
@I [HLS-100] Command 'ap_source' returned 0; elapsed 0Total elapsed time: 244.718 sec.
@I [HLS-100] Command "source /home/raghu/tools/xilinx/Vivado_HLS/2013.3/common/technology/xilinx/interface/XilEDKCoreGen.gen "
@I [HLS-100] Command 'ap_source' returned 0; elapsed 0.01Total elapsed time: 244.725 sec.
@I [HLS-100] Command "source /home/raghu/tools/xilinx/Vivado_HLS/2013.3/common/technology/xilinx/ip/util.gen "
@I [HLS-100] Command 'ap_source' returned 0; elapsed 0Total elapsed time: 244.726 sec.
@I [HLS-100] Command "source /home/raghu/tools/xilinx/Vivado_HLS/2013.3/common/technology/xilinx/ip/xfft.gen "
@I [HLS-100] Command 'ap_source' returned 0; elapsed 0.11Total elapsed time: 244.836 sec.
@I [HLS-100] Command "source /home/raghu/tools/xilinx/Vivado_HLS/2013.3/common/technology/xilinx/ip/xfir.gen "
@I [HLS-100] Command 'ap_source' returned 0; elapsed 0.02Total elapsed time: 244.857 sec.
@I [HLS-100] Command 'ap_source' returned 0; elapsed 0.15Total elapsed time: 244.858 sec.
@I [HLS-100] Command "source /home/raghu/tools/xilinx/Vivado_HLS/2013.3/common/technology/xilinx/common/dsp48.gen "
@I [HLS-100] Command 'ap_source' returned 0; elapsed 0Total elapsed time: 244.859 sec.
@I [HLS-100] Command 'ap_source' returned 0; elapsed 0.15Total elapsed time: 244.859 sec.
@I [HLS-100] Command 'ap_source' returned 0; elapsed 0.15Total elapsed time: 244.859 sec.
@I [HLS-100] Command "source /home/raghu/tools/xilinx/Vivado_HLS/2013.3/common/technology/xilinx/zynq/zynq_fpv6.gen "
@I [HLS-100] Command "source /home/raghu/tools/xilinx/Vivado_HLS/2013.3/common/technology/xilinx/common/xilinx_fpv6.gen "
@I [HLS-100] Command 'ap_source' returned 0; elapsed 0Total elapsed time: 244.860 sec.
@I [HLS-100] Command 'ap_source' returned 0; elapsed 0Total elapsed time: 244.860 sec.
@I [HLS-100] Command "source /home/raghu/w/vivadoProjects/bmm/hls/bmm_top/solution1/.autopilot/db/bmm_top.compgen.tcl "
@I [HLS-100] Command 'ap_source' returned 0; elapsed 0Total elapsed time: 244.860 sec.
@I [HLS-100] Command "source /home/raghu/w/vivadoProjects/bmm/hls/bmm_top/solution1/.autopilot/db/global.setting.tcl "
@I [HLS-100] Command 'ap_source' returned 0; elapsed 0Total elapsed time: 244.876 sec.
@I [HLS-100] Command "source /home/raghu/w/vivadoProjects/bmm/hls/bmm_top/solution1/.autopilot/db/bmm_top.constraint.tcl "
@I [HLS-100] Command 'ap_source' returned 0; elapsed 0Total elapsed time: 244.876 sec.
@I [HLS-100] Command "source /home/raghu/tools/xilinx/Vivado_HLS/2013.3/common/technology/generic/autopilot/common.gen "
@I [HLS-100] Command "source /home/raghu/tools/xilinx/Vivado_HLS/2013.3/common/technology/generic/autopilot/APCoreGen.gen "
@I [HLS-100] Command 'ap_source' returned 0; elapsed 0Total elapsed time: 244.877 sec.
@I [HLS-100] Command 'ap_source' returned 0; elapsed 0Total elapsed time: 244.878 sec.
@I [HLS-100] Command "source /home/raghu/tools/xilinx/Vivado_HLS/2013.3/common/technology/generic/autopilot/op.gen "
@I [HLS-100] Command 'ap_source' returned 0; elapsed 0Total elapsed time: 244.878 sec.
@I [HLS-100] Command "source /home/raghu/tools/xilinx/Vivado_HLS/2013.3/common/technology/generic/autopilot/op_simcore.gen "
@I [HLS-100] Command 'ap_source' returned 0; elapsed 0Total elapsed time: 244.879 sec.
@I [HLS-100] Command "source /home/raghu/tools/xilinx/Vivado_HLS/2013.3/common/technology/generic/autopilot/interface.gen "
@I [HLS-100] Command 'ap_source' returned 0; elapsed 0Total elapsed time: 244.879 sec.
@I [HLS-100] Command "source /home/raghu/w/vivadoProjects/bmm/hls/bmm_top/solution1/.autopilot/db/global.setting.tcl "
@I [HLS-100] Command 'ap_source' returned 0; elapsed 0Total elapsed time: 244.879 sec.
@I [HLS-100] Command "source /home/raghu/tools/xilinx/Vivado_HLS/2013.3/common/technology/xilinx/zynq/zynq.gen "
@I [HLS-100] Command "source /home/raghu/tools/xilinx/Vivado_HLS/2013.3/common/technology/xilinx/common/virtex.gen "
@I [HLS-100] Command "source /home/raghu/tools/xilinx/Vivado_HLS/2013.3/common/technology/xilinx/common/xilinx.gen "
@I [HLS-100] Command "source /home/raghu/tools/xilinx/Vivado_HLS/2013.3/common/technology/xilinx/interface/plb46.gen "
@I [HLS-100] Command 'ap_source' returned 0; elapsed 0Total elapsed time: 244.880 sec.
@I [HLS-100] Command "source /home/raghu/tools/xilinx/Vivado_HLS/2013.3/common/technology/xilinx/interface/fsl.gen "
@I [HLS-100] Command 'ap_source' returned 0; elapsed 0Total elapsed time: 244.881 sec.
@I [HLS-100] Command "source /home/raghu/tools/xilinx/Vivado_HLS/2013.3/common/technology/xilinx/interface/axi4.gen "
@I [HLS-100] Command 'ap_source' returned 0; elapsed 0Total elapsed time: 244.883 sec.
@I [HLS-100] Command "source /home/raghu/tools/xilinx/Vivado_HLS/2013.3/common/technology/xilinx/scripts/xilinxcoregen.gen "
@I [HLS-100] Command 'ap_source' returned 0; elapsed 0.01Total elapsed time: 244.889 sec.
@I [HLS-100] Command "source /home/raghu/tools/xilinx/Vivado_HLS/2013.3/common/technology/xilinx/interface/XilEDKCoreGen.gen "
@I [HLS-100] Command 'ap_source' returned 0; elapsed 0.01Total elapsed time: 244.896 sec.
@I [HLS-100] Command "source /home/raghu/tools/xilinx/Vivado_HLS/2013.3/common/technology/xilinx/ip/util.gen "
@I [HLS-100] Command 'ap_source' returned 0; elapsed 0Total elapsed time: 244.896 sec.
@I [HLS-100] Command "source /home/raghu/tools/xilinx/Vivado_HLS/2013.3/common/technology/xilinx/ip/xfft.gen "
@I [HLS-100] Command 'ap_source' returned 0; elapsed 0.1Total elapsed time: 245.7 sec.
@I [HLS-100] Command "source /home/raghu/tools/xilinx/Vivado_HLS/2013.3/common/technology/xilinx/ip/xfir.gen "
@I [HLS-100] Command 'ap_source' returned 0; elapsed 0.03Total elapsed time: 245.28 sec.
@I [HLS-100] Command 'ap_source' returned 0; elapsed 0.15Total elapsed time: 245.28 sec.
@I [HLS-100] Command "source /home/raghu/tools/xilinx/Vivado_HLS/2013.3/common/technology/xilinx/common/dsp48.gen "
@I [HLS-100] Command 'ap_source' returned 0; elapsed 0Total elapsed time: 245.30 sec.
@I [HLS-100] Command 'ap_source' returned 0; elapsed 0.15Total elapsed time: 245.30 sec.
@I [HLS-100] Command 'ap_source' returned 0; elapsed 0.15Total elapsed time: 245.30 sec.
@I [HLS-100] Command "source /home/raghu/tools/xilinx/Vivado_HLS/2013.3/common/technology/xilinx/zynq/zynq_fpv6.gen "
@I [HLS-100] Command "source /home/raghu/tools/xilinx/Vivado_HLS/2013.3/common/technology/xilinx/common/xilinx_fpv6.gen "
@I [HLS-100] Command 'ap_source' returned 0; elapsed 0Total elapsed time: 245.31 sec.
@I [HLS-100] Command 'ap_source' returned 0; elapsed 0Total elapsed time: 245.31 sec.
@I [HLS-100] Command "source /home/raghu/w/vivadoProjects/bmm/hls/bmm_top/solution1/.autopilot/db/global.setting.tcl "
@I [HLS-100] Command 'ap_source' returned 0; elapsed 0Total elapsed time: 252.17 sec.
@I [HLS-100] Command "source /home/raghu/tools/xilinx/Vivado_HLS/2013.3/common/technology/generic/autopilot/common.gen "
@I [HLS-100] Command "source /home/raghu/tools/xilinx/Vivado_HLS/2013.3/common/technology/generic/autopilot/APCoreGen.gen "
@I [HLS-100] Command 'ap_source' returned 0; elapsed 0Total elapsed time: 252.21 sec.
@I [HLS-100] Command 'ap_source' returned 0; elapsed 0Total elapsed time: 252.21 sec.
@I [HLS-100] Command "source /home/raghu/tools/xilinx/Vivado_HLS/2013.3/common/technology/generic/autopilot/op.gen "
@I [HLS-100] Command 'ap_source' returned 0; elapsed 0Total elapsed time: 252.21 sec.
@I [HLS-100] Command "source /home/raghu/tools/xilinx/Vivado_HLS/2013.3/common/technology/generic/autopilot/op_simcore.gen "
@I [HLS-100] Command 'ap_source' returned 0; elapsed 0Total elapsed time: 252.22 sec.
@I [HLS-100] Command "source /home/raghu/tools/xilinx/Vivado_HLS/2013.3/common/technology/generic/autopilot/interface.gen "
@I [HLS-100] Command 'ap_source' returned 0; elapsed 0Total elapsed time: 252.22 sec.
@I [HLS-100] Command "source /home/raghu/w/vivadoProjects/bmm/hls/bmm_top/solution1/.autopilot/db/global.setting.tcl "
@I [HLS-100] Command 'ap_source' returned 0; elapsed 0Total elapsed time: 252.22 sec.
@I [HLS-100] Command "source /home/raghu/tools/xilinx/Vivado_HLS/2013.3/common/technology/xilinx/zynq/zynq.gen "
@I [HLS-100] Command "source /home/raghu/tools/xilinx/Vivado_HLS/2013.3/common/technology/xilinx/common/virtex.gen "
@I [HLS-100] Command "source /home/raghu/tools/xilinx/Vivado_HLS/2013.3/common/technology/xilinx/common/xilinx.gen "
@I [HLS-100] Command "source /home/raghu/tools/xilinx/Vivado_HLS/2013.3/common/technology/xilinx/interface/plb46.gen "
@I [HLS-100] Command 'ap_source' returned 0; elapsed 0Total elapsed time: 252.24 sec.
@I [HLS-100] Command "source /home/raghu/tools/xilinx/Vivado_HLS/2013.3/common/technology/xilinx/interface/fsl.gen "
@I [HLS-100] Command 'ap_source' returned 0; elapsed 0Total elapsed time: 252.24 sec.
@I [HLS-100] Command "source /home/raghu/tools/xilinx/Vivado_HLS/2013.3/common/technology/xilinx/interface/axi4.gen "
@I [HLS-100] Command 'ap_source' returned 0; elapsed 0.01Total elapsed time: 252.26 sec.
@I [HLS-100] Command "source /home/raghu/tools/xilinx/Vivado_HLS/2013.3/common/technology/xilinx/scripts/xilinxcoregen.gen "
@I [HLS-100] Command 'ap_source' returned 0; elapsed 0Total elapsed time: 252.33 sec.
@I [HLS-100] Command "source /home/raghu/tools/xilinx/Vivado_HLS/2013.3/common/technology/xilinx/interface/XilEDKCoreGen.gen "
@I [HLS-100] Command 'ap_source' returned 0; elapsed 0.02Total elapsed time: 252.40 sec.
@I [HLS-100] Command "source /home/raghu/tools/xilinx/Vivado_HLS/2013.3/common/technology/xilinx/ip/util.gen "
@I [HLS-100] Command 'ap_source' returned 0; elapsed 0Total elapsed time: 252.40 sec.
@I [HLS-100] Command "source /home/raghu/tools/xilinx/Vivado_HLS/2013.3/common/technology/xilinx/ip/xfft.gen "
@I [HLS-100] Command 'ap_source' returned 0; elapsed 0.11Total elapsed time: 252.150 sec.
@I [HLS-100] Command "source /home/raghu/tools/xilinx/Vivado_HLS/2013.3/common/technology/xilinx/ip/xfir.gen "
@I [HLS-100] Command 'ap_source' returned 0; elapsed 0.02Total elapsed time: 252.172 sec.
@I [HLS-100] Command 'ap_source' returned 0; elapsed 0.16Total elapsed time: 252.173 sec.
@I [HLS-100] Command "source /home/raghu/tools/xilinx/Vivado_HLS/2013.3/common/technology/xilinx/common/dsp48.gen "
@I [HLS-100] Command 'ap_source' returned 0; elapsed 0Total elapsed time: 252.174 sec.
@I [HLS-100] Command 'ap_source' returned 0; elapsed 0.16Total elapsed time: 252.174 sec.
@I [HLS-100] Command 'ap_source' returned 0; elapsed 0.16Total elapsed time: 252.174 sec.
@I [HLS-100] Command "source /home/raghu/tools/xilinx/Vivado_HLS/2013.3/common/technology/xilinx/zynq/zynq_fpv6.gen "
@I [HLS-100] Command "source /home/raghu/tools/xilinx/Vivado_HLS/2013.3/common/technology/xilinx/common/xilinx_fpv6.gen "
@I [HLS-100] Command 'ap_source' returned 0; elapsed 0Total elapsed time: 252.175 sec.
@I [HLS-100] Command 'ap_source' returned 0; elapsed 0Total elapsed time: 252.175 sec.
@I [HLS-100] Command "source /home/raghu/w/vivadoProjects/bmm/hls/bmm_top/solution1/.autopilot/db/global.setting.tcl "
@I [HLS-100] Command 'ap_source' returned 0; elapsed 0Total elapsed time: 252.175 sec.
@I [HLS-100] Command "source /home/raghu/w/vivadoProjects/bmm/hls/bmm_top/solution1/.autopilot/db/global.setting.tcl "
@I [HLS-100] Command 'ap_source' returned 0; elapsed 0Total elapsed time: 252.176 sec.
@I [HLS-100] Command "source /home/raghu/w/vivadoProjects/bmm/hls/bmm_top/solution1/.autopilot/db/global.setting.tcl "
@I [HLS-100] Command 'ap_source' returned 0; elapsed 0Total elapsed time: 252.178 sec.
@I [HLS-100] Command "source /home/raghu/tools/xilinx/Vivado_HLS/2013.3/common/technology/generic/autopilot/common.gen "
@I [HLS-100] Command "source /home/raghu/tools/xilinx/Vivado_HLS/2013.3/common/technology/generic/autopilot/APCoreGen.gen "
@I [HLS-100] Command 'ap_source' returned 0; elapsed 0.01Total elapsed time: 252.240 sec.
@I [HLS-100] Command 'ap_source' returned 0; elapsed 0.01Total elapsed time: 252.241 sec.
@I [HLS-100] Command "source /home/raghu/tools/xilinx/Vivado_HLS/2013.3/common/technology/generic/autopilot/op.gen "
@I [HLS-100] Command 'ap_source' returned 0; elapsed 0Total elapsed time: 252.241 sec.
@I [HLS-100] Command "source /home/raghu/tools/xilinx/Vivado_HLS/2013.3/common/technology/generic/autopilot/op_simcore.gen "
@I [HLS-100] Command 'ap_source' returned 0; elapsed 0Total elapsed time: 252.242 sec.
@I [HLS-100] Command "source /home/raghu/tools/xilinx/Vivado_HLS/2013.3/common/technology/generic/autopilot/interface.gen "
@I [HLS-100] Command 'ap_source' returned 0; elapsed 0Total elapsed time: 252.242 sec.
@I [HLS-100] Command "source /home/raghu/w/vivadoProjects/bmm/hls/bmm_top/solution1/.autopilot/db/global.setting.tcl "
@I [HLS-100] Command 'ap_source' returned 0; elapsed 0Total elapsed time: 252.242 sec.
@I [HLS-100] Command "source /home/raghu/tools/xilinx/Vivado_HLS/2013.3/common/technology/xilinx/zynq/zynq.gen "
@I [HLS-100] Command "source /home/raghu/tools/xilinx/Vivado_HLS/2013.3/common/technology/xilinx/common/virtex.gen "
@I [HLS-100] Command "source /home/raghu/tools/xilinx/Vivado_HLS/2013.3/common/technology/xilinx/common/xilinx.gen "
@I [HLS-100] Command "source /home/raghu/tools/xilinx/Vivado_HLS/2013.3/common/technology/xilinx/interface/plb46.gen "
@I [HLS-100] Command 'ap_source' returned 0; elapsed 0Total elapsed time: 252.243 sec.
@I [HLS-100] Command "source /home/raghu/tools/xilinx/Vivado_HLS/2013.3/common/technology/xilinx/interface/fsl.gen "
@I [HLS-100] Command 'ap_source' returned 0; elapsed 0Total elapsed time: 252.244 sec.
@I [HLS-100] Command "source /home/raghu/tools/xilinx/Vivado_HLS/2013.3/common/technology/xilinx/interface/axi4.gen "
@I [HLS-100] Command 'ap_source' returned 0; elapsed 0Total elapsed time: 252.245 sec.
@I [HLS-100] Command "source /home/raghu/tools/xilinx/Vivado_HLS/2013.3/common/technology/xilinx/scripts/xilinxcoregen.gen "
@I [HLS-100] Command 'ap_source' returned 0; elapsed 0Total elapsed time: 252.251 sec.
@I [HLS-100] Command "source /home/raghu/tools/xilinx/Vivado_HLS/2013.3/common/technology/xilinx/interface/XilEDKCoreGen.gen "
@I [HLS-100] Command 'ap_source' returned 0; elapsed 0.01Total elapsed time: 252.258 sec.
@I [HLS-100] Command "source /home/raghu/tools/xilinx/Vivado_HLS/2013.3/common/technology/xilinx/ip/util.gen "
@I [HLS-100] Command 'ap_source' returned 0; elapsed 0Total elapsed time: 252.259 sec.
@I [HLS-100] Command "source /home/raghu/tools/xilinx/Vivado_HLS/2013.3/common/technology/xilinx/ip/xfft.gen "
@I [HLS-100] Command 'ap_source' returned 0; elapsed 0.11Total elapsed time: 252.370 sec.
@I [HLS-100] Command "source /home/raghu/tools/xilinx/Vivado_HLS/2013.3/common/technology/xilinx/ip/xfir.gen "
@I [HLS-100] Command 'ap_source' returned 0; elapsed 0.03Total elapsed time: 252.393 sec.
@I [HLS-100] Command 'ap_source' returned 0; elapsed 0.15Total elapsed time: 252.393 sec.
@I [HLS-100] Command "source /home/raghu/tools/xilinx/Vivado_HLS/2013.3/common/technology/xilinx/common/dsp48.gen "
@I [HLS-100] Command 'ap_source' returned 0; elapsed 0Total elapsed time: 252.394 sec.
@I [HLS-100] Command 'ap_source' returned 0; elapsed 0.15Total elapsed time: 252.394 sec.
@I [HLS-100] Command 'ap_source' returned 0; elapsed 0.15Total elapsed time: 252.394 sec.
@I [HLS-100] Command "source /home/raghu/tools/xilinx/Vivado_HLS/2013.3/common/technology/xilinx/zynq/zynq_fpv6.gen "
@I [HLS-100] Command "source /home/raghu/tools/xilinx/Vivado_HLS/2013.3/common/technology/xilinx/common/xilinx_fpv6.gen "
@I [HLS-100] Command 'ap_source' returned 0; elapsed 0Total elapsed time: 252.395 sec.
@I [HLS-100] Command 'ap_source' returned 0; elapsed 0Total elapsed time: 252.395 sec.
@I [HLS-100] Command "source /home/raghu/w/vivadoProjects/bmm/hls/bmm_top/solution1/.autopilot/db/bmm_top.compgen.tcl "
@I [HLS-100] Command 'ap_source' returned 0; elapsed 0Total elapsed time: 252.396 sec.
@I [HLS-100] Command "source /home/raghu/w/vivadoProjects/bmm/hls/bmm_top/solution1/.autopilot/db/global.setting.tcl "
@I [HLS-100] Command 'ap_source' returned 0; elapsed 0Total elapsed time: 252.411 sec.
@I [HLS-100] Command "source /home/raghu/w/vivadoProjects/bmm/hls/bmm_top/solution1/.autopilot/db/bmm_top.constraint.tcl "
@I [HLS-100] Command 'ap_source' returned 0; elapsed 0Total elapsed time: 252.412 sec.
@I [HLS-100] Command "source /home/raghu/tools/xilinx/Vivado_HLS/2013.3/common/technology/generic/autopilot/common.gen "
@I [HLS-100] Command "source /home/raghu/tools/xilinx/Vivado_HLS/2013.3/common/technology/generic/autopilot/APCoreGen.gen "
@I [HLS-100] Command 'ap_source' returned 0; elapsed 0Total elapsed time: 252.560 sec.
@I [HLS-100] Command 'ap_source' returned 0; elapsed 0Total elapsed time: 252.561 sec.
@I [HLS-100] Command "source /home/raghu/tools/xilinx/Vivado_HLS/2013.3/common/technology/generic/autopilot/op.gen "
@I [HLS-100] Command 'ap_source' returned 0; elapsed 0Total elapsed time: 252.561 sec.
@I [HLS-100] Command "source /home/raghu/tools/xilinx/Vivado_HLS/2013.3/common/technology/generic/autopilot/op_simcore.gen "
@I [HLS-100] Command 'ap_source' returned 0; elapsed 0Total elapsed time: 252.562 sec.
@I [HLS-100] Command "source /home/raghu/tools/xilinx/Vivado_HLS/2013.3/common/technology/generic/autopilot/interface.gen "
@I [HLS-100] Command 'ap_source' returned 0; elapsed 0Total elapsed time: 252.562 sec.
@I [HLS-100] Command "source /home/raghu/w/vivadoProjects/bmm/hls/bmm_top/solution1/.autopilot/db/global.setting.tcl "
@I [HLS-100] Command 'ap_source' returned 0; elapsed 0Total elapsed time: 252.562 sec.
@I [HLS-100] Command "source /home/raghu/tools/xilinx/Vivado_HLS/2013.3/common/technology/xilinx/zynq/zynq.gen "
@I [HLS-100] Command "source /home/raghu/tools/xilinx/Vivado_HLS/2013.3/common/technology/xilinx/common/virtex.gen "
@I [HLS-100] Command "source /home/raghu/tools/xilinx/Vivado_HLS/2013.3/common/technology/xilinx/common/xilinx.gen "
@I [HLS-100] Command "source /home/raghu/tools/xilinx/Vivado_HLS/2013.3/common/technology/xilinx/interface/plb46.gen "
@I [HLS-100] Command 'ap_source' returned 0; elapsed 0.01Total elapsed time: 252.564 sec.
@I [HLS-100] Command "source /home/raghu/tools/xilinx/Vivado_HLS/2013.3/common/technology/xilinx/interface/fsl.gen "
@I [HLS-100] Command 'ap_source' returned 0; elapsed 0Total elapsed time: 252.564 sec.
@I [HLS-100] Command "source /home/raghu/tools/xilinx/Vivado_HLS/2013.3/common/technology/xilinx/interface/axi4.gen "
@I [HLS-100] Command 'ap_source' returned 0; elapsed 0Total elapsed time: 252.566 sec.
@I [HLS-100] Command "source /home/raghu/tools/xilinx/Vivado_HLS/2013.3/common/technology/xilinx/scripts/xilinxcoregen.gen "
@I [HLS-100] Command 'ap_source' returned 0; elapsed 0.01Total elapsed time: 252.572 sec.
@I [HLS-100] Command "source /home/raghu/tools/xilinx/Vivado_HLS/2013.3/common/technology/xilinx/interface/XilEDKCoreGen.gen "
@I [HLS-100] Command 'ap_source' returned 0; elapsed 0Total elapsed time: 252.579 sec.
@I [HLS-100] Command "source /home/raghu/tools/xilinx/Vivado_HLS/2013.3/common/technology/xilinx/ip/util.gen "
@I [HLS-100] Command 'ap_source' returned 0; elapsed 0Total elapsed time: 252.579 sec.
@I [HLS-100] Command "source /home/raghu/tools/xilinx/Vivado_HLS/2013.3/common/technology/xilinx/ip/xfft.gen "
@I [HLS-100] Command 'ap_source' returned 0; elapsed 0.11Total elapsed time: 252.689 sec.
@I [HLS-100] Command "source /home/raghu/tools/xilinx/Vivado_HLS/2013.3/common/technology/xilinx/ip/xfir.gen "
@I [HLS-100] Command 'ap_source' returned 0; elapsed 0.02Total elapsed time: 252.711 sec.
@I [HLS-100] Command 'ap_source' returned 0; elapsed 0.15Total elapsed time: 252.711 sec.
@I [HLS-100] Command "source /home/raghu/tools/xilinx/Vivado_HLS/2013.3/common/technology/xilinx/common/dsp48.gen "
@I [HLS-100] Command 'ap_source' returned 0; elapsed 0Total elapsed time: 252.712 sec.
@I [HLS-100] Command 'ap_source' returned 0; elapsed 0.16Total elapsed time: 252.712 sec.
@I [HLS-100] Command 'ap_source' returned 0; elapsed 0.16Total elapsed time: 252.712 sec.
@I [HLS-100] Command "source /home/raghu/tools/xilinx/Vivado_HLS/2013.3/common/technology/xilinx/zynq/zynq_fpv6.gen "
@I [HLS-100] Command "source /home/raghu/tools/xilinx/Vivado_HLS/2013.3/common/technology/xilinx/common/xilinx_fpv6.gen "
@I [HLS-100] Command 'ap_source' returned 0; elapsed 0Total elapsed time: 252.713 sec.
@I [HLS-100] Command 'ap_source' returned 0; elapsed 0Total elapsed time: 252.713 sec.
@I [HLS-100] Command 'export_design' returned 0; elapsed 1.68Total elapsed time: 258.257 sec.
@I [HLS-100] Command "cleanup_all "
@I [HLS-100] Command 'cleanup_all' returned 0; elapsed 0.13Total elapsed time: 258.396 sec.
