==============================================================
File generated by Vivado(TM) HLS - High-Level Synthesis from C, C++ and SystemC
Version: 2013.3
Copyright (C) 2013 Xilinx Inc. All rights reserved.

==============================================================

@I [SYN-201] Setting up clock 'default' with a period of 10ns.
@I [HLS-10] Setting target device to 'xc7z045ffg900-1'
@I [HLS-10] Analyzing design file 'simple_top/simple_top.cpp' ... 
@I [HLS-10] Validating synthesis directives ...
@I [HLS-10] Checking synthesizability ...
@I [HLS-10] Starting code transformations ...
@I [HLS-111] Elapsed time: 2.13 seconds; current memory usage: 49.6 MB.
@I [HLS-10] Starting hardware synthesis ...
@I [HLS-10] Synthesizing 'simple_top' ...
@I [HLS-10] ----------------------------------------------------------------
@I [HLS-10] -- Scheduling module 'simple_top' 
@I [HLS-10] ----------------------------------------------------------------
@I [SCHED-11] Starting scheduling ...
@I [SCHED-11] Finished scheduling.
@I [HLS-111] Elapsed time: 0.03 seconds; current memory usage: 49.9 MB.
@I [HLS-10] ----------------------------------------------------------------
@I [HLS-10] -- Exploring micro-architecture for module 'simple_top' 
@I [HLS-10] ----------------------------------------------------------------
@I [BIND-100] Starting micro-architecture generation ...
@I [BIND-101] Performing variable lifetime analysis.
@I [BIND-101] Exploring resource sharing.
@I [BIND-101] Binding ...
@I [BIND-100] Finished micro-architecture generation.
@I [HLS-111] Elapsed time: 0.02 seconds; current memory usage: 50.1 MB.
@I [HLS-10] ----------------------------------------------------------------
@I [HLS-10] -- Generating RTL for module 'simple_top' 
@I [HLS-10] ----------------------------------------------------------------
@I [RTGEN-500] Setting interface mode on port 'simple_top/inPtr' to 'ap_bus'.
@I [RTGEN-500] Setting interface mode on function 'simple_top' to 'ap_ctrl_hs'.
@I [RTGEN-100] Finished creating RTL model for 'simple_top'.
@I [HLS-111] Elapsed time: 0.02 seconds; current memory usage: 50.2 MB.
@I [HLS-10] Finished generating all RTL models.
@I [WSYSC-301] Generating RTL SystemC for 'simple_top'.
@I [WVHDL-304] Generating RTL VHDL for 'simple_top'.
@I [WVLOG-307] Generating RTL Verilog for 'simple_top'.
@I [IMPL-8] Exporting RTL as an IP in IP-XACT.
@I [HLS-112] Total elapsed time: 45.369 seconds; peak memory usage: 50.2 MB.
@I [LIC-101] Checked in feature [HLS]
