#-----------------------------------------------------------
# Vivado v2013.3 (64-bit)
# SW Build 329390 on Wed Oct 16 18:26:55 MDT 2013
# IP Build 192953 on Wed Oct 16 08:44:02 MDT 2013
# Start of session at: Mon May  5 18:45:56 2014
# Process ID: 13291
# Log file: /home/raghu/work/projects/dma3/vivado.log
# Journal file: /home/raghu/work/projects/dma3/vivado.jou
#-----------------------------------------------------------
INFO: [Common 17-78] Attempting to get a license: Implementation
INFO: [Common 17-81] Feature available: Implementation
INFO: [Device 21-36] Loading parts and site information from /home/raghu/work/tools/xilinx/Vivado/2013.3/data/parts/arch.xml
Parsing RTL primitives file [/home/raghu/work/tools/xilinx/Vivado/2013.3/data/parts/xilinx/rtl/prims/rtl_prims.xml]
Finished parsing RTL primitives file [/home/raghu/work/tools/xilinx/Vivado/2013.3/data/parts/xilinx/rtl/prims/rtl_prims.xml]
source updateVivado.tcl
# set projPrefix /home/raghu/work/projects 
# set projName dma3
# set hlsName bmm_top_0
# set projPath "${projPrefix}/${projName}"
# set topLevelDesign "${projName}.bd"
# puts "Vivado update script: Running with the following args"
Vivado update script: Running with the following args
# puts "projPath : $projPath"
projPath : /home/raghu/work/projects/dma3
# puts "topLevelDesign: $topLevelDesign"
topLevelDesign: dma3.bd
# puts "HLS module name: $hlsName, solution1"
HLS module name: bmm_top_0, solution1
# cd $projPath
# open_project ${projName}.xpr
CRITICAL WARNING: [Project 1-19] Could not find the file '/home/raghu/work/projects/dma3/dma3.srcs/sources_1/bd/dma3/ip/dma3_simple_top_0_0/dma3_simple_top_0_0.upgrade_log'.
CRITICAL WARNING: [Project 1-19] Could not find the file '/home/raghu/work/projects/dma3/dma3.srcs/sources_1/bd/dma3/ip/dma3_simple_top_0_1/dma3_simple_top_0_1.upgrade_log'.
Scanning sources...
Finished scanning sources
INFO: [IP_Flow 19-234] Refreshing IP repositories
INFO: [IP_Flow 19-1700] Loaded user repository '/home/raghu/work/projects/dma3/hls/simple_top/solution1/impl'.
INFO: [IP_Flow 19-1700] Loaded user repository '/home/raghu/work/projects/dma3/hls/bmm_top/solution1/impl'.
INFO: [IP_Flow 19-1700] Loaded user repository '/home/raghu/work/projects/dma3/hls/fe_top/solution1/impl'.
INFO: [IP_Flow 19-2313] Loaded Vivado repository '/home/raghu/work/tools/xilinx/Vivado/2013.3/data/ip'.
WARNING: [BD 41-1303] One or more IPs have been locked in the design 'dma3.bd'. Please run report_ip_status for more details and recommendations on how to fix this issue.
open_project: Time (s): cpu = 00:00:06 ; elapsed = 00:00:09 . Memory (MB): peak = 799.656 ; gain = 98.371
# open_bd_design ${projName}.srcs/sources_1/bd/${projName}/${projName}.bd
Adding component instance block -- xilinx.com:ip:processing_system7:5.3 - processing_system7_0
Adding component instance block -- xilinx.com:ip:proc_sys_reset:5.0 - proc_sys_reset
Adding component instance block -- xilinx.com:ip:axi_cdma:4.1 - axi_cdma_0
Adding component instance block -- xilinx.com:hls:fe_top:8.0 - fe_top_0
Adding component instance block -- xilinx.com:hls:bmm_top:17.0 - bmm_top_0
Adding component instance block -- xilinx.com:hls:bmm_top:17.0 - bmm_top_1
Adding component instance block -- xilinx.com:hls:bmm_top:17.0 - bmm_top_2
Adding component instance block -- xilinx.com:hls:bmm_top:17.0 - bmm_top_3
Adding component instance block -- xilinx.com:ip:axi_crossbar:2.1 - xbar
Adding component instance block -- xilinx.com:ip:axi_crossbar:2.1 - xbar
Adding component instance block -- xilinx.com:ip:axi_crossbar:2.1 - xbar
Adding component instance block -- xilinx.com:ip:axi_bram_ctrl:3.0 - bram_ctrl_outblk
Adding component instance block -- xilinx.com:ip:blk_mem_gen:8.0 - blk_mem_gen_outblk
Adding component instance block -- xilinx.com:ip:axi_bram_ctrl:3.0 - bram_ctrl_in_blk
Adding component instance block -- xilinx.com:ip:blk_mem_gen:8.0 - blk_mem_gen_inblk
Adding component instance block -- xilinx.com:ip:axi_bram_ctrl:3.0 - bram_ctrl_outblk
Adding component instance block -- xilinx.com:ip:blk_mem_gen:8.0 - blk_mem_gen_outblk
Adding component instance block -- xilinx.com:ip:axi_bram_ctrl:3.0 - bram_ctrl_in_blk
Adding component instance block -- xilinx.com:ip:blk_mem_gen:8.0 - blk_mem_gen_inblk
Adding component instance block -- xilinx.com:ip:axi_bram_ctrl:3.0 - bram_ctrl_in_blk
Adding component instance block -- xilinx.com:ip:blk_mem_gen:8.0 - blk_mem_gen_inblk
Adding component instance block -- xilinx.com:ip:axi_bram_ctrl:3.0 - bram_ctrl_outblk
Adding component instance block -- xilinx.com:ip:blk_mem_gen:8.0 - blk_mem_gen_outblk
Adding component instance block -- xilinx.com:ip:axi_bram_ctrl:3.0 - bram_ctrl_in_blk
Adding component instance block -- xilinx.com:ip:blk_mem_gen:8.0 - blk_mem_gen_inblk
Adding component instance block -- xilinx.com:ip:axi_bram_ctrl:3.0 - bram_ctrl_outblk
Adding component instance block -- xilinx.com:ip:blk_mem_gen:8.0 - blk_mem_gen_outblk
Adding component instance block -- xilinx.com:ip:axi_bram_ctrl:3.0 - bram_ctrl_in_blk
Adding component instance block -- xilinx.com:ip:blk_mem_gen:8.0 - blk_mem_gen_inblk
Adding component instance block -- xilinx.com:ip:axi_protocol_converter:2.1 - auto_pc
Adding component instance block -- xilinx.com:ip:axi_crossbar:2.1 - xbar
Adding component instance block -- xilinx.com:ip:axi_protocol_converter:2.1 - auto_pc
Adding component instance block -- xilinx.com:ip:axi_crossbar:2.1 - xbar
Adding component instance block -- xilinx.com:ip:axi_protocol_converter:2.1 - auto_pc
Successfully read diagram <dma3> from BD file <dma3.srcs/sources_1/bd/dma3/dma3.bd>
open_bd_design: Time (s): cpu = 00:00:09 ; elapsed = 00:00:12 . Memory (MB): peak = 1025.688 ; gain = 218.672
# report_ip_status -name ipstatus
# update_ip_catalog -rebuild
INFO: [IP_Flow 19-234] Refreshing IP repositories
INFO: [IP_Flow 19-1700] Loaded user repository '/home/raghu/work/projects/dma3/hls/simple_top/solution1/impl'.
INFO: [IP_Flow 19-1700] Loaded user repository '/home/raghu/work/projects/dma3/hls/bmm_top/solution1/impl'.
INFO: [IP_Flow 19-1700] Loaded user repository '/home/raghu/work/projects/dma3/hls/fe_top/solution1/impl'.
missing close-bracket
    while executing
"upgrade_bd_cells [get_bd_cells [list /${hlsName}]
reset_run synth_1
launch_runs synth_1 -jobs 2
wait_on_run synth_1
launch_runs impl_1 -to_step write_..."
    (file "updateVivado.tcl" line 15)
INFO: [Common 17-206] Exiting Vivado at Mon May  5 18:46:25 2014...
