19:01:07 **** Build of project dma3_bsp ****
make -k all 
libgen -hw ../dma3/system.xml\
	       -lp /home/raghu/work/projects/dma3/hls/bmm_top/solution1/impl -lp /home/raghu/work/projects/dma3/hls/simple_top/solution1/impl -lp /home/raghu/work/projects/dma3/hls/fe_top/solution1/impl\
	       -pe ps7_cortexa9_0 \
	       -log libgen.log \
	       system.mss
libgen
Xilinx EDK 2013.3 Build EDK_P.20131013
Copyright (c) 1995-2012 Xilinx, Inc.  All rights reserved.

Command Line: libgen -hw ../dma3/system.xml -lp
/home/raghu/work/projects/dma3/hls/bmm_top/solution1/impl -lp
/home/raghu/work/projects/dma3/hls/simple_top/solution1/impl -lp
/home/raghu/work/projects/dma3/hls/fe_top/solution1/impl -pe ps7_cortexa9_0 -log
libgen.log system.mss 


Staging source files.
Running DRCs.
Running generate.
Running post_generate.
Running include - 'gmake -s include "COMPILER=arm-xilinx-eabi-gcc"
"ARCHIVER=arm-xilinx-eabi-ar" "COMPILER_FLAGS= -O2 -c"
"EXTRA_COMPILER_FLAGS=-g"'.

Running libs - 'gmake -s libs "COMPILER=arm-xilinx-eabi-gcc"
"ARCHIVER=arm-xilinx-eabi-ar" "COMPILER_FLAGS= -O2 -c"
"EXTRA_COMPILER_FLAGS=-g"'.
Compiling common
arm-xilinx-eabi-ar: creating ../../../lib/libxil.a
Compiling standalone
Compiling axicdma
Compiling bmm_top_top
Compiling devcfg
Compiling dmaps
Compiling emacps
Compiling gpiops
Compiling iicps
Compiling qspips
Compiling scugic
Compiling scutimer
Compiling scuwdt
Compiling ttcps
Compiling uartps
Compiling usbps
Compiling xadcps
Compiling cpu_cortexa9
Running execs_generate.
Finished building libraries

19:01:24 Build Finished (took 17s.456ms)

