@I [HLS-0] Workspace /home/raghu/work/projects/dma3/hls/fe_top/solution1 opened at Mon Apr 28 15:30:53 PDT 2014
@I [HLS-100] Command "config_clock -quiet -name default -period 10 -default=false "
@I [SYN-201] Setting up clock 'default' with a period of 10ns.
@I [HLS-100] Command 'config_clock' returned 0; elapsed 0Total elapsed time: 1.459 sec.
@I [HLS-100] Command "open_platform DefaultPlatform "
@I [HLS-100] Command 'open_platform' returned 0; elapsed 0Total elapsed time: 1.498 sec.
@I [HLS-100] Command "import_lib /home/raghu/work/tools/xilinx/Vivado_HLS/2013.3/common/technology/xilinx/zynq/zynq "
@I [HLS-100] Command "source /home/raghu/work/tools/xilinx/Vivado_HLS/2013.3/common/technology/xilinx/common/xilinx.lib "
@I [HLS-100] Command "source /home/raghu/work/tools/xilinx/Vivado_HLS/2013.3/common/technology/xilinx/interface/xilinx_interface.lib "
@I [HLS-100] Command "source /home/raghu/work/tools/xilinx/Vivado_HLS/2013.3/common/technology/xilinx/interface/plb46.lib "
@I [HLS-100] Command 'ap_source' returned 0; elapsed 0Total elapsed time: 1.543 sec.
@I [HLS-100] Command "source /home/raghu/work/tools/xilinx/Vivado_HLS/2013.3/common/technology/xilinx/interface/fsl.lib "
@I [HLS-100] Command 'ap_source' returned 0; elapsed 0Total elapsed time: 1.543 sec.
@I [HLS-100] Command "source /home/raghu/work/tools/xilinx/Vivado_HLS/2013.3/common/technology/xilinx/interface/axi4.lib "
@I [HLS-100] Command 'ap_source' returned 0; elapsed 0Total elapsed time: 1.543 sec.
@I [HLS-100] Command 'ap_source' returned 0; elapsed 0Total elapsed time: 1.544 sec.
@I [HLS-100] Command "source /home/raghu/work/tools/xilinx/Vivado_HLS/2013.3/common/technology/xilinx/common/dsp48.lib "
@I [HLS-100] Command 'ap_source' returned 0; elapsed 0Total elapsed time: 1.544 sec.
@I [HLS-100] Command "source /home/raghu/work/tools/xilinx/Vivado_HLS/2013.3/common/technology/xilinx/ip/xfft.lib "
@I [HLS-100] Command 'ap_source' returned 0; elapsed 0Total elapsed time: 1.545 sec.
@I [HLS-100] Command "source /home/raghu/work/tools/xilinx/Vivado_HLS/2013.3/common/technology/xilinx/ip/xfir.lib "
@I [HLS-100] Command 'ap_source' returned 0; elapsed 0Total elapsed time: 1.545 sec.
@I [HLS-100] Command 'ap_source' returned 0; elapsed 0.01Total elapsed time: 1.547 sec.
@I [HLS-100] Command "source /home/raghu/work/tools/xilinx/Vivado_HLS/2013.3/common/technology/xilinx/common/xilinx_old.lib "
@I [HLS-100] Command 'ap_source' returned 0; elapsed 0Total elapsed time: 1.557 sec.
@I [HLS-100] Command "source /home/raghu/work/tools/xilinx/Vivado_HLS/2013.3/common/technology/xilinx/common/xilinx_vivado.lib "
@I [HLS-100] Command 'ap_source' returned 0; elapsed 0Total elapsed time: 1.557 sec.
@I [HLS-100] Command "source /home/raghu/work/tools/xilinx/Vivado_HLS/2013.3/common/technology/xilinx/common/xilinx.hlp "
@I [HLS-100] Command "source /home/raghu/work/tools/xilinx/Vivado_HLS/2013.3/common/technology/xilinx/common/target_info.tcl "
@I [HLS-100] Command 'ap_source' returned 0; elapsed 0Total elapsed time: 1.583 sec.
@I [HLS-100] Command "source /home/raghu/work/tools/xilinx/Vivado_HLS/2013.3/common/technology/xilinx/common/dsp48.hlp "
@I [HLS-100] Command 'ap_source' returned 0; elapsed 0Total elapsed time: 1.584 sec.
@I [HLS-100] Command 'ap_source' returned 0; elapsed 0Total elapsed time: 1.584 sec.
@I [HLS-100] Command "source /home/raghu/work/tools/xilinx/Vivado_HLS/2013.3/common/technology/xilinx/zynq/dsp48e1.hlp "
@I [HLS-100] Command 'ap_source' returned 0; elapsed 0Total elapsed time: 1.594 sec.
@I [HLS-100] Command "get_default_platform "
@I [HLS-100] Command 'get_default_platform' returned 0; elapsed 0Total elapsed time: 1.594 sec.
@I [HLS-100] Command "config_chip_info -quiet -resource  {SLICE 13300}  {LUT 53200}     {FF 106400} {DSP48E 220}   {BRAM 280}  "
@I [HLS-100] Command 'config_chip_info' returned 0; elapsed 0Total elapsed time: 1.594 sec.
@I [HLS-100] Command "config_chip_info -quiet -speed medium "
@I [HLS-100] Command 'config_chip_info' returned 0; elapsed 0Total elapsed time: 1.594 sec.
@I [HLS-100] Command 'import_lib' returned 0; elapsed 0.02Total elapsed time: 1.595 sec.
@I [HLS-100] Command "source /home/raghu/work/tools/xilinx/Vivado_HLS/2013.3/common/technology/xilinx/zynq/zynq.gen "
@I [HLS-100] Command "source /home/raghu/work/tools/xilinx/Vivado_HLS/2013.3/common/technology/xilinx/common/virtex.gen "
@I [HLS-100] Command "source /home/raghu/work/tools/xilinx/Vivado_HLS/2013.3/common/technology/xilinx/common/xilinx.gen "
@I [HLS-100] Command "source /home/raghu/work/tools/xilinx/Vivado_HLS/2013.3/common/technology/xilinx/interface/plb46.gen "
@I [HLS-100] Command 'ap_source' returned 0; elapsed 0Total elapsed time: 1.627 sec.
@I [HLS-100] Command "source /home/raghu/work/tools/xilinx/Vivado_HLS/2013.3/common/technology/xilinx/interface/fsl.gen "
@I [HLS-100] Command 'ap_source' returned 0; elapsed 0Total elapsed time: 1.628 sec.
@I [HLS-100] Command "source /home/raghu/work/tools/xilinx/Vivado_HLS/2013.3/common/technology/xilinx/interface/axi4.gen "
@I [HLS-100] Command 'ap_source' returned 0; elapsed 0Total elapsed time: 1.631 sec.
@I [HLS-100] Command "source /home/raghu/work/tools/xilinx/Vivado_HLS/2013.3/common/technology/xilinx/scripts/xilinxcoregen.gen "
@I [HLS-100] Command 'ap_source' returned 0; elapsed 0.01Total elapsed time: 1.669 sec.
@I [HLS-100] Command "source /home/raghu/work/tools/xilinx/Vivado_HLS/2013.3/common/technology/xilinx/interface/XilEDKCoreGen.gen "
@I [HLS-100] Command 'ap_source' returned 0; elapsed 0Total elapsed time: 1.689 sec.
@I [HLS-100] Command "source /home/raghu/work/tools/xilinx/Vivado_HLS/2013.3/common/technology/xilinx/ip/xfft.gen "
@I [HLS-100] Command 'ap_source' returned 0; elapsed 0.12Total elapsed time: 1.807 sec.
@I [HLS-100] Command "source /home/raghu/work/tools/xilinx/Vivado_HLS/2013.3/common/technology/xilinx/ip/xfir.gen "
@I [HLS-100] Command "source /home/raghu/work/tools/xilinx/Vivado_HLS/2013.3/tps/tcl/tcllib1.11.1/struct/list.tcl "
@I [HLS-100] Command "source /home/raghu/work/tools/xilinx/Vivado_HLS/2013.3/tps/tcl/tcllib1.11.1/cmdline/cmdline.tcl "
@I [HLS-100] Command 'ap_source' returned 0; elapsed 0Total elapsed time: 1.852 sec.
@I [HLS-100] Command 'ap_source' returned 0; elapsed 0Total elapsed time: 1.853 sec.
@I [HLS-100] Command "source /home/raghu/work/tools/xilinx/Vivado_HLS/2013.3/tps/tcl/tcllib1.11.1/math/bignum.tcl "
@I [HLS-100] Command 'ap_source' returned 0; elapsed 0.01Total elapsed time: 1.867 sec.
@I [HLS-100] Command 'ap_source' returned 0; elapsed 0.03Total elapsed time: 1.875 sec.
@I [HLS-100] Command "source /home/raghu/work/tools/xilinx/Vivado_HLS/2013.3/common/technology/xilinx/ip/util.gen "
@I [HLS-100] Command 'ap_source' returned 0; elapsed 0Total elapsed time: 1.875 sec.
@I [HLS-100] Command 'ap_source' returned 0; elapsed 0.16Total elapsed time: 1.875 sec.
@I [HLS-100] Command "source /home/raghu/work/tools/xilinx/Vivado_HLS/2013.3/common/technology/xilinx/common/dsp48.gen "
@I [HLS-100] Command 'ap_source' returned 0; elapsed 0Total elapsed time: 1.876 sec.
@I [HLS-100] Command 'ap_source' returned 0; elapsed 0.16Total elapsed time: 1.877 sec.
@I [HLS-100] Command 'ap_source' returned 0; elapsed 0.16Total elapsed time: 1.877 sec.
@I [HLS-100] Command "open_platform DefaultPlatform "
@I [HLS-100] Command 'open_platform' returned 0; elapsed 0Total elapsed time: 1.877 sec.
@I [HLS-100] Command "import_lib /home/raghu/work/tools/xilinx/Vivado_HLS/2013.3/common/technology/xilinx/zynq/zynq_fpv6 "
@I [HLS-100] Command "source /home/raghu/work/tools/xilinx/Vivado_HLS/2013.3/common/technology/xilinx/common/xilinx_fpv7.lib "
@I [HLS-100] Command "source /home/raghu/work/tools/xilinx/Vivado_HLS/2013.3/common/technology/xilinx/common/xilinx_fpv6.lib "
@I [HLS-100] Command 'ap_source' returned 0; elapsed 0Total elapsed time: 1.899 sec.
@I [HLS-100] Command 'ap_source' returned 0; elapsed 0.01Total elapsed time: 1.901 sec.
@I [HLS-100] Command 'import_lib' returned 0; elapsed 0.02Total elapsed time: 1.926 sec.
@I [HLS-100] Command "source /home/raghu/work/tools/xilinx/Vivado_HLS/2013.3/common/technology/xilinx/zynq/zynq_fpv6.gen "
@I [HLS-100] Command "source /home/raghu/work/tools/xilinx/Vivado_HLS/2013.3/common/technology/xilinx/common/xilinx_fpv6.gen "
@I [HLS-100] Command 'ap_source' returned 0; elapsed 0Total elapsed time: 1.929 sec.
@I [HLS-100] Command 'ap_source' returned 0; elapsed 0Total elapsed time: 1.929 sec.
@I [HLS-100] Command "set_part xc7z045ffg900-1 "
@I [HLS-100] Command "add_library xilinx/zynq/zynq:xc7z045:ffg900:-1 "
@I [HLS-100] Command "get_default_platform "
@I [HLS-100] Command 'get_default_platform' returned 0; elapsed 0Total elapsed time: 1.931 sec.
@I [HLS-100] Command "license_exists VIVADO_HLS "
@I [HLS-100] Command 'license_exists' returned 1; elapsed 0Total elapsed time: 1.931 sec.
@I [HLS-100] Command "license_exists AUTOESL_NI "
@I [HLS-100] Command 'license_exists' returned 1; elapsed 0Total elapsed time: 1.931 sec.
@I [HLS-100] Command "license_exists HLS "
@I [HLS-100] Command 'license_exists' returned 0; elapsed 0Total elapsed time: 1.931 sec.
@I [HLS-100] Command "get_default_platform "
@I [HLS-100] Command 'get_default_platform' returned 0; elapsed 0Total elapsed time: 1.932 sec.
@I [HLS-100] Command "config_chip_info -quiet -resource  {SLICE 54650}  {LUT 218600}    {FF 437200} {DSP48E 900}   {BRAM 1090}  "
@I [HLS-100] Command 'config_chip_info' returned 0; elapsed 0Total elapsed time: 1.932 sec.
@I [HLS-100] Command "config_chip_info -quiet -speed slow "
@I [HLS-100] Command 'config_chip_info' returned 0; elapsed 0Total elapsed time: 1.932 sec.
@I [HLS-100] Command 'add_library' returned 0; elapsed 0.01Total elapsed time: 1.933 sec.
@I [HLS-100] Command "add_library xilinx/zynq/zynq_fpv6 "
@I [HLS-100] Command "get_default_platform "
@I [HLS-100] Command 'get_default_platform' returned 0; elapsed 0Total elapsed time: 1.933 sec.
@I [HLS-100] Command "license_exists VIVADO_HLS "
@I [HLS-100] Command 'license_exists' returned 1; elapsed 0Total elapsed time: 1.933 sec.
@I [HLS-100] Command "license_exists AUTOESL_NI "
@I [HLS-100] Command 'license_exists' returned 1; elapsed 0Total elapsed time: 1.933 sec.
@I [HLS-100] Command "license_exists HLS "
@I [HLS-100] Command 'license_exists' returned 0; elapsed 0Total elapsed time: 1.933 sec.
@I [HLS-100] Command 'add_library' returned 0; elapsed 0Total elapsed time: 1.934 sec.
@I [HLS-10] Setting target device to 'xc7z045ffg900-1'
@I [HLS-100] Command 'set_part' returned 0; elapsed 0.01Total elapsed time: 1.934 sec.
@I [HLS-100] Command "get_default_platform "
@I [HLS-100] Command 'get_default_platform' returned 0; elapsed 0Total elapsed time: 1.934 sec.
@I [HLS-100] Command "config_chip_info -quiet -resource  {SLICE 54650}  {LUT 218600}    {FF 437200} {DSP48E 900}   {BRAM 1090}  "
@I [HLS-100] Command 'config_chip_info' returned 0; elapsed 0Total elapsed time: 1.934 sec.
@I [HLS-100] Command "config_chip_info -quiet -speed slow "
@I [HLS-100] Command 'config_chip_info' returned 0; elapsed 0Total elapsed time: 1.934 sec.
@I [HLS-100] Command 'open_solution' returned 0; elapsed 0.22Total elapsed time: 1.935 sec.
@I [HLS-100] Command "csynth_design "
@I [HLS-100] Command "elaborate -effort=medium -skip_syncheck=0 -lm=0 -skip_transform=0 -ng=0 -g=0 -opt_fp=0 "
@I [HLS-10] Analyzing design file 'fe_top/fe_top.cpp' ... 
@0 [HLS-0] Analyzing design file 'fe_top/fe_top.cpp' ... 
@I [HLS-0] Compiling one TU...
@I [HLS-0] 
Checking before pre-process: exec clang -gcc-toolchain "/home/raghu/work/tools/xilinx/Vivado_HLS/2013.3/lnx64/tools/gcc" -hls    -D "__asm__(...)=" -fno-math-errno -c -emit-llvm -O0  -mllvm -disable-llvm-optzns -fno-threadsafe-statics  -fno-use-cxa-atexit  -fno-threadsafe-statics -fno-use-cxa-atexit   -I "/home/raghu/work/tools/xilinx/Vivado_HLS/2013.3/lnx64/tools/systemc/include" -I "/home/raghu/work/tools/xilinx/Vivado_HLS/2013.3/include" -I "/home/raghu/work/tools/xilinx/Vivado_HLS/2013.3/include/ap_sysc" -fexceptions "fe_top/fe_top.cpp"  -o "/home/raghu/work/projects/dma3/hls/fe_top/solution1/.autopilot/db/fe_top.pp.00.o"

@I [HLS-0] Syntax Checker time: 2 seconds per iteration
@I [HLS-0] 
Source preprocessing: exec clang -gcc-toolchain "/home/raghu/work/tools/xilinx/Vivado_HLS/2013.3/lnx64/tools/gcc" -hls -fno-exceptions  -D__llvm__  -CC -E "fe_top/fe_top.cpp"     -D "__asm__(...)=" -fno-math-errno -c -emit-llvm -O0  -mllvm -disable-llvm-optzns -fno-threadsafe-statics  -fno-use-cxa-atexit  -fno-threadsafe-statics -fno-use-cxa-atexit -DAESL_SYN -D__SYNTHESIS__ -D__HLS_SYN__ -I "/home/raghu/work/tools/xilinx/Vivado_HLS/2013.3/common/technology/autopilot" -I "/home/raghu/work/tools/xilinx/Vivado_HLS/2013.3/common/technology/autopilot/ap_sysc" -include etc/autopilot_ssdm_op.h -D "__asm__(...)="  -o "/home/raghu/work/projects/dma3/hls/fe_top/solution1/.autopilot/db/fe_top.pp.0.cpp"

@I [HLS-0] GCC PP time: 0 seconds per iteration
@I [HLS-100] Command "list_core -type functional_unit "
@I [HLS-100] Command 'list_core' returned 0; elapsed 0Total elapsed time: 4.468 sec.
@I [HLS-0] Marker-Pragma convertor: /home/raghu/work/projects/dma3/hls/fe_top/solution1/.autopilot/db/fe_top.pp.0.cpp /home/raghu/work/projects/dma3/hls/fe_top/solution1/.autopilot/db/fe_top.pp.0.cpp.ap-line.cpp /home/raghu/work/projects/dma3/hls/fe_top/solution1/.autopilot/db/fe_top.pp.0.cpp.ap-line.cpp.CXX 1
@I [HLS-0] 
Source processor: exec /home/raghu/work/tools/xilinx/Vivado_HLS/2013.3/tps/lnx64/jre/bin/java -Xmx512m -classpath   "/home/raghu/work/tools/xilinx/Vivado_HLS/2013.3/lib/classes/autopilot.sourceprocessor.jar:/home/raghu/work/tools/xilinx/Vivado_HLS/2013.3/lib/classes/org.eclipse.cdt.core_5.3.0.xilinx_patch.jar:/home/raghu/work/tools/xilinx/Vivado_HLS/2013.3/lib/classes/org.eclipse.core.runtime_3.7.0.v20110110.jar:/home/raghu/work/tools/xilinx/Vivado_HLS/2013.3/lib/classes/org.eclipse.equinox.common_3.6.0.v20110523.jar:/home/raghu/work/tools/xilinx/Vivado_HLS/2013.3/lib/classes/com.ibm.icu_4.4.2.v20110208.jar:/home/raghu/work/tools/xilinx/Vivado_HLS/2013.3/lib/classes/jargs.jar:/home/raghu/work/tools/xilinx/Vivado_HLS/2013.3/lnx64/tools/eclipse/plugins/org.eclipse.emf.common_2.7.0.v20120127-1122.jar:/home/raghu/work/tools/xilinx/Vivado_HLS/2013.3/lnx64/tools/eclipse/plugins/org.eclipse.emf.ecore_2.7.0.v20120127-1122.jar:/home/raghu/work/tools/xilinx/Vivado_HLS/2013.3/lnx64/tools/eclipse/plugins/org.eclipse.emf.ecore.xmi_2.7.0.v20120127-1122.jar:/home/raghu/work/tools/xilinx/Vivado_HLS/2013.3/lnx64/tools/eclipse/plugins/com.autoesl.autopilot.ui.directiveFileModel_1.0.0.jar:/home/raghu/work/tools/xilinx/Vivado_HLS/2013.3/lnx64/tools/eclipse/plugins/com.autoesl.autopilot.ui.common_1.0.0.jar"  autopilot.sourceprocessor.CParser  "/home/raghu/work/projects/dma3/hls/fe_top/solution1/.autopilot/db/fe_top.pp.0.cpp.ap-line.cpp"  -m "fe_top" -o "/home/raghu/work/projects/dma3/hls/fe_top/solution1/.autopilot/db/fe_top.pp.0.cpp.ap-cdt.cpp" --ad --pc --pp --directive /home/raghu/work/projects/dma3/hls/fe_top/solution1/solution1.directive --source /home/raghu/work/projects/dma3/hls/fe_top/fe_top.cpp --error /home/raghu/work/projects/dma3/hls/fe_top/solution1/.autopilot/db --funcunit "AddSub AddSubnS Mul MulnS Mul2S Mul3S Mul4S Mul5S Mul6S DivnS AddSub_DSP FDiv FSqrt DDiv DSqrt DRecip DRSqrt FAddSub_nodsp FAddSub_fulldsp FMul_nodsp FMul_meddsp FMul_fulldsp FMul_maxdsp FRSqrt_nodsp FRSqrt_fulldsp FRecip_nodsp FRecip_fulldsp FLog_nodsp FLog_meddsp FLog_fulldsp FExp_nodsp FExp_meddsp FExp_fulldsp DAddSub_nodsp DAddSub_fulldsp DMul_nodsp DMul_meddsp DMul_fulldsp DMul_maxdsp DLog_nodsp DLog_meddsp DLog_fulldsp DExp_nodsp DExp_meddsp DExp_fulldsp" --ce --tcl /home/raghu/work/projects/dma3/hls/fe_top/solution1/.autopilot/db --ve --vetcl /home/raghu/work/projects/dma3/hls/fe_top/solution1/.autopilot/db --lp --ca --es --gf --nk --df --pd --p2d /home/raghu/work/projects/dma3/hls/fe_top/solution1/.autopilot/db --sd --scff /home/raghu/work/projects/dma3/hls/fe_top/solution1/.autopilot/db/.systemc_flag

@I [HLS-0] Error:Syntax error in source:for (__decltype(__n + 0) __niter = __n;
Error:Missing ; in source:t
Error:Syntax error in source:)
 *__first = __value;
Error:Syntax error in source:for (__decltype(__n + 0) __niter = __n;
Error:Missing ; in source:t
Error:Syntax error in source:)
 *__first = __tmp;
@I [HLS-0] Marker-Pragma convertor: /home/raghu/work/projects/dma3/hls/fe_top/solution1/.autopilot/db/fe_top.pp.0.cpp.ap-cdt.cpp /home/raghu/work/projects/dma3/hls/fe_top/solution1/.autopilot/db/fe_top.pragma.0.cpp /home/raghu/work/projects/dma3/hls/fe_top/solution1/.autopilot/db/fe_top.pragma.0.cpp.ap-line.CXX 0
@I [HLS-100] Command "source /home/raghu/work/projects/dma3/hls/fe_top/solution1/.autopilot/db/pragma.status.tcl "
@I [HLS-100] Command 'ap_source' returned 0; elapsed 0Total elapsed time: 22.250 sec.
@I [HLS-0] CDT processor time: 17 seconds per iteration
@I [HLS-0] Pragma handling time: 0 seconds per iteration
@I [HLS-0] 
Source preprocessing: exec clang -gcc-toolchain "/home/raghu/work/tools/xilinx/Vivado_HLS/2013.3/lnx64/tools/gcc" -hls -fno-exceptions  -D__llvm__  -CC -E "/home/raghu/work/projects/dma3/hls/fe_top/solution1/.autopilot/db/fe_top.pragma.1.cpp"     -D "__asm__(...)=" -fno-math-errno -c -emit-llvm -O0  -mllvm -disable-llvm-optzns -fno-threadsafe-statics  -fno-use-cxa-atexit  -fno-threadsafe-statics -fno-use-cxa-atexit -DAESL_SYN -D__SYNTHESIS__ -D__HLS_SYN__ -I "/home/raghu/work/tools/xilinx/Vivado_HLS/2013.3/common/technology/autopilot" -I "/home/raghu/work/tools/xilinx/Vivado_HLS/2013.3/common/technology/autopilot/ap_sysc" -include etc/autopilot_ssdm_op.h -D "__asm__(...)="  -o "/home/raghu/work/projects/dma3/hls/fe_top/solution1/.autopilot/db/fe_top.pragma.2.cpp"

@I [HLS-0] exec clang -gcc-toolchain /home/raghu/work/tools/xilinx/Vivado_HLS/2013.3/lnx64/tools/gcc -hls -fno-exceptions  -D__llvm__  -w  "/home/raghu/work/projects/dma3/hls/fe_top/solution1/.autopilot/db/fe_top.pragma.2.cpp"    -D "__asm__(...)=" -fno-math-errno -c -emit-llvm -O0  -mllvm -disable-llvm-optzns -fno-threadsafe-statics  -fno-use-cxa-atexit -DAESL_SYN -D__SYNTHESIS__ -D__HLS_SYN__ -I "/home/raghu/work/tools/xilinx/Vivado_HLS/2013.3/common/technology/autopilot" -I "/home/raghu/work/tools/xilinx/Vivado_HLS/2013.3/common/technology/autopilot/ap_sysc" -include etc/autopilot_ssdm_op.h -g -o "/home/raghu/work/projects/dma3/hls/fe_top/solution1/.autopilot/db/fe_top.g.bc"
@I [HLS-100] Command "source /home/raghu/work/projects/dma3/hls/fe_top/solution1/.autopilot/db/ve_warning.tcl "
@I [HLS-100] Command 'ap_source' returned 0; elapsed 0Total elapsed time: 23.503 sec.
@I [HLS-10] Validating synthesis directives ...
@0 [HLS-0] Validating synthesis directives ...
@I [HLS-100] Command "source /home/raghu/work/projects/dma3/hls/fe_top/solution1/.autopilot/db/pragma.status.tcl "
@I [HLS-100] Command 'ap_source' returned 0; elapsed 0Total elapsed time: 23.503 sec.
@I [HLS-0] Linking all ...
@I [HLS-0] exec llvm-ld  "/home/raghu/work/projects/dma3/hls/fe_top/solution1/.autopilot/db/fe_top.bc"  -disable-opt  -L/home/raghu/work/tools/xilinx/Vivado_HLS/2013.3/lnx64/lib -lm_basic -o "/home/raghu/work/projects/dma3/hls/fe_top/solution1/.autopilot/db/a.o.pre"
@I [HLS-0] Link time: 0 seconds per iteration
@I [HLS-0] Linking all ...
@I [HLS-0] exec llvm-ld  "/home/raghu/work/projects/dma3/hls/fe_top/solution1/.autopilot/db/fe_top.g.bc"  -disable-opt  -L/home/raghu/work/tools/xilinx/Vivado_HLS/2013.3/lnx64/lib -lm_basic -o "/home/raghu/work/projects/dma3/hls/fe_top/solution1/.autopilot/db/a.g.pre"
@I [HLS-0] Link time: 0 seconds per iteration
@I [HLS-100] Command "opt_and_import_c a -opt_level=2 -skip_syncheck=0 -ng=0 "
@I [HLS-100] Command "cleanup_all_models "
@I [HLS-100] Command 'cleanup_all_models' returned 0; elapsed 0Total elapsed time: 23.734 sec.
@I [HLS-10] Checking synthesizability ...
@0 [HLS-0] Checking synthesizability ...
@I [HLS-0] std xform: transform -hls -share-std-xform -always-inline -promote-dbg-pointer  -interface-preproc  -scalarrepl -mem2reg -keep-read-access -instcombine -dce  -promote-dbg-pointer  -bitop-raise  -basicaa  -simplifycfg -mem2reg -globalopt  -global-constprop -deadargelim -instcombine -simplifycfg  -prune-eh -simplifycfg  -scalarrepl -instcombine -reassociate -licm  -simplifycfg -loop-simplify -indvars -instcombine  -simplifycfg -mem2reg -loop-simplify -indvars -instcombine  -gvn -gvn -instcombine -dse -adce  -break-crit-edges  -simplifycfg -loop-delete  -global-array-opt  -find-syn-modules -top fe_top  -deadargelim  -mem2reg -instcombine -dce  -presyn-prepare -auto-rom-infer  -syn-check -check-rec-only  -find-region -simplifycfg -func-extr -function-inline  -mem2reg -instcombine -dce   -gvn -adce -adse  -constprop -instcombine -bit-constprop  -instcombine -dce -simplifycfg -bitop-raise  -simplifycfg -dce -loop-delete  -globalopt -global-privatize -mem2reg -dce  -global-constprop -pointer-simplify -constprop -dce  -promote-dbg-pointer  -norm-name   /home/raghu/work/projects/dma3/hls/fe_top/solution1/.autopilot/db/a.g.bc -o /home/raghu/work/projects/dma3/hls/fe_top/solution1/.autopilot/db/a.g.1.bc -f  -phase std-opt
@I [HLS-0] Std xform time: 0 seconds per iteration
@I [HLS-0] syn check 1/2: transform -hls -syn-check -check-rec-only -disaggr -scalarrepl -norm-name -dce  -mem2reg -instcombine  -directive-preproc -mem2reg -dse -dce -auto-rom-infer -dce  -array-normalize -instcombine -dce  -array-seg-normalize -instcombine -dce  -array-flatten -instcombine -dce  -array-burst -dce  -deadargelim -promote-global-argument  -doublePtrSimplify -doublePtrElim -dce  -doublePtrSimplify -promote-dbg-pointer  -dce -scalarrepl -dse -adse -instcombine  -ptrLegalization  -simplifycfg -dce -instcombine  -pointer-simplify -ptrArgReplace -dce -instcombine   -disaggr -scalarrepl -norm-name -dce  -mem2reg -instcombine -ptrLegalization   -simplifycfg  -instcombine -dce -inst-simplify  -directive-preproc -mem2reg -dse -dce  -globaldce    /home/raghu/work/projects/dma3/hls/fe_top/solution1/.autopilot/db/a.g.1.bc -o /home/raghu/work/projects/dma3/hls/fe_top/solution1/.autopilot/db/a.g.2.prechk.bc -f
@I [HLS-0] Syn check 1/2 time: 0 seconds per iteration
@I [HLS-0] syn check 2/2: transform -syn-check   -interface-gen -constprop -dse -dce  /home/raghu/work/projects/dma3/hls/fe_top/solution1/.autopilot/db/a.g.2.prechk.bc -o /home/raghu/work/projects/dma3/hls/fe_top/solution1/.autopilot/db/a.g.2.bc -f  -phase syn-check
@I [HLS-0] Syn check 2/2 time: 0 seconds per iteration
@I [HLS-10] Starting code transformations ...
@0 [HLS-0] Starting code transformations ...
@I [HLS-0] Compiler optimizing ...
@I [HLS-0] Share syncheck's 1.bc for syn flow: copy /home/raghu/work/projects/dma3/hls/fe_top/solution1/.autopilot/db/a.g.1.bc to /home/raghu/work/projects/dma3/hls/fe_top/solution1/.autopilot/db/a.o.1.bc
@I [HLS-0] presyn 1: transform -hls  -directive-preproc -mem2reg -dse -dce  -disaggr -scalarrepl -norm-name -deadargelim  -mem2reg -instcombine -dce -auto-rom-infer -dce  -directive-preproc -mem2reg -dse -dce  -func-buffer -dce -array-normalize  -func-legal -instcombine -gvn -constprop -dce   -ptrArgReplace -mem2reg -instcombine -dce  -array-seg-normalize -global-constprop -deadargelim  -instcombine -dce  -pointer-simplify -dce  -data-pack -instcombine -dce   -loop-simplify -indvars -instcombine  -gvn -loop-simplify -mem2reg -dce -simplifycfg  -find-region -instcombine  -array-burst -dce  -inst-simplify  -interface-preproc  -indvars -auto-loop-unroll -loop-simplify -xunroll  -constprop -instcombine -simplifycfg -indvars  -simplifycfg -dce -globaldce  -gvn -disable-agg-range -inst-simplify  -constprop -simplifycfg -dce  -pointer-simplify -dce  -array-transform-check  -globalopt -constprop -dce  -array-promote -constprop -instcombine -dce -auto-par -array-partition -instcombine -dce  -global-constprop -deadargelim -ptrArgReplace -mem2reg  -func-legal -instcombine -dce  -array-reshape -instcombine -simplifycfg -dce   -mem-intrinsic-preproc -dce  -global-privatize  -mem2reg -globaldce  -promote-global-argument  -ptrArgReplace -mem2reg -instcombine -dce  -globalopt -mergereturn -simplify-global-access -mem2reg -dce  -pointer-simplify -dce  -functionattrs  -basicaa -aggr-aa -aggrmodref-aa -aggr-aa -gvn -gvn  -basicaa -aggr-aa -aggrmodref-aa -aggr-aa -dse -adse -adce  -inst-simplify -dce -norm-name  -function-inline  -func-inst -constprop -instcombine -simplifycfg -dce  -func-legal -dce   -directive-preproc -mem2reg -dse -dce  -loop-bound  -arraycheck -bitwidthmin -on-by-dataflow  -instcombine -simplifycfg -dce -loop-simplify -simplifycfg -loop-stream -instcombine -simplifycfg -dce -globaldce  -funstream-prep -function-stream -dce -globaldce  -array-streaming -instcombine -simplifycfg -dce      -group-axi-access  -simplifycfg -dce -loop-delete  -norm-name  /home/raghu/work/projects/dma3/hls/fe_top/solution1/.autopilot/db/a.o.1.bc -o /home/raghu/work/projects/dma3/hls/fe_top/solution1/.autopilot/db/a.o.1.tmp.bc -f
@I [HLS-0] Presyn 1 time: 0 seconds per iteration
@I [HLS-0] presyn 2: transform -hls -keep-callgraph -scalarrepl -mem2reg  -indvars -loop-bound  -instcombine -dce  -merge-array-access -mem2reg -dce  -clean-region -mergereturn -if-conv  -instcombine -dce -constprop  -basicaa -aggr-aa -aggrmodref-aa -aggr-aa -gvn -gvn  -basicaa -aggr-aa -aggrmodref-aa -aggr-aa -dse -adse -adce  -scalarrepl -mem2reg  -global-constprop -deadargelim -deadargelim  -instcombine -dce -simplifycfg    -ptrArgReplace -mem2reg -function-inline  -mem2reg -instcombine -dce -expr-balance  -instcombine -dce  -bitwidthmin  -directive-preproc  -inst-rectify -instcombine -dce  -functionattrs  -constprop -instcombine -bit-constprop  -globalopt -globaldce  -inst-simplify -instcombine -elimdeaddata -dce  -loop-delete -simplifycfg   -norm-name /home/raghu/work/projects/dma3/hls/fe_top/solution1/.autopilot/db/a.o.1.tmp.bc -o /home/raghu/work/projects/dma3/hls/fe_top/solution1/.autopilot/db/a.o.2.bc -f  -phase presyn
@I [HLS-0] Presyn 2 time: 0 seconds per iteration
@I [HLS-0] build ssdm: transform -hls -function-uniquify -auto-function-inline  -loop-simplify -indvars -licm -loop-dep  -loop-bound -licm -loop-simplify -flattenloopnest  -array-flatten -gvn -instcombine -dce  -promote-global-argument  -array-map -dce -func-legal  -gvn -adce -instcombine -cfgopt -simplifycfg -loop-simplify   -basicaa -aggrmodref-aa -globalsmodref-aa -aggr-aa -gvn -gvn  -basicaa -aggrmodref-aa -globalsmodref-aa -aggr-aa -dse -adse -adce  -inst-simplify -dce  -array-streaming -instcombine  -dce   -deadargelim -doublePtrSimplify -doublePtrElim  -dce -doublePtrSimplify -promote-dbg-pointer -dce  -scalarrepl -mem2reg -disaggr -norm-name -mem2reg  -instcombine  -dse -adse -adce -ptrLegalization -dce -instcombine  -loop-rot -constprop -cfgopt -simplifycfg -indvars -pointer-simplify -dce -loop-bound  -loop-simplify -loop-preproc  -constprop -gvn -mem2reg -instcombine -dce  -loop-merge -dce  -bitwidthmin  -directive-preproc -inst-simplify -dce  -interface-gen -gvn -mem2reg -instcombine -dce -adse  -loop-bound  -instcombine -cfgopt -simplifycfg -loop-simplify  -clean-region -io-protocol  -find-region -mem2reg  -loop-simplify -phi-opt -bitop-raise  -inst-simplify -inst-rectify -instcombine -adce  -cfgopt -simplifycfg -strip-dead-prototypes  -interface-lower -bitop-lower -intrinsic-lower  -basicaa -aggrmodref-aa -globalsmodref-aa -aggr-aa  -inst-simplify -simplifycfg   -mergereturn -inst-simplify -inst-rectify -dce -bitop-lower  -loop-rewind -cfgopt  -norm-name -legalize -read-loop-dep -dce -bitwidth   -cdfg-build  /home/raghu/work/projects/dma3/hls/fe_top/solution1/.autopilot/db/a.o.2.bc -o /home/raghu/work/projects/dma3/hls/fe_top/solution1/.autopilot/db/a.o.3.bc -f  -phase build-ssdm
@I [HLS-0] Build ssdm time: 0 seconds per iteration
@I [HLS-0] Finish building internal data model.
@I [HLS-100] Command 'opt_and_import_c' returned 0; elapsed 0.38Total elapsed time: 24.413 sec.
@I [HLS-111] Elapsed time: 2.23 seconds; current memory usage: 49.7 MB.
@I [HLS-100] Command 'elaborate' returned 0; elapsed 1.73Total elapsed time: 24.414 sec.
@I [HLS-100] Command "autosyn "
@I [HLS-10] Starting hardware synthesis ...
@0 [HLS-0] Starting hardware synthesis ...
@I [HLS-0] Synthesizing C/C++ design ...
@I [HLS-10] Synthesizing 'fe_top' ...
@0 [HLS-0] Synthesizing 'fe_top' ...
@I [HLS-100] Command "ap_set_top_model fe_top "
@I [HLS-100] Command 'ap_set_top_model' returned 0; elapsed 0Total elapsed time: 24.414 sec.
@I [HLS-100] Command "get_model_list fe_top -filter all-wo-channel -topdown "
@I [HLS-100] Command 'get_model_list' returned 0; elapsed 0Total elapsed time: 24.415 sec.
@I [HLS-100] Command "preproc_iomode -model fe_top "
@I [HLS-100] Command 'preproc_iomode' returned 0; elapsed 0Total elapsed time: 24.434 sec.
@I [HLS-100] Command "get_model_list fe_top -filter all-wo-channel "
@I [HLS-100] Command 'get_model_list' returned 0; elapsed 0Total elapsed time: 24.434 sec.
@I [HLS-0] Model list for configure: fe_top
@I [HLS-0] Configuring Module : fe_top ...
@I [HLS-100] Command "set_default_model fe_top "
@I [HLS-100] Command 'set_default_model' returned 0; elapsed 0Total elapsed time: 24.435 sec.
@I [HLS-100] Command "apply_spec_resource_limit fe_top "
@I [HLS-100] Command 'apply_spec_resource_limit' returned 0; elapsed 0Total elapsed time: 24.435 sec.
@I [HLS-0] Model list for preprocess: fe_top
@I [HLS-0] Preprocessing Module: fe_top ...
@I [HLS-100] Command "set_default_model fe_top "
@I [HLS-100] Command 'set_default_model' returned 0; elapsed 0Total elapsed time: 24.435 sec.
@I [HLS-100] Command "cdfg_preprocess -model fe_top "
@I [HLS-100] Command 'cdfg_preprocess' returned 0; elapsed 0Total elapsed time: 24.437 sec.
@I [HLS-100] Command "rtl_gen_preprocess fe_top "
@I [HLS-100] Command 'rtl_gen_preprocess' returned 0; elapsed 0Total elapsed time: 24.438 sec.
@I [HLS-0] Model list for synthesis: fe_top
@I [HLS-10] ----------------------------------------------------------------
@0 [HLS-0] ----------------------------------------------------------------
@I [HLS-10] -- Scheduling module 'fe_top' 
@0 [HLS-0] -- Scheduling module 'fe_top' 
@I [HLS-10] ----------------------------------------------------------------
@0 [HLS-0] ----------------------------------------------------------------
@I [HLS-100] Command "set_default_model fe_top "
@I [HLS-100] Command 'set_default_model' returned 0; elapsed 0Total elapsed time: 24.438 sec.
@I [HLS-100] Command "schedule -model fe_top "
@I [SCHED-11] Starting scheduling ...
@I [SCHED-11] Finished scheduling.
@I [HLS-100] Command 'schedule' returned 0; elapsed 0.02Total elapsed time: 24.547 sec.
@I [HLS-111] Elapsed time: 0.03 seconds; current memory usage: 49.9 MB.
@I [HLS-100] Command "report -o /home/raghu/work/projects/dma3/hls/fe_top/solution1/.autopilot/db/fe_top.verbose.sched.rpt -verbose -f "
@I [HLS-100] Command 'report' returned 0; elapsed 0Total elapsed time: 24.553 sec.
@I [HLS-100] Command "db_write -o /home/raghu/work/projects/dma3/hls/fe_top/solution1/.autopilot/db/fe_top.sched.adb -f "
@I [HLS-100] Command 'db_write' returned 0; elapsed 0Total elapsed time: 24.556 sec.
@I [HLS-0] Finish scheduling fe_top.
@I [HLS-10] ----------------------------------------------------------------
@0 [HLS-0] ----------------------------------------------------------------
@I [HLS-10] -- Exploring micro-architecture for module 'fe_top' 
@0 [HLS-0] -- Exploring micro-architecture for module 'fe_top' 
@I [HLS-10] ----------------------------------------------------------------
@0 [HLS-0] ----------------------------------------------------------------
@I [HLS-100] Command "set_default_model fe_top "
@I [HLS-100] Command 'set_default_model' returned 0; elapsed 0Total elapsed time: 24.557 sec.
@I [HLS-100] Command "bind -model fe_top "
@I [BIND-110] clear=
@I [BIND-110] debug=
@I [BIND-110] drf=
@I [BIND-110] effort=
@I [BIND-110] fast_refine=
@I [BIND-110] fu_weight=[ 0.0 -- 1.0 ]
@I [BIND-110] global_opt=
@I [BIND-110] gsearch=
@I [BIND-110] help=
@I [BIND-110] help-hidden=
@I [BIND-110] min_mem_port=
@I [BIND-110] min_op=
@I [BIND-110] minreg=
@I [BIND-110] ml=
@I [BIND-110] model=fe_top
@I [BIND-110] no_false_path=
@I [BIND-110] no_min_op=
@I [BIND-110] normalize=
@I [BIND-110] quiet=
@I [BIND-110] refine=
@I [BIND-110] reg_weight=[ 0.0 -- 1.0 ]
@I [BIND-110] search=
@I [BIND-110] tight_delay=
@I [BIND-110] verbose=
@I [BIND-110] wFF=
@I [BIND-110] wFU=
@I [BIND-110] wMUX=
@I [BIND-110] wNET=
@I [BIND-100] Starting micro-architecture generation ...
@I [BIND-101] Performing variable lifetime analysis.
@I [BIND-101] Exploring resource sharing.
@I [BIND-101] Binding ...
@I [BIND-100] Finished micro-architecture generation.
@I [HLS-100] Command 'bind' returned 0; elapsed 0Total elapsed time: 24.582 sec.
@I [HLS-111] Elapsed time: 0.01 seconds; current memory usage: 50.1 MB.
@I [HLS-100] Command "report -o /home/raghu/work/projects/dma3/hls/fe_top/solution1/.autopilot/db/fe_top.verbose.bind.rpt -verbose -f "
@I [HLS-100] Command 'report' returned 0; elapsed 0.01Total elapsed time: 24.588 sec.
@I [HLS-100] Command "db_write -o /home/raghu/work/projects/dma3/hls/fe_top/solution1/.autopilot/db/fe_top.bind.adb -f "
@I [HLS-100] Command 'db_write' returned 0; elapsed 0Total elapsed time: 24.590 sec.
@I [HLS-0] Finish binding fe_top.
@I [HLS-100] Command "get_model_list fe_top -filter all-wo-channel "
@I [HLS-100] Command 'get_model_list' returned 0; elapsed 0Total elapsed time: 24.591 sec.
@I [HLS-0] Preprocessing for RTLGen ...
@I [HLS-100] Command "rtl_gen_preprocess fe_top "
@I [HLS-100] Command 'rtl_gen_preprocess' returned 0; elapsed 0Total elapsed time: 24.591 sec.
@I [HLS-0] Model list for RTL generation: fe_top
@I [HLS-10] ----------------------------------------------------------------
@0 [HLS-0] ----------------------------------------------------------------
@I [HLS-10] -- Generating RTL for module 'fe_top' 
@0 [HLS-0] -- Generating RTL for module 'fe_top' 
@I [HLS-10] ----------------------------------------------------------------
@0 [HLS-0] ----------------------------------------------------------------
@I [HLS-100] Command "create_rtl_model fe_top -vendor xilinx -mg_file /home/raghu/work/projects/dma3/hls/fe_top/solution1/.autopilot/db/fe_top.compgen.tcl "
@I [RTGEN-500] Setting interface mode on port 'fe_top/start' to 'ap_none'.
@W [RTGEN-101] Port 'start' with mode 'ap_none' may require an associated data valid signal to correctly communicate with other blocks or a test bench; automatic C/RTL co-simulation may not be able to verify such a port.
@I [RTGEN-500] Setting interface mode on port 'fe_top/idle' to 'ap_none'.
@I [RTGEN-500] Setting interface mode on port 'fe_top/done' to 'ap_none'.
@I [RTGEN-500] Setting interface mode on function 'fe_top' to 'ap_ctrl_hs'.
@I [RTGEN-100] Finished creating RTL model for 'fe_top'.
@I [HLS-100] Command 'create_rtl_model' returned 0; elapsed 0.01Total elapsed time: 24.651 sec.
@I [HLS-111] Elapsed time: 0.02 seconds; current memory usage: 50.2 MB.
@I [HLS-100] Command "source /home/raghu/work/projects/dma3/hls/fe_top/solution1/.autopilot/db/fe_top.rtl_wrap.cfg.tcl "
@I [HLS-100] Command 'ap_source' returned 0; elapsed 0Total elapsed time: 24.653 sec.
@I [HLS-100] Command "gen_rtl fe_top -istop -style xilinx -tracefl mytrace -tracefmt vcd -traceopt all -f -lang sc -o /home/raghu/work/projects/dma3/hls/fe_top/solution1/syn/systemc/fe_top -synmodules fe_top "
@I [HLS-100] Command 'gen_rtl' returned 0; elapsed 0Total elapsed time: 24.654 sec.
@I [HLS-100] Command "gen_rtl fe_top -istop -style xilinx -f -lang vhdl -o /home/raghu/work/projects/dma3/hls/fe_top/solution1/syn/vhdl/fe_top "
@I [HLS-100] Command 'gen_rtl' returned 0; elapsed 0Total elapsed time: 24.657 sec.
@I [HLS-100] Command "gen_rtl fe_top -istop -style xilinx -f -lang vlog -o /home/raghu/work/projects/dma3/hls/fe_top/solution1/syn/verilog/fe_top "
@I [HLS-100] Command 'gen_rtl' returned 0; elapsed 0Total elapsed time: 24.658 sec.
@I [HLS-100] Command "export_constraint_db -o /home/raghu/work/projects/dma3/hls/fe_top/solution1/.autopilot/db/fe_top.constraint.tcl -f -tool general "
@I [HLS-100] Command 'export_constraint_db' returned 0; elapsed 0Total elapsed time: 24.659 sec.
@I [HLS-100] Command "report -model fe_top -o /home/raghu/work/projects/dma3/hls/fe_top/solution1/.autopilot/db/fe_top.design.xml -verbose -f -dv "
@I [HLS-100] Command 'report' returned 0; elapsed 0.01Total elapsed time: 24.661 sec.
@I [HLS-100] Command "gen_tb_info fe_top -o /home/raghu/work/projects/dma3/hls/fe_top/solution1/.autopilot/db/fe_top -p /home/raghu/work/projects/dma3/hls/fe_top/solution1/.autopilot/db "
@I [HLS-100] Command 'gen_tb_info' returned 0; elapsed 0Total elapsed time: 24.662 sec.
@I [HLS-100] Command "report -model fe_top -o /home/raghu/work/projects/dma3/hls/fe_top/solution1/syn/report/fe_top_csynth.rpt -f "
@I [HLS-100] Command 'report' returned 0; elapsed 0Total elapsed time: 24.665 sec.
@I [HLS-100] Command "report -model fe_top -o /home/raghu/work/projects/dma3/hls/fe_top/solution1/syn/report/fe_top_csynth.xml -f -x "
@I [HLS-100] Command 'report' returned 0; elapsed 0Total elapsed time: 24.666 sec.
@I [HLS-100] Command "report -model fe_top -o /home/raghu/work/projects/dma3/hls/fe_top/solution1/.autopilot/db/fe_top.verbose.rpt -verbose -f "
@I [HLS-100] Command 'report' returned 0; elapsed 0.01Total elapsed time: 24.673 sec.
@I [HLS-100] Command "db_write -model fe_top -o /home/raghu/work/projects/dma3/hls/fe_top/solution1/.autopilot/db/fe_top.adb -f "
@I [HLS-100] Command 'db_write' returned 0; elapsed 0Total elapsed time: 24.676 sec.
@I [HLS-100] Command "sc_get_clocks fe_top "
@I [HLS-100] Command 'sc_get_clocks' returned 0; elapsed 0Total elapsed time: 24.683 sec.
@I [HLS-100] Command "sc_get_portdomain fe_top "
@I [HLS-100] Command 'sc_get_portdomain' returned 0; elapsed 0Total elapsed time: 24.683 sec.
@I [HLS-0] Model list for RTL component generation: fe_top
@I [HLS-0] Handling components in module [fe_top] ... 
@I [HLS-100] Command "source /home/raghu/work/projects/dma3/hls/fe_top/solution1/.autopilot/db/fe_top.compgen.tcl "
@I [HLS-100] Command 'ap_source' returned 0; elapsed 0Total elapsed time: 24.684 sec.
@I [HLS-0] Append model fe_top
@I [HLS-0] Generating RTL model list ...
@I [HLS-0] All models in this session: fe_top
@I [HLS-0] To file: write model fe_top
@I [HLS-0] Finished generating RTL model list.


@I [HLS-0] RTL Generation done.
@I [HLS-0] CAS Generation done.
@I [HLS-0] CBC Generation done.
@I [HLS-100] Command "export_ssdm /home/raghu/work/projects/dma3/hls/fe_top/solution1/.autopilot/db/a.export.ll "
@I [HLS-100] Command 'export_ssdm' returned 0; elapsed 0Total elapsed time: 24.685 sec.
@I [HLS-100] Command "source /home/raghu/work/projects/dma3/hls/fe_top/solution1/.autopilot/db/global.setting.tcl "
@I [HLS-100] Command 'ap_source' returned 0; elapsed 0Total elapsed time: 24.688 sec.
@I [HLS-100] Command "source /home/raghu/work/tools/xilinx/Vivado_HLS/2013.3/common/technology/generic/autopilot/common.gen "
@I [HLS-100] Command "source /home/raghu/work/tools/xilinx/Vivado_HLS/2013.3/common/technology/generic/autopilot/APCoreGen.gen "
@I [HLS-100] Command 'ap_source' returned 0; elapsed 0.01Total elapsed time: 24.755 sec.
@I [HLS-100] Command 'ap_source' returned 0; elapsed 0.01Total elapsed time: 24.755 sec.
@I [HLS-100] Command "source /home/raghu/work/tools/xilinx/Vivado_HLS/2013.3/common/technology/generic/autopilot/op.gen "
@I [HLS-100] Command 'ap_source' returned 0; elapsed 0Total elapsed time: 24.756 sec.
@I [HLS-100] Command "source /home/raghu/work/tools/xilinx/Vivado_HLS/2013.3/common/technology/generic/autopilot/op_simcore.gen "
@I [HLS-100] Command 'ap_source' returned 0; elapsed 0Total elapsed time: 24.757 sec.
@I [HLS-100] Command "source /home/raghu/work/tools/xilinx/Vivado_HLS/2013.3/common/technology/generic/autopilot/interface.gen "
@I [HLS-100] Command 'ap_source' returned 0; elapsed 0Total elapsed time: 24.758 sec.
@I [HLS-100] Command "source /home/raghu/work/projects/dma3/hls/fe_top/solution1/.autopilot/db/global.setting.tcl "
@I [HLS-100] Command 'ap_source' returned 0; elapsed 0Total elapsed time: 24.758 sec.
@I [HLS-100] Command "source /home/raghu/work/tools/xilinx/Vivado_HLS/2013.3/common/technology/xilinx/zynq/zynq.gen "
@I [HLS-100] Command "source /home/raghu/work/tools/xilinx/Vivado_HLS/2013.3/common/technology/xilinx/common/virtex.gen "
@I [HLS-100] Command "source /home/raghu/work/tools/xilinx/Vivado_HLS/2013.3/common/technology/xilinx/common/xilinx.gen "
@I [HLS-100] Command "source /home/raghu/work/tools/xilinx/Vivado_HLS/2013.3/common/technology/xilinx/interface/plb46.gen "
@I [HLS-100] Command 'ap_source' returned 0; elapsed 0Total elapsed time: 24.760 sec.
@I [HLS-100] Command "source /home/raghu/work/tools/xilinx/Vivado_HLS/2013.3/common/technology/xilinx/interface/fsl.gen "
@I [HLS-100] Command 'ap_source' returned 0; elapsed 0Total elapsed time: 24.761 sec.
@I [HLS-100] Command "source /home/raghu/work/tools/xilinx/Vivado_HLS/2013.3/common/technology/xilinx/interface/axi4.gen "
@I [HLS-100] Command 'ap_source' returned 0; elapsed 0Total elapsed time: 24.763 sec.
@I [HLS-100] Command "source /home/raghu/work/tools/xilinx/Vivado_HLS/2013.3/common/technology/xilinx/scripts/xilinxcoregen.gen "
@I [HLS-100] Command 'ap_source' returned 0; elapsed 0.01Total elapsed time: 24.770 sec.
@I [HLS-100] Command "source /home/raghu/work/tools/xilinx/Vivado_HLS/2013.3/common/technology/xilinx/interface/XilEDKCoreGen.gen "
@I [HLS-100] Command 'ap_source' returned 0; elapsed 0.01Total elapsed time: 24.778 sec.
@I [HLS-100] Command "source /home/raghu/work/tools/xilinx/Vivado_HLS/2013.3/common/technology/xilinx/ip/xfft.gen "
@I [HLS-100] Command 'ap_source' returned 0; elapsed 0.11Total elapsed time: 24.894 sec.
@I [HLS-100] Command "source /home/raghu/work/tools/xilinx/Vivado_HLS/2013.3/common/technology/xilinx/ip/xfir.gen "
@I [HLS-100] Command 'ap_source' returned 0; elapsed 0.03Total elapsed time: 24.918 sec.
@I [HLS-100] Command "source /home/raghu/work/tools/xilinx/Vivado_HLS/2013.3/common/technology/xilinx/ip/util.gen "
@I [HLS-100] Command 'ap_source' returned 0; elapsed 0Total elapsed time: 24.918 sec.
@I [HLS-100] Command 'ap_source' returned 0; elapsed 0.16Total elapsed time: 24.918 sec.
@I [HLS-100] Command "source /home/raghu/work/tools/xilinx/Vivado_HLS/2013.3/common/technology/xilinx/common/dsp48.gen "
@I [HLS-100] Command 'ap_source' returned 0; elapsed 0Total elapsed time: 24.919 sec.
@I [HLS-100] Command 'ap_source' returned 0; elapsed 0.16Total elapsed time: 24.920 sec.
@I [HLS-100] Command 'ap_source' returned 0; elapsed 0.16Total elapsed time: 24.920 sec.
@I [HLS-100] Command "source /home/raghu/work/tools/xilinx/Vivado_HLS/2013.3/common/technology/xilinx/zynq/zynq_fpv6.gen "
@I [HLS-100] Command "source /home/raghu/work/tools/xilinx/Vivado_HLS/2013.3/common/technology/xilinx/common/xilinx_fpv6.gen "
@I [HLS-100] Command 'ap_source' returned 0; elapsed 0Total elapsed time: 24.921 sec.
@I [HLS-100] Command 'ap_source' returned 0; elapsed 0Total elapsed time: 24.921 sec.
@I [HLS-100] Command "source /home/raghu/work/projects/dma3/hls/fe_top/solution1/.autopilot/db/global.setting.tcl "
@I [HLS-100] Command 'ap_source' returned 0; elapsed 0Total elapsed time: 24.922 sec.
@I [HLS-100] Command "source /home/raghu/work/projects/dma3/hls/fe_top/solution1/.autopilot/db/global.setting.tcl "
@I [HLS-100] Command 'ap_source' returned 0; elapsed 0Total elapsed time: 24.922 sec.
@I [HLS-100] Command "source /home/raghu/work/projects/dma3/hls/fe_top/solution1/.autopilot/db/fe_top.compgen.tcl "
@I [HLS-100] Command 'ap_source' returned 0; elapsed 0Total elapsed time: 24.923 sec.
@I [HLS-10] Finished generating all RTL models.
@0 [HLS-0] Finished generating all RTL models.
@I [WSYSC-301] Generating RTL SystemC for 'fe_top'.
@I [WVHDL-304] Generating RTL VHDL for 'fe_top'.
@I [WVLOG-307] Generating RTL Verilog for 'fe_top'.
@I [HLS-100] Command 'autosyn' returned 0; elapsed 0.25Total elapsed time: 24.923 sec.
@I [HLS-100] Command 'csynth_design' returned 0; elapsed 1.99Total elapsed time: 24.923 sec.
@I [HLS-100] Command "export_design -format ipxact -version 8.0 "
@I [HLS-100] Command "source /home/raghu/work/projects/dma3/hls/fe_top/solution1/.autopilot/db/global.setting.tcl "
@I [HLS-100] Command 'ap_source' returned 0; elapsed 0Total elapsed time: 24.928 sec.
@I [HLS-100] Command "source /home/raghu/work/tools/xilinx/Vivado_HLS/2013.3/common/technology/generic/autopilot/common.gen "
@I [HLS-100] Command "source /home/raghu/work/tools/xilinx/Vivado_HLS/2013.3/common/technology/generic/autopilot/APCoreGen.gen "
@I [HLS-100] Command 'ap_source' returned 0; elapsed 0Total elapsed time: 24.931 sec.
@I [HLS-100] Command 'ap_source' returned 0; elapsed 0Total elapsed time: 24.932 sec.
@I [HLS-100] Command "source /home/raghu/work/tools/xilinx/Vivado_HLS/2013.3/common/technology/generic/autopilot/op.gen "
@I [HLS-100] Command 'ap_source' returned 0; elapsed 0Total elapsed time: 24.932 sec.
@I [HLS-100] Command "source /home/raghu/work/tools/xilinx/Vivado_HLS/2013.3/common/technology/generic/autopilot/op_simcore.gen "
@I [HLS-100] Command 'ap_source' returned 0; elapsed 0Total elapsed time: 24.933 sec.
@I [HLS-100] Command "source /home/raghu/work/tools/xilinx/Vivado_HLS/2013.3/common/technology/generic/autopilot/interface.gen "
@I [HLS-100] Command 'ap_source' returned 0; elapsed 0Total elapsed time: 24.933 sec.
@I [HLS-100] Command "source /home/raghu/work/projects/dma3/hls/fe_top/solution1/.autopilot/db/global.setting.tcl "
@I [HLS-100] Command 'ap_source' returned 0; elapsed 0Total elapsed time: 24.933 sec.
@I [HLS-100] Command "source /home/raghu/work/tools/xilinx/Vivado_HLS/2013.3/common/technology/xilinx/zynq/zynq.gen "
@I [HLS-100] Command "source /home/raghu/work/tools/xilinx/Vivado_HLS/2013.3/common/technology/xilinx/common/virtex.gen "
@I [HLS-100] Command "source /home/raghu/work/tools/xilinx/Vivado_HLS/2013.3/common/technology/xilinx/common/xilinx.gen "
@I [HLS-100] Command "source /home/raghu/work/tools/xilinx/Vivado_HLS/2013.3/common/technology/xilinx/interface/plb46.gen "
@I [HLS-100] Command 'ap_source' returned 0; elapsed 0Total elapsed time: 24.935 sec.
@I [HLS-100] Command "source /home/raghu/work/tools/xilinx/Vivado_HLS/2013.3/common/technology/xilinx/interface/fsl.gen "
@I [HLS-100] Command 'ap_source' returned 0; elapsed 0.01Total elapsed time: 24.935 sec.
@I [HLS-100] Command "source /home/raghu/work/tools/xilinx/Vivado_HLS/2013.3/common/technology/xilinx/interface/axi4.gen "
@I [HLS-100] Command 'ap_source' returned 0; elapsed 0Total elapsed time: 24.937 sec.
@I [HLS-100] Command "source /home/raghu/work/tools/xilinx/Vivado_HLS/2013.3/common/technology/xilinx/scripts/xilinxcoregen.gen "
@I [HLS-100] Command 'ap_source' returned 0; elapsed 0Total elapsed time: 24.944 sec.
@I [HLS-100] Command "source /home/raghu/work/tools/xilinx/Vivado_HLS/2013.3/common/technology/xilinx/interface/XilEDKCoreGen.gen "
@I [HLS-100] Command 'ap_source' returned 0; elapsed 0.02Total elapsed time: 24.953 sec.
@I [HLS-100] Command "source /home/raghu/work/tools/xilinx/Vivado_HLS/2013.3/common/technology/xilinx/ip/xfft.gen "
@I [HLS-100] Command 'ap_source' returned 0; elapsed 0.12Total elapsed time: 25.70 sec.
@I [HLS-100] Command "source /home/raghu/work/tools/xilinx/Vivado_HLS/2013.3/common/technology/xilinx/ip/xfir.gen "
@I [HLS-100] Command 'ap_source' returned 0; elapsed 0.01Total elapsed time: 25.93 sec.
@I [HLS-100] Command "source /home/raghu/work/tools/xilinx/Vivado_HLS/2013.3/common/technology/xilinx/ip/util.gen "
@I [HLS-100] Command 'ap_source' returned 0; elapsed 0Total elapsed time: 25.93 sec.
@I [HLS-100] Command 'ap_source' returned 0; elapsed 0.17Total elapsed time: 25.93 sec.
@I [HLS-100] Command "source /home/raghu/work/tools/xilinx/Vivado_HLS/2013.3/common/technology/xilinx/common/dsp48.gen "
@I [HLS-100] Command 'ap_source' returned 0; elapsed 0Total elapsed time: 25.95 sec.
@I [HLS-100] Command 'ap_source' returned 0; elapsed 0.17Total elapsed time: 25.95 sec.
@I [HLS-100] Command 'ap_source' returned 0; elapsed 0.17Total elapsed time: 25.95 sec.
@I [HLS-100] Command "source /home/raghu/work/tools/xilinx/Vivado_HLS/2013.3/common/technology/xilinx/zynq/zynq_fpv6.gen "
@I [HLS-100] Command "source /home/raghu/work/tools/xilinx/Vivado_HLS/2013.3/common/technology/xilinx/common/xilinx_fpv6.gen "
@I [HLS-100] Command 'ap_source' returned 0; elapsed 0Total elapsed time: 25.96 sec.
@I [HLS-100] Command 'ap_source' returned 0; elapsed 0Total elapsed time: 25.96 sec.
@I [HLS-100] Command "source /home/raghu/work/projects/dma3/hls/fe_top/solution1/.autopilot/db/global.setting.tcl "
@I [HLS-100] Command 'ap_source' returned 0; elapsed 0Total elapsed time: 25.96 sec.
@I [IMPL-8] Exporting RTL as an IP in IP-XACT.
@I [HLS-100] Command "source /home/raghu/work/projects/dma3/hls/fe_top/solution1/.autopilot/db/global.setting.tcl "
@I [HLS-100] Command 'ap_source' returned 0; elapsed 0Total elapsed time: 25.97 sec.
@I [HLS-100] Command "source /home/raghu/work/projects/dma3/hls/fe_top/solution1/.autopilot/db/global.setting.tcl "
@I [HLS-100] Command 'ap_source' returned 0; elapsed 0Total elapsed time: 25.99 sec.
@I [HLS-100] Command "source /home/raghu/work/tools/xilinx/Vivado_HLS/2013.3/common/technology/generic/autopilot/common.gen "
@I [HLS-100] Command "source /home/raghu/work/tools/xilinx/Vivado_HLS/2013.3/common/technology/generic/autopilot/APCoreGen.gen "
@I [HLS-100] Command 'ap_source' returned 0; elapsed 0Total elapsed time: 25.100 sec.
@I [HLS-100] Command 'ap_source' returned 0; elapsed 0Total elapsed time: 25.101 sec.
@I [HLS-100] Command "source /home/raghu/work/tools/xilinx/Vivado_HLS/2013.3/common/technology/generic/autopilot/op.gen "
@I [HLS-100] Command 'ap_source' returned 0; elapsed 0Total elapsed time: 25.101 sec.
@I [HLS-100] Command "source /home/raghu/work/tools/xilinx/Vivado_HLS/2013.3/common/technology/generic/autopilot/op_simcore.gen "
@I [HLS-100] Command 'ap_source' returned 0; elapsed 0Total elapsed time: 25.102 sec.
@I [HLS-100] Command "source /home/raghu/work/tools/xilinx/Vivado_HLS/2013.3/common/technology/generic/autopilot/interface.gen "
@I [HLS-100] Command 'ap_source' returned 0; elapsed 0Total elapsed time: 25.102 sec.
@I [HLS-100] Command "source /home/raghu/work/projects/dma3/hls/fe_top/solution1/.autopilot/db/global.setting.tcl "
@I [HLS-100] Command 'ap_source' returned 0; elapsed 0Total elapsed time: 25.102 sec.
@I [HLS-100] Command "source /home/raghu/work/tools/xilinx/Vivado_HLS/2013.3/common/technology/xilinx/zynq/zynq.gen "
@I [HLS-100] Command "source /home/raghu/work/tools/xilinx/Vivado_HLS/2013.3/common/technology/xilinx/common/virtex.gen "
@I [HLS-100] Command "source /home/raghu/work/tools/xilinx/Vivado_HLS/2013.3/common/technology/xilinx/common/xilinx.gen "
@I [HLS-100] Command "source /home/raghu/work/tools/xilinx/Vivado_HLS/2013.3/common/technology/xilinx/interface/plb46.gen "
@I [HLS-100] Command 'ap_source' returned 0; elapsed 0Total elapsed time: 25.103 sec.
@I [HLS-100] Command "source /home/raghu/work/tools/xilinx/Vivado_HLS/2013.3/common/technology/xilinx/interface/fsl.gen "
@I [HLS-100] Command 'ap_source' returned 0; elapsed 0Total elapsed time: 25.104 sec.
@I [HLS-100] Command "source /home/raghu/work/tools/xilinx/Vivado_HLS/2013.3/common/technology/xilinx/interface/axi4.gen "
@I [HLS-100] Command 'ap_source' returned 0; elapsed 0Total elapsed time: 25.106 sec.
@I [HLS-100] Command "source /home/raghu/work/tools/xilinx/Vivado_HLS/2013.3/common/technology/xilinx/scripts/xilinxcoregen.gen "
@I [HLS-100] Command 'ap_source' returned 0; elapsed 0.01Total elapsed time: 25.113 sec.
@I [HLS-100] Command "source /home/raghu/work/tools/xilinx/Vivado_HLS/2013.3/common/technology/xilinx/interface/XilEDKCoreGen.gen "
@I [HLS-100] Command 'ap_source' returned 0; elapsed 0.01Total elapsed time: 25.121 sec.
@I [HLS-100] Command "source /home/raghu/work/tools/xilinx/Vivado_HLS/2013.3/common/technology/xilinx/ip/xfft.gen "
@I [HLS-100] Command 'ap_source' returned 0; elapsed 0.11Total elapsed time: 25.237 sec.
@I [HLS-100] Command "source /home/raghu/work/tools/xilinx/Vivado_HLS/2013.3/common/technology/xilinx/ip/xfir.gen "
@I [HLS-100] Command 'ap_source' returned 0; elapsed 0.03Total elapsed time: 25.260 sec.
@I [HLS-100] Command "source /home/raghu/work/tools/xilinx/Vivado_HLS/2013.3/common/technology/xilinx/ip/util.gen "
@I [HLS-100] Command 'ap_source' returned 0; elapsed 0Total elapsed time: 25.260 sec.
@I [HLS-100] Command 'ap_source' returned 0; elapsed 0.16Total elapsed time: 25.260 sec.
@I [HLS-100] Command "source /home/raghu/work/tools/xilinx/Vivado_HLS/2013.3/common/technology/xilinx/common/dsp48.gen "
@I [HLS-100] Command 'ap_source' returned 0; elapsed 0Total elapsed time: 25.261 sec.
@I [HLS-100] Command 'ap_source' returned 0; elapsed 0.16Total elapsed time: 25.261 sec.
@I [HLS-100] Command 'ap_source' returned 0; elapsed 0.16Total elapsed time: 25.261 sec.
@I [HLS-100] Command "source /home/raghu/work/tools/xilinx/Vivado_HLS/2013.3/common/technology/xilinx/zynq/zynq_fpv6.gen "
@I [HLS-100] Command "source /home/raghu/work/tools/xilinx/Vivado_HLS/2013.3/common/technology/xilinx/common/xilinx_fpv6.gen "
@I [HLS-100] Command 'ap_source' returned 0; elapsed 0Total elapsed time: 25.263 sec.
@I [HLS-100] Command 'ap_source' returned 0; elapsed 0Total elapsed time: 25.263 sec.
@I [HLS-100] Command "source /home/raghu/work/projects/dma3/hls/fe_top/solution1/.autopilot/db/fe_top.compgen.tcl "
@I [HLS-100] Command 'ap_source' returned 0; elapsed 0Total elapsed time: 25.263 sec.
@I [HLS-100] Command "source /home/raghu/work/projects/dma3/hls/fe_top/solution1/.autopilot/db/fe_top.compgen.tcl "
@I [HLS-100] Command "source /home/raghu/work/projects/dma3/hls/fe_top/solution1/.autopilot/db/fe_top.rtl_wrap.cfg.tcl "
@I [HLS-100] Command 'ap_source' returned 0; elapsed 0Total elapsed time: 25.266 sec.
@I [HLS-100] Command "source /home/raghu/work/projects/dma3/hls/fe_top/solution1/.autopilot/db/fe_top.rtl_wrap.cfg.tcl "
@I [HLS-100] Command 'ap_source' returned 0; elapsed 0Total elapsed time: 25.267 sec.
@I [HLS-100] Command "source /home/raghu/work/projects/dma3/hls/fe_top/solution1/.autopilot/db/fe_top.tbgen.tcl "
@I [HLS-100] Command 'ap_source' returned 0; elapsed 0Total elapsed time: 25.267 sec.
@I [HLS-100] Command "source /home/raghu/work/projects/dma3/hls/fe_top/solution1/.autopilot/db/fe_top.tbgen.tcl "
@I [HLS-100] Command 'ap_source' returned 0; elapsed 0Total elapsed time: 25.267 sec.
@I [HLS-100] Command "source /home/raghu/work/projects/dma3/hls/fe_top/solution1/.autopilot/db/fe_top.tbgen.tcl "
@I [HLS-100] Command 'ap_source' returned 0; elapsed 0Total elapsed time: 25.271 sec.
@I [HLS-100] Command 'ap_source' returned 0; elapsed 0.02Total elapsed time: 25.285 sec.
@I [HLS-100] Command "source /home/raghu/work/projects/dma3/hls/fe_top/solution1/.autopilot/db/fe_top.compgen.tcl "
@I [HLS-100] Command 'ap_source' returned 0; elapsed 0Total elapsed time: 25.293 sec.
@I [HLS-100] Command "source /home/raghu/work/projects/dma3/hls/fe_top/solution1/impl/.pcores/verilog/CONTROL.slave.tcl "
@I [HLS-100] Command 'ap_source' returned 0; elapsed 0Total elapsed time: 25.299 sec.
@I [HLS-100] Command "source /home/raghu/work/projects/dma3/hls/fe_top/solution1/impl/.pcores/verilog/CONTROL.slave.tcl "
@I [HLS-100] Command 'ap_source' returned 0; elapsed 0Total elapsed time: 25.303 sec.
@I [HLS-100] Command "source /home/raghu/work/projects/dma3/hls/fe_top/solution1/.autopilot/db/global.setting.tcl "
@I [HLS-100] Command 'ap_source' returned 0; elapsed 0Total elapsed time: 25.333 sec.
@I [HLS-100] Command "source /home/raghu/work/projects/dma3/hls/fe_top/solution1/.autopilot/db/fe_top.constraint.tcl "
@I [HLS-100] Command 'ap_source' returned 0; elapsed 0Total elapsed time: 25.334 sec.
@I [HLS-100] Command "source /home/raghu/work/projects/dma3/hls/fe_top/solution1/.autopilot/db/fe_top.rtl_wrap.cfg.tcl "
@I [HLS-100] Command 'ap_source' returned 0; elapsed 0Total elapsed time: 25.515 sec.
@I [HLS-100] Command "source /home/raghu/work/projects/dma3/hls/fe_top/solution1/.autopilot/db/fe_top.rtl_wrap.cfg.tcl "
@I [HLS-100] Command 'ap_source' returned 0; elapsed 0Total elapsed time: 25.516 sec.
@I [HLS-100] Command "source /home/raghu/work/projects/dma3/hls/fe_top/solution1/.autopilot/db/fe_top.tbgen.tcl "
@I [HLS-100] Command 'ap_source' returned 0; elapsed 0Total elapsed time: 25.516 sec.
@I [HLS-100] Command "source /home/raghu/work/projects/dma3/hls/fe_top/solution1/.autopilot/db/fe_top.tbgen.tcl "
@I [HLS-100] Command 'ap_source' returned 0; elapsed 0Total elapsed time: 25.516 sec.
@I [HLS-100] Command "source /home/raghu/work/projects/dma3/hls/fe_top/solution1/.autopilot/db/global.setting.tcl "
@I [HLS-100] Command 'ap_source' returned 0; elapsed 0Total elapsed time: 25.541 sec.
@I [HLS-100] Command "source /home/raghu/work/projects/dma3/hls/fe_top/solution1/.autopilot/db/global.setting.tcl "
@I [HLS-100] Command 'ap_source' returned 0; elapsed 0Total elapsed time: 25.550 sec.
@I [HLS-100] Command "source /home/raghu/work/projects/dma3/hls/fe_top/solution1/.autopilot/db/fe_top.constraint.tcl "
@I [HLS-100] Command 'ap_source' returned 0; elapsed 0Total elapsed time: 25.551 sec.
@I [HLS-100] Command "source /home/raghu/work/projects/dma3/hls/fe_top/solution1/.autopilot/db/fe_top.constraint.tcl "
@I [HLS-100] Command 'ap_source' returned 0; elapsed 0Total elapsed time: 25.551 sec.
@I [HLS-100] Command "source /home/raghu/work/tools/xilinx/Vivado_HLS/2013.3/common/technology/generic/autopilot/common.gen "
@I [HLS-100] Command "source /home/raghu/work/tools/xilinx/Vivado_HLS/2013.3/common/technology/generic/autopilot/APCoreGen.gen "
@I [HLS-100] Command 'ap_source' returned 0; elapsed 0Total elapsed time: 25.553 sec.
@I [HLS-100] Command 'ap_source' returned 0; elapsed 0Total elapsed time: 25.554 sec.
@I [HLS-100] Command "source /home/raghu/work/tools/xilinx/Vivado_HLS/2013.3/common/technology/generic/autopilot/op.gen "
@I [HLS-100] Command 'ap_source' returned 0; elapsed 0Total elapsed time: 25.554 sec.
@I [HLS-100] Command "source /home/raghu/work/tools/xilinx/Vivado_HLS/2013.3/common/technology/generic/autopilot/op_simcore.gen "
@I [HLS-100] Command 'ap_source' returned 0; elapsed 0Total elapsed time: 25.555 sec.
@I [HLS-100] Command "source /home/raghu/work/tools/xilinx/Vivado_HLS/2013.3/common/technology/generic/autopilot/interface.gen "
@I [HLS-100] Command 'ap_source' returned 0; elapsed 0Total elapsed time: 25.555 sec.
@I [HLS-100] Command "source /home/raghu/work/projects/dma3/hls/fe_top/solution1/.autopilot/db/global.setting.tcl "
@I [HLS-100] Command 'ap_source' returned 0; elapsed 0Total elapsed time: 25.555 sec.
@I [HLS-100] Command "source /home/raghu/work/tools/xilinx/Vivado_HLS/2013.3/common/technology/xilinx/zynq/zynq.gen "
@I [HLS-100] Command "source /home/raghu/work/tools/xilinx/Vivado_HLS/2013.3/common/technology/xilinx/common/virtex.gen "
@I [HLS-100] Command "source /home/raghu/work/tools/xilinx/Vivado_HLS/2013.3/common/technology/xilinx/common/xilinx.gen "
@I [HLS-100] Command "source /home/raghu/work/tools/xilinx/Vivado_HLS/2013.3/common/technology/xilinx/interface/plb46.gen "
@I [HLS-100] Command 'ap_source' returned 0; elapsed 0Total elapsed time: 25.556 sec.
@I [HLS-100] Command "source /home/raghu/work/tools/xilinx/Vivado_HLS/2013.3/common/technology/xilinx/interface/fsl.gen "
@I [HLS-100] Command 'ap_source' returned 0; elapsed 0Total elapsed time: 25.557 sec.
@I [HLS-100] Command "source /home/raghu/work/tools/xilinx/Vivado_HLS/2013.3/common/technology/xilinx/interface/axi4.gen "
@I [HLS-100] Command 'ap_source' returned 0; elapsed 0Total elapsed time: 25.559 sec.
@I [HLS-100] Command "source /home/raghu/work/tools/xilinx/Vivado_HLS/2013.3/common/technology/xilinx/scripts/xilinxcoregen.gen "
@I [HLS-100] Command 'ap_source' returned 0; elapsed 0.01Total elapsed time: 25.566 sec.
@I [HLS-100] Command "source /home/raghu/work/tools/xilinx/Vivado_HLS/2013.3/common/technology/xilinx/interface/XilEDKCoreGen.gen "
@I [HLS-100] Command 'ap_source' returned 0; elapsed 0.01Total elapsed time: 25.575 sec.
@I [HLS-100] Command "source /home/raghu/work/tools/xilinx/Vivado_HLS/2013.3/common/technology/xilinx/ip/xfft.gen "
@I [HLS-100] Command 'ap_source' returned 0; elapsed 0.11Total elapsed time: 25.691 sec.
@I [HLS-100] Command "source /home/raghu/work/tools/xilinx/Vivado_HLS/2013.3/common/technology/xilinx/ip/xfir.gen "
@I [HLS-100] Command 'ap_source' returned 0; elapsed 0.03Total elapsed time: 25.715 sec.
@I [HLS-100] Command "source /home/raghu/work/tools/xilinx/Vivado_HLS/2013.3/common/technology/xilinx/ip/util.gen "
@I [HLS-100] Command 'ap_source' returned 0; elapsed 0Total elapsed time: 25.715 sec.
@I [HLS-100] Command 'ap_source' returned 0; elapsed 0.16Total elapsed time: 25.715 sec.
@I [HLS-100] Command "source /home/raghu/work/tools/xilinx/Vivado_HLS/2013.3/common/technology/xilinx/common/dsp48.gen "
@I [HLS-100] Command 'ap_source' returned 0; elapsed 0Total elapsed time: 25.716 sec.
@I [HLS-100] Command 'ap_source' returned 0; elapsed 0.16Total elapsed time: 25.716 sec.
@I [HLS-100] Command 'ap_source' returned 0; elapsed 0.16Total elapsed time: 25.716 sec.
@I [HLS-100] Command "source /home/raghu/work/tools/xilinx/Vivado_HLS/2013.3/common/technology/xilinx/zynq/zynq_fpv6.gen "
@I [HLS-100] Command "source /home/raghu/work/tools/xilinx/Vivado_HLS/2013.3/common/technology/xilinx/common/xilinx_fpv6.gen "
@I [HLS-100] Command 'ap_source' returned 0; elapsed 0Total elapsed time: 25.718 sec.
@I [HLS-100] Command 'ap_source' returned 0; elapsed 0Total elapsed time: 25.718 sec.
@I [HLS-100] Command "source /home/raghu/work/projects/dma3/hls/fe_top/solution1/.autopilot/db/global.setting.tcl "
@I [HLS-100] Command 'ap_source' returned 0; elapsed 0Total elapsed time: 42.179 sec.
@I [HLS-100] Command "source /home/raghu/work/tools/xilinx/Vivado_HLS/2013.3/common/technology/generic/autopilot/common.gen "
@I [HLS-100] Command "source /home/raghu/work/tools/xilinx/Vivado_HLS/2013.3/common/technology/generic/autopilot/APCoreGen.gen "
@I [HLS-100] Command 'ap_source' returned 0; elapsed 0Total elapsed time: 42.183 sec.
@I [HLS-100] Command 'ap_source' returned 0; elapsed 0Total elapsed time: 42.184 sec.
@I [HLS-100] Command "source /home/raghu/work/tools/xilinx/Vivado_HLS/2013.3/common/technology/generic/autopilot/op.gen "
@I [HLS-100] Command 'ap_source' returned 0; elapsed 0Total elapsed time: 42.184 sec.
@I [HLS-100] Command "source /home/raghu/work/tools/xilinx/Vivado_HLS/2013.3/common/technology/generic/autopilot/op_simcore.gen "
@I [HLS-100] Command 'ap_source' returned 0; elapsed 0Total elapsed time: 42.185 sec.
@I [HLS-100] Command "source /home/raghu/work/tools/xilinx/Vivado_HLS/2013.3/common/technology/generic/autopilot/interface.gen "
@I [HLS-100] Command 'ap_source' returned 0; elapsed 0Total elapsed time: 42.185 sec.
@I [HLS-100] Command "source /home/raghu/work/projects/dma3/hls/fe_top/solution1/.autopilot/db/global.setting.tcl "
@I [HLS-100] Command 'ap_source' returned 0; elapsed 0Total elapsed time: 42.186 sec.
@I [HLS-100] Command "source /home/raghu/work/tools/xilinx/Vivado_HLS/2013.3/common/technology/xilinx/zynq/zynq.gen "
@I [HLS-100] Command "source /home/raghu/work/tools/xilinx/Vivado_HLS/2013.3/common/technology/xilinx/common/virtex.gen "
@I [HLS-100] Command "source /home/raghu/work/tools/xilinx/Vivado_HLS/2013.3/common/technology/xilinx/common/xilinx.gen "
@I [HLS-100] Command "source /home/raghu/work/tools/xilinx/Vivado_HLS/2013.3/common/technology/xilinx/interface/plb46.gen "
@I [HLS-100] Command 'ap_source' returned 0; elapsed 0Total elapsed time: 42.188 sec.
@I [HLS-100] Command "source /home/raghu/work/tools/xilinx/Vivado_HLS/2013.3/common/technology/xilinx/interface/fsl.gen "
@I [HLS-100] Command 'ap_source' returned 0; elapsed 0Total elapsed time: 42.188 sec.
@I [HLS-100] Command "source /home/raghu/work/tools/xilinx/Vivado_HLS/2013.3/common/technology/xilinx/interface/axi4.gen "
@I [HLS-100] Command 'ap_source' returned 0; elapsed 0Total elapsed time: 42.191 sec.
@I [HLS-100] Command "source /home/raghu/work/tools/xilinx/Vivado_HLS/2013.3/common/technology/xilinx/scripts/xilinxcoregen.gen "
@I [HLS-100] Command 'ap_source' returned 0; elapsed 0.01Total elapsed time: 42.199 sec.
@I [HLS-100] Command "source /home/raghu/work/tools/xilinx/Vivado_HLS/2013.3/common/technology/xilinx/interface/XilEDKCoreGen.gen "
@I [HLS-100] Command 'ap_source' returned 0; elapsed 0.01Total elapsed time: 42.207 sec.
@I [HLS-100] Command "source /home/raghu/work/tools/xilinx/Vivado_HLS/2013.3/common/technology/xilinx/ip/xfft.gen "
@I [HLS-100] Command 'ap_source' returned 0; elapsed 0.11Total elapsed time: 42.326 sec.
@I [HLS-100] Command "source /home/raghu/work/tools/xilinx/Vivado_HLS/2013.3/common/technology/xilinx/ip/xfir.gen "
@I [HLS-100] Command 'ap_source' returned 0; elapsed 0.02Total elapsed time: 42.350 sec.
@I [HLS-100] Command "source /home/raghu/work/tools/xilinx/Vivado_HLS/2013.3/common/technology/xilinx/ip/util.gen "
@I [HLS-100] Command 'ap_source' returned 0; elapsed 0.01Total elapsed time: 42.350 sec.
@I [HLS-100] Command 'ap_source' returned 0; elapsed 0.16Total elapsed time: 42.350 sec.
@I [HLS-100] Command "source /home/raghu/work/tools/xilinx/Vivado_HLS/2013.3/common/technology/xilinx/common/dsp48.gen "
@I [HLS-100] Command 'ap_source' returned 0; elapsed 0Total elapsed time: 42.352 sec.
@I [HLS-100] Command 'ap_source' returned 0; elapsed 0.17Total elapsed time: 42.352 sec.
@I [HLS-100] Command 'ap_source' returned 0; elapsed 0.17Total elapsed time: 42.352 sec.
@I [HLS-100] Command "source /home/raghu/work/tools/xilinx/Vivado_HLS/2013.3/common/technology/xilinx/zynq/zynq_fpv6.gen "
@I [HLS-100] Command "source /home/raghu/work/tools/xilinx/Vivado_HLS/2013.3/common/technology/xilinx/common/xilinx_fpv6.gen "
@I [HLS-100] Command 'ap_source' returned 0; elapsed 0Total elapsed time: 42.353 sec.
@I [HLS-100] Command 'ap_source' returned 0; elapsed 0Total elapsed time: 42.353 sec.
@I [HLS-100] Command "source /home/raghu/work/projects/dma3/hls/fe_top/solution1/.autopilot/db/global.setting.tcl "
@I [HLS-100] Command 'ap_source' returned 0; elapsed 0Total elapsed time: 42.353 sec.
@I [HLS-100] Command "source /home/raghu/work/projects/dma3/hls/fe_top/solution1/.autopilot/db/global.setting.tcl "
@I [HLS-100] Command 'ap_source' returned 0; elapsed 0Total elapsed time: 42.354 sec.
@I [HLS-100] Command "source /home/raghu/work/projects/dma3/hls/fe_top/solution1/.autopilot/db/global.setting.tcl "
@I [HLS-100] Command 'ap_source' returned 0; elapsed 0Total elapsed time: 42.356 sec.
@I [HLS-100] Command "source /home/raghu/work/tools/xilinx/Vivado_HLS/2013.3/common/technology/generic/autopilot/common.gen "
@I [HLS-100] Command "source /home/raghu/work/tools/xilinx/Vivado_HLS/2013.3/common/technology/generic/autopilot/APCoreGen.gen "
@I [HLS-100] Command 'ap_source' returned 0; elapsed 0Total elapsed time: 42.357 sec.
@I [HLS-100] Command 'ap_source' returned 0; elapsed 0Total elapsed time: 42.357 sec.
@I [HLS-100] Command "source /home/raghu/work/tools/xilinx/Vivado_HLS/2013.3/common/technology/generic/autopilot/op.gen "
@I [HLS-100] Command 'ap_source' returned 0; elapsed 0Total elapsed time: 42.358 sec.
@I [HLS-100] Command "source /home/raghu/work/tools/xilinx/Vivado_HLS/2013.3/common/technology/generic/autopilot/op_simcore.gen "
@I [HLS-100] Command 'ap_source' returned 0; elapsed 0Total elapsed time: 42.358 sec.
@I [HLS-100] Command "source /home/raghu/work/tools/xilinx/Vivado_HLS/2013.3/common/technology/generic/autopilot/interface.gen "
@I [HLS-100] Command 'ap_source' returned 0; elapsed 0Total elapsed time: 42.359 sec.
@I [HLS-100] Command "source /home/raghu/work/projects/dma3/hls/fe_top/solution1/.autopilot/db/global.setting.tcl "
@I [HLS-100] Command 'ap_source' returned 0; elapsed 0Total elapsed time: 42.359 sec.
@I [HLS-100] Command "source /home/raghu/work/tools/xilinx/Vivado_HLS/2013.3/common/technology/xilinx/zynq/zynq.gen "
@I [HLS-100] Command "source /home/raghu/work/tools/xilinx/Vivado_HLS/2013.3/common/technology/xilinx/common/virtex.gen "
@I [HLS-100] Command "source /home/raghu/work/tools/xilinx/Vivado_HLS/2013.3/common/technology/xilinx/common/xilinx.gen "
@I [HLS-100] Command "source /home/raghu/work/tools/xilinx/Vivado_HLS/2013.3/common/technology/xilinx/interface/plb46.gen "
@I [HLS-100] Command 'ap_source' returned 0; elapsed 0Total elapsed time: 42.360 sec.
@I [HLS-100] Command "source /home/raghu/work/tools/xilinx/Vivado_HLS/2013.3/common/technology/xilinx/interface/fsl.gen "
@I [HLS-100] Command 'ap_source' returned 0; elapsed 0.01Total elapsed time: 42.361 sec.
@I [HLS-100] Command "source /home/raghu/work/tools/xilinx/Vivado_HLS/2013.3/common/technology/xilinx/interface/axi4.gen "
@I [HLS-100] Command 'ap_source' returned 0; elapsed 0Total elapsed time: 42.363 sec.
@I [HLS-100] Command "source /home/raghu/work/tools/xilinx/Vivado_HLS/2013.3/common/technology/xilinx/scripts/xilinxcoregen.gen "
@I [HLS-100] Command 'ap_source' returned 0; elapsed 0Total elapsed time: 42.369 sec.
@I [HLS-100] Command "source /home/raghu/work/tools/xilinx/Vivado_HLS/2013.3/common/technology/xilinx/interface/XilEDKCoreGen.gen "
@I [HLS-100] Command 'ap_source' returned 0; elapsed 0.01Total elapsed time: 42.377 sec.
@I [HLS-100] Command "source /home/raghu/work/tools/xilinx/Vivado_HLS/2013.3/common/technology/xilinx/ip/xfft.gen "
@I [HLS-100] Command 'ap_source' returned 0; elapsed 0.12Total elapsed time: 42.493 sec.
@I [HLS-100] Command "source /home/raghu/work/tools/xilinx/Vivado_HLS/2013.3/common/technology/xilinx/ip/xfir.gen "
@I [HLS-100] Command 'ap_source' returned 0; elapsed 0.02Total elapsed time: 42.516 sec.
@I [HLS-100] Command "source /home/raghu/work/tools/xilinx/Vivado_HLS/2013.3/common/technology/xilinx/ip/util.gen "
@I [HLS-100] Command 'ap_source' returned 0; elapsed 0Total elapsed time: 42.517 sec.
@I [HLS-100] Command 'ap_source' returned 0; elapsed 0.16Total elapsed time: 42.517 sec.
@I [HLS-100] Command "source /home/raghu/work/tools/xilinx/Vivado_HLS/2013.3/common/technology/xilinx/common/dsp48.gen "
@I [HLS-100] Command 'ap_source' returned 0; elapsed 0Total elapsed time: 42.518 sec.
@I [HLS-100] Command 'ap_source' returned 0; elapsed 0.16Total elapsed time: 42.518 sec.
@I [HLS-100] Command 'ap_source' returned 0; elapsed 0.16Total elapsed time: 42.518 sec.
@I [HLS-100] Command "source /home/raghu/work/tools/xilinx/Vivado_HLS/2013.3/common/technology/xilinx/zynq/zynq_fpv6.gen "
@I [HLS-100] Command "source /home/raghu/work/tools/xilinx/Vivado_HLS/2013.3/common/technology/xilinx/common/xilinx_fpv6.gen "
@I [HLS-100] Command 'ap_source' returned 0; elapsed 0Total elapsed time: 42.519 sec.
@I [HLS-100] Command 'ap_source' returned 0; elapsed 0Total elapsed time: 42.519 sec.
@I [HLS-100] Command "source /home/raghu/work/projects/dma3/hls/fe_top/solution1/.autopilot/db/fe_top.compgen.tcl "
@I [HLS-100] Command 'ap_source' returned 0; elapsed 0Total elapsed time: 42.520 sec.
@I [HLS-100] Command "source /home/raghu/work/projects/dma3/hls/fe_top/solution1/.autopilot/db/global.setting.tcl "
@I [HLS-100] Command 'ap_source' returned 0; elapsed 0Total elapsed time: 42.534 sec.
@I [HLS-100] Command "source /home/raghu/work/projects/dma3/hls/fe_top/solution1/.autopilot/db/fe_top.constraint.tcl "
@I [HLS-100] Command 'ap_source' returned 0; elapsed 0Total elapsed time: 42.534 sec.
@I [HLS-100] Command "source /home/raghu/work/tools/xilinx/Vivado_HLS/2013.3/common/technology/generic/autopilot/common.gen "
@I [HLS-100] Command "source /home/raghu/work/tools/xilinx/Vivado_HLS/2013.3/common/technology/generic/autopilot/APCoreGen.gen "
@I [HLS-100] Command 'ap_source' returned 0; elapsed 0Total elapsed time: 42.536 sec.
@I [HLS-100] Command 'ap_source' returned 0; elapsed 0Total elapsed time: 42.536 sec.
@I [HLS-100] Command "source /home/raghu/work/tools/xilinx/Vivado_HLS/2013.3/common/technology/generic/autopilot/op.gen "
@I [HLS-100] Command 'ap_source' returned 0; elapsed 0Total elapsed time: 42.537 sec.
@I [HLS-100] Command "source /home/raghu/work/tools/xilinx/Vivado_HLS/2013.3/common/technology/generic/autopilot/op_simcore.gen "
@I [HLS-100] Command 'ap_source' returned 0; elapsed 0Total elapsed time: 42.537 sec.
@I [HLS-100] Command "source /home/raghu/work/tools/xilinx/Vivado_HLS/2013.3/common/technology/generic/autopilot/interface.gen "
@I [HLS-100] Command 'ap_source' returned 0; elapsed 0Total elapsed time: 42.537 sec.
@I [HLS-100] Command "source /home/raghu/work/projects/dma3/hls/fe_top/solution1/.autopilot/db/global.setting.tcl "
@I [HLS-100] Command 'ap_source' returned 0; elapsed 0Total elapsed time: 42.538 sec.
@I [HLS-100] Command "source /home/raghu/work/tools/xilinx/Vivado_HLS/2013.3/common/technology/xilinx/zynq/zynq.gen "
@I [HLS-100] Command "source /home/raghu/work/tools/xilinx/Vivado_HLS/2013.3/common/technology/xilinx/common/virtex.gen "
@I [HLS-100] Command "source /home/raghu/work/tools/xilinx/Vivado_HLS/2013.3/common/technology/xilinx/common/xilinx.gen "
@I [HLS-100] Command "source /home/raghu/work/tools/xilinx/Vivado_HLS/2013.3/common/technology/xilinx/interface/plb46.gen "
@I [HLS-100] Command 'ap_source' returned 0; elapsed 0Total elapsed time: 42.539 sec.
@I [HLS-100] Command "source /home/raghu/work/tools/xilinx/Vivado_HLS/2013.3/common/technology/xilinx/interface/fsl.gen "
@I [HLS-100] Command 'ap_source' returned 0; elapsed 0Total elapsed time: 42.539 sec.
@I [HLS-100] Command "source /home/raghu/work/tools/xilinx/Vivado_HLS/2013.3/common/technology/xilinx/interface/axi4.gen "
@I [HLS-100] Command 'ap_source' returned 0; elapsed 0.01Total elapsed time: 42.541 sec.
@I [HLS-100] Command "source /home/raghu/work/tools/xilinx/Vivado_HLS/2013.3/common/technology/xilinx/scripts/xilinxcoregen.gen "
@I [HLS-100] Command 'ap_source' returned 0; elapsed 0Total elapsed time: 42.548 sec.
@I [HLS-100] Command "source /home/raghu/work/tools/xilinx/Vivado_HLS/2013.3/common/technology/xilinx/interface/XilEDKCoreGen.gen "
@I [HLS-100] Command 'ap_source' returned 0; elapsed 0.01Total elapsed time: 42.557 sec.
@I [HLS-100] Command "source /home/raghu/work/tools/xilinx/Vivado_HLS/2013.3/common/technology/xilinx/ip/xfft.gen "
@I [HLS-100] Command 'ap_source' returned 0; elapsed 0.12Total elapsed time: 42.672 sec.
@I [HLS-100] Command "source /home/raghu/work/tools/xilinx/Vivado_HLS/2013.3/common/technology/xilinx/ip/xfir.gen "
@I [HLS-100] Command 'ap_source' returned 0; elapsed 0.02Total elapsed time: 42.696 sec.
@I [HLS-100] Command "source /home/raghu/work/tools/xilinx/Vivado_HLS/2013.3/common/technology/xilinx/ip/util.gen "
@I [HLS-100] Command 'ap_source' returned 0; elapsed 0Total elapsed time: 42.696 sec.
@I [HLS-100] Command 'ap_source' returned 0; elapsed 0.16Total elapsed time: 42.696 sec.
@I [HLS-100] Command "source /home/raghu/work/tools/xilinx/Vivado_HLS/2013.3/common/technology/xilinx/common/dsp48.gen "
@I [HLS-100] Command 'ap_source' returned 0; elapsed 0Total elapsed time: 42.697 sec.
@I [HLS-100] Command 'ap_source' returned 0; elapsed 0.16Total elapsed time: 42.697 sec.
@I [HLS-100] Command 'ap_source' returned 0; elapsed 0.16Total elapsed time: 42.697 sec.
@I [HLS-100] Command "source /home/raghu/work/tools/xilinx/Vivado_HLS/2013.3/common/technology/xilinx/zynq/zynq_fpv6.gen "
@I [HLS-100] Command "source /home/raghu/work/tools/xilinx/Vivado_HLS/2013.3/common/technology/xilinx/common/xilinx_fpv6.gen "
@I [HLS-100] Command 'ap_source' returned 0; elapsed 0Total elapsed time: 42.699 sec.
@I [HLS-100] Command 'ap_source' returned 0; elapsed 0Total elapsed time: 42.699 sec.
@I [HLS-100] Command "source /home/raghu/work/projects/dma3/hls/fe_top/solution1/.autopilot/db/global.setting.tcl "
@I [HLS-100] Command 'ap_source' returned 0; elapsed 0.01Total elapsed time: 50.897 sec.
@I [HLS-100] Command "source /home/raghu/work/tools/xilinx/Vivado_HLS/2013.3/common/technology/generic/autopilot/common.gen "
@I [HLS-100] Command "source /home/raghu/work/tools/xilinx/Vivado_HLS/2013.3/common/technology/generic/autopilot/APCoreGen.gen "
@I [HLS-100] Command 'ap_source' returned 0; elapsed 0Total elapsed time: 50.901 sec.
@I [HLS-100] Command 'ap_source' returned 0; elapsed 0.01Total elapsed time: 50.902 sec.
@I [HLS-100] Command "source /home/raghu/work/tools/xilinx/Vivado_HLS/2013.3/common/technology/generic/autopilot/op.gen "
@I [HLS-100] Command 'ap_source' returned 0; elapsed 0Total elapsed time: 50.902 sec.
@I [HLS-100] Command "source /home/raghu/work/tools/xilinx/Vivado_HLS/2013.3/common/technology/generic/autopilot/op_simcore.gen "
@I [HLS-100] Command 'ap_source' returned 0; elapsed 0Total elapsed time: 50.903 sec.
@I [HLS-100] Command "source /home/raghu/work/tools/xilinx/Vivado_HLS/2013.3/common/technology/generic/autopilot/interface.gen "
@I [HLS-100] Command 'ap_source' returned 0; elapsed 0Total elapsed time: 50.903 sec.
@I [HLS-100] Command "source /home/raghu/work/projects/dma3/hls/fe_top/solution1/.autopilot/db/global.setting.tcl "
@I [HLS-100] Command 'ap_source' returned 0; elapsed 0Total elapsed time: 50.903 sec.
@I [HLS-100] Command "source /home/raghu/work/tools/xilinx/Vivado_HLS/2013.3/common/technology/xilinx/zynq/zynq.gen "
@I [HLS-100] Command "source /home/raghu/work/tools/xilinx/Vivado_HLS/2013.3/common/technology/xilinx/common/virtex.gen "
@I [HLS-100] Command "source /home/raghu/work/tools/xilinx/Vivado_HLS/2013.3/common/technology/xilinx/common/xilinx.gen "
@I [HLS-100] Command "source /home/raghu/work/tools/xilinx/Vivado_HLS/2013.3/common/technology/xilinx/interface/plb46.gen "
@I [HLS-100] Command 'ap_source' returned 0; elapsed 0Total elapsed time: 50.905 sec.
@I [HLS-100] Command "source /home/raghu/work/tools/xilinx/Vivado_HLS/2013.3/common/technology/xilinx/interface/fsl.gen "
@I [HLS-100] Command 'ap_source' returned 0; elapsed 0Total elapsed time: 50.905 sec.
@I [HLS-100] Command "source /home/raghu/work/tools/xilinx/Vivado_HLS/2013.3/common/technology/xilinx/interface/axi4.gen "
@I [HLS-100] Command 'ap_source' returned 0; elapsed 0Total elapsed time: 50.907 sec.
@I [HLS-100] Command "source /home/raghu/work/tools/xilinx/Vivado_HLS/2013.3/common/technology/xilinx/scripts/xilinxcoregen.gen "
@I [HLS-100] Command 'ap_source' returned 0; elapsed 0.01Total elapsed time: 50.914 sec.
@I [HLS-100] Command "source /home/raghu/work/tools/xilinx/Vivado_HLS/2013.3/common/technology/xilinx/interface/XilEDKCoreGen.gen "
@I [HLS-100] Command 'ap_source' returned 0; elapsed 0.01Total elapsed time: 50.923 sec.
@I [HLS-100] Command "source /home/raghu/work/tools/xilinx/Vivado_HLS/2013.3/common/technology/xilinx/ip/xfft.gen "
@I [HLS-100] Command 'ap_source' returned 0; elapsed 0.11Total elapsed time: 51.40 sec.
@I [HLS-100] Command "source /home/raghu/work/tools/xilinx/Vivado_HLS/2013.3/common/technology/xilinx/ip/xfir.gen "
@I [HLS-100] Command 'ap_source' returned 0; elapsed 0.03Total elapsed time: 51.64 sec.
@I [HLS-100] Command "source /home/raghu/work/tools/xilinx/Vivado_HLS/2013.3/common/technology/xilinx/ip/util.gen "
@I [HLS-100] Command 'ap_source' returned 0; elapsed 0Total elapsed time: 51.64 sec.
@I [HLS-100] Command 'ap_source' returned 0; elapsed 0.16Total elapsed time: 51.64 sec.
@I [HLS-100] Command "source /home/raghu/work/tools/xilinx/Vivado_HLS/2013.3/common/technology/xilinx/common/dsp48.gen "
@I [HLS-100] Command 'ap_source' returned 0; elapsed 0Total elapsed time: 51.65 sec.
@I [HLS-100] Command 'ap_source' returned 0; elapsed 0.16Total elapsed time: 51.65 sec.
@I [HLS-100] Command 'ap_source' returned 0; elapsed 0.16Total elapsed time: 51.65 sec.
@I [HLS-100] Command "source /home/raghu/work/tools/xilinx/Vivado_HLS/2013.3/common/technology/xilinx/zynq/zynq_fpv6.gen "
@I [HLS-100] Command "source /home/raghu/work/tools/xilinx/Vivado_HLS/2013.3/common/technology/xilinx/common/xilinx_fpv6.gen "
@I [HLS-100] Command 'ap_source' returned 0; elapsed 0Total elapsed time: 51.67 sec.
@I [HLS-100] Command 'ap_source' returned 0; elapsed 0Total elapsed time: 51.67 sec.
@I [HLS-100] Command "source /home/raghu/work/projects/dma3/hls/fe_top/solution1/.autopilot/db/global.setting.tcl "
@I [HLS-100] Command 'ap_source' returned 0; elapsed 0Total elapsed time: 51.67 sec.
@I [HLS-100] Command "source /home/raghu/work/projects/dma3/hls/fe_top/solution1/.autopilot/db/global.setting.tcl "
@I [HLS-100] Command 'ap_source' returned 0; elapsed 0Total elapsed time: 51.68 sec.
@I [HLS-100] Command "source /home/raghu/work/projects/dma3/hls/fe_top/solution1/.autopilot/db/global.setting.tcl "
@I [HLS-100] Command 'ap_source' returned 0; elapsed 0Total elapsed time: 51.70 sec.
@I [HLS-100] Command "source /home/raghu/work/tools/xilinx/Vivado_HLS/2013.3/common/technology/generic/autopilot/common.gen "
@I [HLS-100] Command "source /home/raghu/work/tools/xilinx/Vivado_HLS/2013.3/common/technology/generic/autopilot/APCoreGen.gen "
@I [HLS-100] Command 'ap_source' returned 0; elapsed 0Total elapsed time: 51.70 sec.
@I [HLS-100] Command 'ap_source' returned 0; elapsed 0Total elapsed time: 51.71 sec.
@I [HLS-100] Command "source /home/raghu/work/tools/xilinx/Vivado_HLS/2013.3/common/technology/generic/autopilot/op.gen "
@I [HLS-100] Command 'ap_source' returned 0; elapsed 0Total elapsed time: 51.71 sec.
@I [HLS-100] Command "source /home/raghu/work/tools/xilinx/Vivado_HLS/2013.3/common/technology/generic/autopilot/op_simcore.gen "
@I [HLS-100] Command 'ap_source' returned 0; elapsed 0.01Total elapsed time: 51.72 sec.
@I [HLS-100] Command "source /home/raghu/work/tools/xilinx/Vivado_HLS/2013.3/common/technology/generic/autopilot/interface.gen "
@I [HLS-100] Command 'ap_source' returned 0; elapsed 0Total elapsed time: 51.72 sec.
@I [HLS-100] Command "source /home/raghu/work/projects/dma3/hls/fe_top/solution1/.autopilot/db/global.setting.tcl "
@I [HLS-100] Command 'ap_source' returned 0; elapsed 0Total elapsed time: 51.72 sec.
@I [HLS-100] Command "source /home/raghu/work/tools/xilinx/Vivado_HLS/2013.3/common/technology/xilinx/zynq/zynq.gen "
@I [HLS-100] Command "source /home/raghu/work/tools/xilinx/Vivado_HLS/2013.3/common/technology/xilinx/common/virtex.gen "
@I [HLS-100] Command "source /home/raghu/work/tools/xilinx/Vivado_HLS/2013.3/common/technology/xilinx/common/xilinx.gen "
@I [HLS-100] Command "source /home/raghu/work/tools/xilinx/Vivado_HLS/2013.3/common/technology/xilinx/interface/plb46.gen "
@I [HLS-100] Command 'ap_source' returned 0; elapsed 0Total elapsed time: 51.74 sec.
@I [HLS-100] Command "source /home/raghu/work/tools/xilinx/Vivado_HLS/2013.3/common/technology/xilinx/interface/fsl.gen "
@I [HLS-100] Command 'ap_source' returned 0; elapsed 0Total elapsed time: 51.74 sec.
@I [HLS-100] Command "source /home/raghu/work/tools/xilinx/Vivado_HLS/2013.3/common/technology/xilinx/interface/axi4.gen "
@I [HLS-100] Command 'ap_source' returned 0; elapsed 0Total elapsed time: 51.76 sec.
@I [HLS-100] Command "source /home/raghu/work/tools/xilinx/Vivado_HLS/2013.3/common/technology/xilinx/scripts/xilinxcoregen.gen "
@I [HLS-100] Command 'ap_source' returned 0; elapsed 0.01Total elapsed time: 51.83 sec.
@I [HLS-100] Command "source /home/raghu/work/tools/xilinx/Vivado_HLS/2013.3/common/technology/xilinx/interface/XilEDKCoreGen.gen "
@I [HLS-100] Command 'ap_source' returned 0; elapsed 0Total elapsed time: 51.91 sec.
@I [HLS-100] Command "source /home/raghu/work/tools/xilinx/Vivado_HLS/2013.3/common/technology/xilinx/ip/xfft.gen "
@I [HLS-100] Command 'ap_source' returned 0; elapsed 0.12Total elapsed time: 51.208 sec.
@I [HLS-100] Command "source /home/raghu/work/tools/xilinx/Vivado_HLS/2013.3/common/technology/xilinx/ip/xfir.gen "
@I [HLS-100] Command 'ap_source' returned 0; elapsed 0.02Total elapsed time: 51.231 sec.
@I [HLS-100] Command "source /home/raghu/work/tools/xilinx/Vivado_HLS/2013.3/common/technology/xilinx/ip/util.gen "
@I [HLS-100] Command 'ap_source' returned 0; elapsed 0.01Total elapsed time: 51.232 sec.
@I [HLS-100] Command 'ap_source' returned 0; elapsed 0.16Total elapsed time: 51.232 sec.
@I [HLS-100] Command "source /home/raghu/work/tools/xilinx/Vivado_HLS/2013.3/common/technology/xilinx/common/dsp48.gen "
@I [HLS-100] Command 'ap_source' returned 0; elapsed 0Total elapsed time: 51.233 sec.
@I [HLS-100] Command 'ap_source' returned 0; elapsed 0.16Total elapsed time: 51.233 sec.
@I [HLS-100] Command 'ap_source' returned 0; elapsed 0.16Total elapsed time: 51.233 sec.
@I [HLS-100] Command "source /home/raghu/work/tools/xilinx/Vivado_HLS/2013.3/common/technology/xilinx/zynq/zynq_fpv6.gen "
@I [HLS-100] Command "source /home/raghu/work/tools/xilinx/Vivado_HLS/2013.3/common/technology/xilinx/common/xilinx_fpv6.gen "
@I [HLS-100] Command 'ap_source' returned 0; elapsed 0Total elapsed time: 51.234 sec.
@I [HLS-100] Command 'ap_source' returned 0; elapsed 0Total elapsed time: 51.234 sec.
@I [HLS-100] Command "source /home/raghu/work/projects/dma3/hls/fe_top/solution1/.autopilot/db/fe_top.compgen.tcl "
@I [HLS-100] Command 'ap_source' returned 0; elapsed 0Total elapsed time: 51.235 sec.
@I [HLS-100] Command "source /home/raghu/work/projects/dma3/hls/fe_top/solution1/.autopilot/db/global.setting.tcl "
@I [HLS-100] Command 'ap_source' returned 0; elapsed 0Total elapsed time: 51.249 sec.
@I [HLS-100] Command "source /home/raghu/work/projects/dma3/hls/fe_top/solution1/.autopilot/db/fe_top.constraint.tcl "
@I [HLS-100] Command 'ap_source' returned 0; elapsed 0Total elapsed time: 51.249 sec.
@I [HLS-100] Command "source /home/raghu/work/tools/xilinx/Vivado_HLS/2013.3/common/technology/generic/autopilot/common.gen "
@I [HLS-100] Command "source /home/raghu/work/tools/xilinx/Vivado_HLS/2013.3/common/technology/generic/autopilot/APCoreGen.gen "
@I [HLS-100] Command 'ap_source' returned 0; elapsed 0Total elapsed time: 51.250 sec.
@I [HLS-100] Command 'ap_source' returned 0; elapsed 0Total elapsed time: 51.251 sec.
@I [HLS-100] Command "source /home/raghu/work/tools/xilinx/Vivado_HLS/2013.3/common/technology/generic/autopilot/op.gen "
@I [HLS-100] Command 'ap_source' returned 0; elapsed 0Total elapsed time: 51.251 sec.
@I [HLS-100] Command "source /home/raghu/work/tools/xilinx/Vivado_HLS/2013.3/common/technology/generic/autopilot/op_simcore.gen "
@I [HLS-100] Command 'ap_source' returned 0; elapsed 0Total elapsed time: 51.252 sec.
@I [HLS-100] Command "source /home/raghu/work/tools/xilinx/Vivado_HLS/2013.3/common/technology/generic/autopilot/interface.gen "
@I [HLS-100] Command 'ap_source' returned 0; elapsed 0Total elapsed time: 51.252 sec.
@I [HLS-100] Command "source /home/raghu/work/projects/dma3/hls/fe_top/solution1/.autopilot/db/global.setting.tcl "
@I [HLS-100] Command 'ap_source' returned 0; elapsed 0Total elapsed time: 51.252 sec.
@I [HLS-100] Command "source /home/raghu/work/tools/xilinx/Vivado_HLS/2013.3/common/technology/xilinx/zynq/zynq.gen "
@I [HLS-100] Command "source /home/raghu/work/tools/xilinx/Vivado_HLS/2013.3/common/technology/xilinx/common/virtex.gen "
@I [HLS-100] Command "source /home/raghu/work/tools/xilinx/Vivado_HLS/2013.3/common/technology/xilinx/common/xilinx.gen "
@I [HLS-100] Command "source /home/raghu/work/tools/xilinx/Vivado_HLS/2013.3/common/technology/xilinx/interface/plb46.gen "
@I [HLS-100] Command 'ap_source' returned 0; elapsed 0Total elapsed time: 51.254 sec.
@I [HLS-100] Command "source /home/raghu/work/tools/xilinx/Vivado_HLS/2013.3/common/technology/xilinx/interface/fsl.gen "
@I [HLS-100] Command 'ap_source' returned 0; elapsed 0Total elapsed time: 51.254 sec.
@I [HLS-100] Command "source /home/raghu/work/tools/xilinx/Vivado_HLS/2013.3/common/technology/xilinx/interface/axi4.gen "
@I [HLS-100] Command 'ap_source' returned 0; elapsed 0Total elapsed time: 51.256 sec.
@I [HLS-100] Command "source /home/raghu/work/tools/xilinx/Vivado_HLS/2013.3/common/technology/xilinx/scripts/xilinxcoregen.gen "
@I [HLS-100] Command 'ap_source' returned 0; elapsed 0.01Total elapsed time: 51.263 sec.
@I [HLS-100] Command "source /home/raghu/work/tools/xilinx/Vivado_HLS/2013.3/common/technology/xilinx/interface/XilEDKCoreGen.gen "
@I [HLS-100] Command 'ap_source' returned 0; elapsed 0.01Total elapsed time: 51.271 sec.
@I [HLS-100] Command "source /home/raghu/work/tools/xilinx/Vivado_HLS/2013.3/common/technology/xilinx/ip/xfft.gen "
@I [HLS-100] Command 'ap_source' returned 0; elapsed 0.11Total elapsed time: 51.388 sec.
@I [HLS-100] Command "source /home/raghu/work/tools/xilinx/Vivado_HLS/2013.3/common/technology/xilinx/ip/xfir.gen "
@I [HLS-100] Command 'ap_source' returned 0; elapsed 0.03Total elapsed time: 51.411 sec.
@I [HLS-100] Command "source /home/raghu/work/tools/xilinx/Vivado_HLS/2013.3/common/technology/xilinx/ip/util.gen "
@I [HLS-100] Command 'ap_source' returned 0; elapsed 0Total elapsed time: 51.411 sec.
@I [HLS-100] Command 'ap_source' returned 0; elapsed 0.16Total elapsed time: 51.412 sec.
@I [HLS-100] Command "source /home/raghu/work/tools/xilinx/Vivado_HLS/2013.3/common/technology/xilinx/common/dsp48.gen "
@I [HLS-100] Command 'ap_source' returned 0; elapsed 0Total elapsed time: 51.413 sec.
@I [HLS-100] Command 'ap_source' returned 0; elapsed 0.16Total elapsed time: 51.413 sec.
@I [HLS-100] Command 'ap_source' returned 0; elapsed 0.16Total elapsed time: 51.413 sec.
@I [HLS-100] Command "source /home/raghu/work/tools/xilinx/Vivado_HLS/2013.3/common/technology/xilinx/zynq/zynq_fpv6.gen "
@I [HLS-100] Command "source /home/raghu/work/tools/xilinx/Vivado_HLS/2013.3/common/technology/xilinx/common/xilinx_fpv6.gen "
@I [HLS-100] Command 'ap_source' returned 0; elapsed 0Total elapsed time: 51.414 sec.
@I [HLS-100] Command 'ap_source' returned 0; elapsed 0Total elapsed time: 51.414 sec.
@I [HLS-100] Command 'export_design' returned 0; elapsed 1.69Total elapsed time: 58.962 sec.
@I [HLS-100] Command "cleanup_all "
@I [HLS-100] Command 'cleanup_all' returned 0; elapsed 0Total elapsed time: 58.964 sec.
