==============================================================
File generated by Vivado(TM) HLS - High-Level Synthesis from C, C++ and SystemC
Version: 2013.3
Copyright (C) 2013 Xilinx Inc. All rights reserved.

==============================================================

@I [SYN-201] Setting up clock 'default' with a period of 10ns.
@I [HLS-10] Setting target device to 'xc7z045ffg900-1'
@I [HLS-10] Analyzing design file 'bmm_top/bmm_top.cpp' ... 
@I [HLS-10] Validating synthesis directives ...
@I [HLS-10] Checking synthesizability ...
@I [HLS-10] Starting code transformations ...
@I [HLS-111] Elapsed time: 2.56 seconds; current memory usage: 50.2 MB.
@I [HLS-10] Starting hardware synthesis ...
@I [HLS-10] Synthesizing 'bmm_top' ...
@I [HLS-10] ----------------------------------------------------------------
@I [HLS-10] -- Scheduling module 'bmm_top' 
@I [HLS-10] ----------------------------------------------------------------
@I [SCHED-11] Starting scheduling ...
@I [SCHED-11] Finished scheduling.
@I [HLS-111] Elapsed time: 0.1 seconds; current memory usage: 50.6 MB.
@I [HLS-10] ----------------------------------------------------------------
@I [HLS-10] -- Exploring micro-architecture for module 'bmm_top' 
@I [HLS-10] ----------------------------------------------------------------
@I [BIND-100] Starting micro-architecture generation ...
@I [BIND-101] Performing variable lifetime analysis.
@I [BIND-101] Exploring resource sharing.
@I [BIND-101] Binding ...
@I [BIND-100] Finished micro-architecture generation.
@I [HLS-111] Elapsed time: 0.02 seconds; current memory usage: 51 MB.
@I [HLS-10] ----------------------------------------------------------------
@I [HLS-10] -- Generating RTL for module 'bmm_top' 
@I [HLS-10] ----------------------------------------------------------------
@I [RTGEN-500] Setting interface mode on port 'bmm_top/b1' to 'ap_bus'.
@I [RTGEN-500] Setting interface mode on port 'bmm_top/b2' to 'ap_bus'.
@I [RTGEN-500] Setting interface mode on port 'bmm_top/b3' to 'ap_bus'.
@I [RTGEN-500] Setting interface mode on function 'bmm_top' to 'ap_ctrl_hs'.
@W [RTGEN-101] Setting dangling out port 'bmm_top/b1_dataout' to 0.
@W [RTGEN-101] Setting dangling out port 'bmm_top/b2_dataout' to 0.
@I [RTGEN-100] Generating core module 'bmm_top_mul_32s_32s_32_6': 1 instance(s).
@I [RTGEN-100] Finished creating RTL model for 'bmm_top'.
@I [HLS-111] Elapsed time: 0.05 seconds; current memory usage: 51.3 MB.
@I [RTMG-282] Generating pipelined core: 'bmm_top_mul_32s_32s_32_6_MulnS_0'
@I [HLS-10] Finished generating all RTL models.
@I [WSYSC-301] Generating RTL SystemC for 'bmm_top'.
@I [WVHDL-304] Generating RTL VHDL for 'bmm_top'.
@I [WVLOG-307] Generating RTL Verilog for 'bmm_top'.
@I [IMPL-8] Exporting RTL as an IP in IP-XACT.
@I [HLS-112] Total elapsed time: 72.555 seconds; peak memory usage: 51.3 MB.
@I [LIC-101] Checked in feature [HLS]
