Copyright 1986-1999, 2001-2013 Xilinx, Inc. All Rights Reserved.
------------------------------------------------------------------------------------------
| Tool Version : Vivado v.2013.3 (lin64) Build 329390 Wed Oct 16 18:26:55 MDT 2013
| Date         : Fri May  2 16:40:06 2014
| Host         : raghu-office running 64-bit Ubuntu 12.04.4 LTS
| Command      : report_clock_utilization -file dma3_wrapper_clock_utilization_placed.rpt
| Design       : dma3_wrapper
| Device       : xc7z045
------------------------------------------------------------------------------------------

Clock Utilization Report

Table of Contents
-----------------
1. Clock Primitive Utilization
2. Details of Global Clocks
3. Details of Regional Clocks
4. Details of Multi-Regional Clocks
5. Details of I/O Clocks
6. Details of Local Clocks
7. Clock Regions : Key Resource Utilization
8. Net wise resources used in clock region X0Y0
9. Net wise resources used in clock region X1Y0
10. Net wise resources used in clock region X0Y1
11. Net wise resources used in clock region X1Y1
12. Net wise resources used in clock region X0Y2
13. Net wise resources used in clock region X1Y2
14. Net wise resources used in clock region X0Y3
15. Net wise resources used in clock region X1Y3
16. Net wise resources used in clock region X0Y4
17. Net wise resources used in clock region X1Y4
18. Net wise resources used in clock region X0Y5
19. Net wise resources used in clock region X1Y5
20. Net wise resources used in clock region X0Y6
21. Net wise resources used in clock region X1Y6

1. Clock Primitive Utilization
------------------------------

+-------+------+-----------+------------+
| Type  | Used | Available | Num Locked |
+-------+------+-----------+------------+
| BUFG  |    1 |        32 |          0 |
| BUFH  |    0 |       168 |          0 |
| BUFIO |    0 |        32 |          0 |
| MMCM  |    0 |         8 |          0 |
| BUFR  |    0 |        32 |          0 |
| BUFMR |    0 |        16 |          0 |
+-------+------+-----------+------------+


2. Details of Global Clocks
---------------------------

+-------+--------------------------------------------------------------------+--------------------------------------------+---------------+--------+---------------+-----------+
|       |                                                                    |                                            |   Num Loads   |        |               |           |
+-------+--------------------------------------------------------------------+--------------------------------------------+-------+-------+--------+---------------+-----------+
| Index | BUFG Cell                                                          | Net Name                                   |  BELs | Sites | Locked | MaxDelay (ns) | Skew (ns) |
+-------+--------------------------------------------------------------------+--------------------------------------------+-------+-------+--------+---------------+-----------+
|     1 | dma3_i/processing_system7_0/inst/buffer_fclk_clk_0.FCLK_CLK_0_BUFG | dma3_i/processing_system7_0/inst/FCLK_CLK0 | 22438 |  8407 |     no |         1.876 |     0.691 |
+-------+--------------------------------------------------------------------+--------------------------------------------+-------+-------+--------+---------------+-----------+


3. Details of Regional Clocks
-----------------------------

4. Details of Multi-Regional Clocks
-----------------------------------

5. Details of I/O Clocks
------------------------

6. Details of Local Clocks
--------------------------

7. Clock Regions : Key Resource Utilization
-------------------------------------------

+-------------------+--------------+--------------+--------------+--------------+--------------+--------------+--------------+--------------+--------------+--------------+--------------+--------------+--------------+--------------+--------------+
|                   | Global Clock |     BUFRs    |    BUFMRs    |    BUFIOs    |     MMCM     |      PLL     |      GT      |      PCI     |    ILOGIC    |    OLOGIC    |      FF      |     LUTM     |    RAMB18    |    RAMB36    |    DSP48E1   |
+-------------------+------+-------+------+-------+------+-------+------+-------+------+-------+------+-------+------+-------+------+-------+------+-------+------+-------+------+-------+------+-------+------+-------+------+-------+------+-------+
| Clock Region Name | Used | Avail | Used | Avail | Used | Avail | Used | Avail | Used | Avail | Used | Avail | Used | Avail | Used | Avail | Used | Avail | Used | Avail | Used | Avail | Used | Avail | Used | Avail | Used | Avail | Used | Avail |
+-------------------+------+-------+------+-------+------+-------+------+-------+------+-------+------+-------+------+-------+------+-------+------+-------+------+-------+------+-------+------+-------+------+-------+------+-------+------+-------+
| X0Y0              |    1 |    12 |    0 |     4 |    0 |     2 |    0 |     4 |    0 |     1 |    0 |     1 |    0 |     0 |    0 |     0 |    0 |    50 |    0 |    50 |    0 | 36000 |    0 |  6400 |    0 |   160 |   33 |    40 |    0 |    80 |
| X1Y0              |    1 |    12 |    0 |     0 |    0 |     0 |    0 |     0 |    0 |     0 |    0 |     0 |    0 |     5 |    0 |     0 |    0 |     0 |    0 |     0 |    1 | 29600 |    0 |  4200 |    0 |   160 |   33 |    40 |    0 |    60 |
| X0Y1              |    1 |    12 |    0 |     4 |    0 |     2 |    0 |     4 |    0 |     1 |    0 |     1 |    0 |     0 |    0 |     0 |    0 |    50 |    0 |    50 |    5 | 36000 |    0 |  6400 |    0 |   160 |   38 |    40 |    0 |    80 |
| X1Y1              |    1 |    12 |    0 |     0 |    0 |     0 |    0 |     0 |    0 |     0 |    0 |     0 |    0 |     5 |    0 |     0 |    0 |     0 |    0 |     0 |    3 | 29600 |    0 |  4200 |    0 |   160 |   40 |    40 |    0 |    60 |
| X0Y2              |    1 |    12 |    0 |     4 |    0 |     2 |    0 |     4 |    0 |     1 |    0 |     1 |    0 |     0 |    0 |     0 |    0 |    50 |    0 |    50 |  107 | 36000 |   17 |  6400 |    0 |   160 |   40 |    40 |    3 |    80 |
| X1Y2              |    1 |    12 |    0 |     0 |    0 |     0 |    0 |     0 |    0 |     0 |    0 |     0 |    0 |     5 |    0 |     0 |    0 |     0 |    0 |     0 |    4 | 29600 |    0 |  4200 |    0 |   160 |   40 |    40 |    0 |    60 |
| X0Y3              |    1 |    12 |    0 |     4 |    0 |     2 |    0 |     4 |    0 |     1 |    0 |     1 |    0 |     0 |    0 |     0 |    0 |    50 |    0 |    50 | 5744 | 36000 |  882 |  6400 |    0 |   160 |   39 |    40 |   12 |    80 |
| X1Y3              |    1 |    12 |    0 |     0 |    0 |     0 |    0 |     0 |    0 |     0 |    0 |     0 |    0 |     5 |    0 |     1 |    0 |     0 |    0 |     0 |  912 | 28400 |   55 |  4000 |    0 |   140 |   35 |    35 |    9 |    60 |
| X0Y4              |    1 |    12 |    0 |     4 |    0 |     2 |    0 |     4 |    0 |     1 |    0 |     1 |    0 |     0 |    0 |     0 |    0 |    50 |    0 |    50 | 6165 | 36000 |  804 |  6400 |    0 |   160 |   40 |    40 |   21 |    80 |
| X1Y4              |    1 |    12 |    0 |     4 |    0 |     2 |    0 |     4 |    0 |     1 |    0 |     1 |    0 |     0 |    0 |     0 |    0 |    50 |    0 |    50 |  873 | 32800 |   80 |  4600 |    0 |   200 |   49 |    50 |    0 |    60 |
| X0Y5              |    1 |    12 |    0 |     0 |    0 |     0 |    0 |     0 |    0 |     0 |    0 |     0 |    0 |     0 |    0 |     0 |    0 |     0 |    0 |     0 | 4332 | 25600 |  369 |  4000 |    0 |    80 |   20 |    20 |   16 |    40 |
| X1Y5              |    1 |    12 |    0 |     4 |    0 |     2 |    0 |     4 |    0 |     1 |    0 |     1 |    0 |     0 |    0 |     0 |    0 |    50 |    0 |    50 |  463 | 28000 |    4 |  4600 |    0 |   200 |   50 |    50 |    3 |    60 |
| X0Y6              |    1 |    12 |    0 |     0 |    0 |     0 |    0 |     0 |    0 |     0 |    0 |     0 |    0 |     0 |    0 |     0 |    0 |     0 |    0 |     0 | 1003 | 25600 |   24 |  4000 |    0 |    72 |   20 |    18 |    0 |    40 |
| X1Y6              |    1 |    12 |    0 |     4 |    0 |     2 |    0 |     4 |    0 |     1 |    0 |     1 |    0 |     0 |    0 |     0 |    0 |    50 |    0 |    50 |    4 | 28000 |    0 |  4600 |    0 |   180 |   45 |    45 |    0 |    60 |
+-------------------+------+-------+------+-------+------+-------+------+-------+------+-------+------+-------+------+-------+------+-------+------+-------+------+-------+------+-------+------+-------+------+-------+------+-------+------+-------+
* RAMB36 site can be used as two RAMB18/FIFO18 sites


8. Net wise resources used in clock region X0Y0
-----------------------------------------------

+-------------+--------+-----------+-----------+---------+---------+-----+-------+----------+------+--------------------------------------------+
| Source Type | Locked | MMCM Pins | BRAM Pins | ILOGICs | OLOGICs | FFs | LUTMs | DSP48E1s | PLLs |                             Clock Net Name |
+-------------+--------+-----------+-----------+---------+---------+-----+-------+----------+------+--------------------------------------------+
| BUFG        |   no   |         0 |        66 |       0 |       0 |   0 |     0 |        0 |    0 | dma3_i/processing_system7_0/inst/FCLK_CLK0 |
+-------------+--------+-----------+-----------+---------+---------+-----+-------+----------+------+--------------------------------------------+


9. Net wise resources used in clock region X1Y0
-----------------------------------------------

+-------------+--------+-----------+-----------+---------+---------+-----+-------+----------+------+--------------------------------------------+
| Source Type | Locked | MMCM Pins | BRAM Pins | ILOGICs | OLOGICs | FFs | LUTMs | DSP48E1s | PLLs |                             Clock Net Name |
+-------------+--------+-----------+-----------+---------+---------+-----+-------+----------+------+--------------------------------------------+
| BUFG        |   no   |         0 |        66 |       0 |       0 |   1 |     0 |        0 |    0 | dma3_i/processing_system7_0/inst/FCLK_CLK0 |
+-------------+--------+-----------+-----------+---------+---------+-----+-------+----------+------+--------------------------------------------+


10. Net wise resources used in clock region X0Y1
------------------------------------------------

+-------------+--------+-----------+-----------+---------+---------+-----+-------+----------+------+--------------------------------------------+
| Source Type | Locked | MMCM Pins | BRAM Pins | ILOGICs | OLOGICs | FFs | LUTMs | DSP48E1s | PLLs |                             Clock Net Name |
+-------------+--------+-----------+-----------+---------+---------+-----+-------+----------+------+--------------------------------------------+
| BUFG        |   no   |         0 |        76 |       0 |       0 |   5 |     0 |        0 |    0 | dma3_i/processing_system7_0/inst/FCLK_CLK0 |
+-------------+--------+-----------+-----------+---------+---------+-----+-------+----------+------+--------------------------------------------+


11. Net wise resources used in clock region X1Y1
------------------------------------------------

+-------------+--------+-----------+-----------+---------+---------+-----+-------+----------+------+--------------------------------------------+
| Source Type | Locked | MMCM Pins | BRAM Pins | ILOGICs | OLOGICs | FFs | LUTMs | DSP48E1s | PLLs |                             Clock Net Name |
+-------------+--------+-----------+-----------+---------+---------+-----+-------+----------+------+--------------------------------------------+
| BUFG        |   no   |         0 |        80 |       0 |       0 |   3 |     0 |        0 |    0 | dma3_i/processing_system7_0/inst/FCLK_CLK0 |
+-------------+--------+-----------+-----------+---------+---------+-----+-------+----------+------+--------------------------------------------+


12. Net wise resources used in clock region X0Y2
------------------------------------------------

+-------------+--------+-----------+-----------+---------+---------+-----+-------+----------+------+--------------------------------------------+
| Source Type | Locked | MMCM Pins | BRAM Pins | ILOGICs | OLOGICs | FFs | LUTMs | DSP48E1s | PLLs |                             Clock Net Name |
+-------------+--------+-----------+-----------+---------+---------+-----+-------+----------+------+--------------------------------------------+
| BUFG        |   no   |         0 |        80 |       0 |       0 | 107 |    17 |        3 |    0 | dma3_i/processing_system7_0/inst/FCLK_CLK0 |
+-------------+--------+-----------+-----------+---------+---------+-----+-------+----------+------+--------------------------------------------+


13. Net wise resources used in clock region X1Y2
------------------------------------------------

+-------------+--------+-----------+-----------+---------+---------+-----+-------+----------+------+--------------------------------------------+
| Source Type | Locked | MMCM Pins | BRAM Pins | ILOGICs | OLOGICs | FFs | LUTMs | DSP48E1s | PLLs |                             Clock Net Name |
+-------------+--------+-----------+-----------+---------+---------+-----+-------+----------+------+--------------------------------------------+
| BUFG        |   no   |         0 |        80 |       0 |       0 |   4 |     0 |        0 |    0 | dma3_i/processing_system7_0/inst/FCLK_CLK0 |
+-------------+--------+-----------+-----------+---------+---------+-----+-------+----------+------+--------------------------------------------+


14. Net wise resources used in clock region X0Y3
------------------------------------------------

+-------------+--------+-----------+-----------+---------+---------+------+-------+----------+------+--------------------------------------------+
| Source Type | Locked | MMCM Pins | BRAM Pins | ILOGICs | OLOGICs |  FFs | LUTMs | DSP48E1s | PLLs |                             Clock Net Name |
+-------------+--------+-----------+-----------+---------+---------+------+-------+----------+------+--------------------------------------------+
| BUFG        |   no   |         0 |        78 |       0 |       0 | 5744 |   882 |       12 |    0 | dma3_i/processing_system7_0/inst/FCLK_CLK0 |
+-------------+--------+-----------+-----------+---------+---------+------+-------+----------+------+--------------------------------------------+


15. Net wise resources used in clock region X1Y3
------------------------------------------------

+-------------+--------+-----------+-----------+---------+---------+-----+-------+----------+------+--------------------------------------------+
| Source Type | Locked | MMCM Pins | BRAM Pins | ILOGICs | OLOGICs | FFs | LUTMs | DSP48E1s | PLLs |                             Clock Net Name |
+-------------+--------+-----------+-----------+---------+---------+-----+-------+----------+------+--------------------------------------------+
| BUFG        |   no   |         0 |        70 |       0 |       0 | 912 |    55 |        9 |    0 | dma3_i/processing_system7_0/inst/FCLK_CLK0 |
+-------------+--------+-----------+-----------+---------+---------+-----+-------+----------+------+--------------------------------------------+


16. Net wise resources used in clock region X0Y4
------------------------------------------------

+-------------+--------+-----------+-----------+---------+---------+------+-------+----------+------+--------------------------------------------+
| Source Type | Locked | MMCM Pins | BRAM Pins | ILOGICs | OLOGICs |  FFs | LUTMs | DSP48E1s | PLLs |                             Clock Net Name |
+-------------+--------+-----------+-----------+---------+---------+------+-------+----------+------+--------------------------------------------+
| BUFG        |   no   |         0 |        80 |       0 |       0 | 6165 |   804 |       21 |    0 | dma3_i/processing_system7_0/inst/FCLK_CLK0 |
+-------------+--------+-----------+-----------+---------+---------+------+-------+----------+------+--------------------------------------------+


17. Net wise resources used in clock region X1Y4
------------------------------------------------

+-------------+--------+-----------+-----------+---------+---------+-----+-------+----------+------+--------------------------------------------+
| Source Type | Locked | MMCM Pins | BRAM Pins | ILOGICs | OLOGICs | FFs | LUTMs | DSP48E1s | PLLs |                             Clock Net Name |
+-------------+--------+-----------+-----------+---------+---------+-----+-------+----------+------+--------------------------------------------+
| BUFG        |   no   |         0 |        98 |       0 |       0 | 873 |    80 |        0 |    0 | dma3_i/processing_system7_0/inst/FCLK_CLK0 |
+-------------+--------+-----------+-----------+---------+---------+-----+-------+----------+------+--------------------------------------------+


18. Net wise resources used in clock region X0Y5
------------------------------------------------

+-------------+--------+-----------+-----------+---------+---------+------+-------+----------+------+--------------------------------------------+
| Source Type | Locked | MMCM Pins | BRAM Pins | ILOGICs | OLOGICs |  FFs | LUTMs | DSP48E1s | PLLs |                             Clock Net Name |
+-------------+--------+-----------+-----------+---------+---------+------+-------+----------+------+--------------------------------------------+
| BUFG        |   no   |         0 |        40 |       0 |       0 | 4332 |   369 |       16 |    0 | dma3_i/processing_system7_0/inst/FCLK_CLK0 |
+-------------+--------+-----------+-----------+---------+---------+------+-------+----------+------+--------------------------------------------+


19. Net wise resources used in clock region X1Y5
------------------------------------------------

+-------------+--------+-----------+-----------+---------+---------+-----+-------+----------+------+--------------------------------------------+
| Source Type | Locked | MMCM Pins | BRAM Pins | ILOGICs | OLOGICs | FFs | LUTMs | DSP48E1s | PLLs |                             Clock Net Name |
+-------------+--------+-----------+-----------+---------+---------+-----+-------+----------+------+--------------------------------------------+
| BUFG        |   no   |         0 |       100 |       0 |       0 | 463 |     4 |        3 |    0 | dma3_i/processing_system7_0/inst/FCLK_CLK0 |
+-------------+--------+-----------+-----------+---------+---------+-----+-------+----------+------+--------------------------------------------+


20. Net wise resources used in clock region X0Y6
------------------------------------------------

+-------------+--------+-----------+-----------+---------+---------+------+-------+----------+------+--------------------------------------------+
| Source Type | Locked | MMCM Pins | BRAM Pins | ILOGICs | OLOGICs |  FFs | LUTMs | DSP48E1s | PLLs |                             Clock Net Name |
+-------------+--------+-----------+-----------+---------+---------+------+-------+----------+------+--------------------------------------------+
| BUFG        |   no   |         0 |        40 |       0 |       0 | 1003 |    24 |        0 |    0 | dma3_i/processing_system7_0/inst/FCLK_CLK0 |
+-------------+--------+-----------+-----------+---------+---------+------+-------+----------+------+--------------------------------------------+


21. Net wise resources used in clock region X1Y6
------------------------------------------------

+-------------+--------+-----------+-----------+---------+---------+-----+-------+----------+------+--------------------------------------------+
| Source Type | Locked | MMCM Pins | BRAM Pins | ILOGICs | OLOGICs | FFs | LUTMs | DSP48E1s | PLLs |                             Clock Net Name |
+-------------+--------+-----------+-----------+---------+---------+-----+-------+----------+------+--------------------------------------------+
| BUFG        |   no   |         0 |        90 |       0 |       0 |   4 |     0 |        0 |    0 | dma3_i/processing_system7_0/inst/FCLK_CLK0 |
+-------------+--------+-----------+-----------+---------+---------+-----+-------+----------+------+--------------------------------------------+



# Location of BUFG Primitives 
set_property LOC BUFGCTRL_X0Y16 [get_cells dma3_i/processing_system7_0/inst/buffer_fclk_clk_0.FCLK_CLK_0_BUFG]

# Location of IO Clock Primitives

# Location of MMCM Clock Primitives

# Location of BUFH Clock Primitives

# Location of BUFR Clock Primitives

# Location of BUFMR Clock Primitives

# Location of PLL Clock Primitives

# Location of IO Primitives which is load of clock spine

# Location of clock ports

# Clock net "dma3_i/processing_system7_0/inst/FCLK_CLK0" driven by instance "dma3_i/processing_system7_0/inst/buffer_fclk_clk_0.FCLK_CLK_0_BUFG" located at site "BUFGCTRL_X0Y16"
#startgroup
create_pblock CLKAG_dma3_i/processing_system7_0/inst/FCLK_CLK0
add_cells_to_pblock [get_pblocks  CLKAG_dma3_i/processing_system7_0/inst/FCLK_CLK0] [get_cells  -filter { IS_PRIMITIVE==1 && PRIMITIVE_LEVEL !=INTERNAL } -of_object [get_pins -filter {DIRECTION==IN} -of_objects [get_nets -hierarchical -filter {PARENT=="dma3_i/processing_system7_0/inst/FCLK_CLK0"}]]]
resize_pblock [get_pblocks CLKAG_dma3_i/processing_system7_0/inst/FCLK_CLK0] -add {CLOCKREGION_X0Y0:CLOCKREGION_X0Y0 CLOCKREGION_X0Y1:CLOCKREGION_X0Y1 CLOCKREGION_X0Y2:CLOCKREGION_X0Y2 CLOCKREGION_X0Y3:CLOCKREGION_X0Y3 CLOCKREGION_X0Y4:CLOCKREGION_X0Y4 CLOCKREGION_X0Y5:CLOCKREGION_X0Y5 CLOCKREGION_X0Y6:CLOCKREGION_X0Y6 CLOCKREGION_X1Y0:CLOCKREGION_X1Y0 CLOCKREGION_X1Y1:CLOCKREGION_X1Y1 CLOCKREGION_X1Y2:CLOCKREGION_X1Y2 CLOCKREGION_X1Y3:CLOCKREGION_X1Y3 CLOCKREGION_X1Y4:CLOCKREGION_X1Y4 CLOCKREGION_X1Y5:CLOCKREGION_X1Y5 CLOCKREGION_X1Y6:CLOCKREGION_X1Y6}
#endgroup
