Copyright 1986-1999, 2001-2013 Xilinx, Inc. All Rights Reserved.
-----------------------------------------------------------------------------------------------------------------------
| Tool Version     : Vivado v.2013.3 (lin64) Build 329390 Wed Oct 16 18:26:55 MDT 2013
| Date             : Tue May  6 22:43:14 2014
| Host             : wallace running 64-bit Ubuntu 14.04 LTS
| Command          : report_power -file dma3_wrapper_power_routed.rpt -pb dma3_wrapper_power_summary_routed.pb
| Design           : dma3_wrapper
| Device           : xc7z020clg484-1
| Design State     : Routed
| Grade            : commercial
| Process          : typical
| Characterization : Production
-----------------------------------------------------------------------------------------------------------------------

Power Report

Table of Contents
-----------------
1. Summary
1.1 On-Chip Components
1.2 Power Supply Summary
1.3 Confidence Level
2. Settings
2.1 Environment
2.2 Clock Constraints
3. Detailed Reports
3.1 By Hierarchy

1. Summary
----------

+--------------------------+-------+
| Total On-Chip Power (W)  | 1.592 |
| Dynamic (W)              | 1.440 |
| Device Static (W)        | 0.152 |
| Total Off-Chip Power (W) | 0.121 |
| Effective TJA (C/W)      | 11.5  |
| Max Ambient (C)          | 66.6  |
| Junction Temperature (C) | 43.4  |
| Confidence Level         | Low   |
| Setting File             | ---   |
| Simulation Activity File | ---   |
| Design Nets Matched      | NA    |
+--------------------------+-------+


1.1 On-Chip Components
----------------------

+--------------------------+-----------+----------+-----------+-----------------+
| On-Chip                  | Power (W) | Used     | Available | Utilization (%) |
+--------------------------+-----------+----------+-----------+-----------------+
| Clocks                   |     0.048 |        1 |       --- |             --- |
| Slice Logic              |     0.013 |    88258 |       --- |             --- |
|   LUT as Logic           |     0.012 |    34784 |     53200 |           65.38 |
|   Register               |    <0.001 |    37294 |    106400 |           35.05 |
|   CARRY4                 |    <0.001 |      915 |     13300 |            6.88 |
|   LUT as Shift Register  |    <0.001 |     4956 |     17400 |           28.48 |
|   LUT as Distributed RAM |    <0.001 |      156 |     17400 |            0.90 |
|   F7/F8 Muxes            |    <0.001 |      548 |     53200 |            1.03 |
|   Others                 |     0.000 |      279 |       --- |             --- |
| Signals                  |     0.022 |    65092 |       --- |             --- |
| Block RAM                |     0.011 |      138 |       140 |           98.57 |
| DSPs                     |    <0.001 |       12 |       220 |            5.45 |
| PS7                      |     1.346 |        1 |       --- |             --- |
| Static Power             |     0.152 |          |           |                 |
| Total                    |     1.592 |          |           |                 |
+--------------------------+-----------+----------+-----------+-----------------+


1.2 Power Supply Summary
------------------------

+-----------+-------------+-----------+-------------+------------+
| Source    | Voltage (V) | Total (A) | Dynamic (A) | Static (A) |
+-----------+-------------+-----------+-------------+------------+
| Vccint    |       1.000 |     0.109 |       0.094 |      0.016 |
| Vccaux    |       1.800 |     0.020 |       0.000 |      0.020 |
| Vcco33    |       3.300 |     0.000 |       0.000 |      0.000 |
| Vcco25    |       2.500 |     0.000 |       0.000 |      0.000 |
| Vcco18    |       1.800 |     0.000 |       0.000 |      0.000 |
| Vcco15    |       1.500 |     0.000 |       0.000 |      0.000 |
| Vcco135   |       1.350 |     0.000 |       0.000 |      0.000 |
| Vcco12    |       1.200 |     0.000 |       0.000 |      0.000 |
| Vccaux_io |       1.800 |     0.000 |       0.000 |      0.000 |
| Vccbram   |       1.000 |     0.004 |       0.000 |      0.004 |
| MGTAVcc   |       1.000 |     0.000 |       0.000 |      0.000 |
| MGTAVtt   |       1.200 |     0.000 |       0.000 |      0.000 |
| MGTVccaux |       1.800 |     0.000 |       0.000 |      0.000 |
| Vccpint   |       1.000 |     0.420 |       0.391 |      0.029 |
| Vccpaux   |       1.800 |     0.067 |       0.057 |      0.010 |
| Vccpll    |       1.800 |     0.116 |       0.113 |      0.003 |
| Vcco_ddr  |       1.500 |     0.511 |       0.509 |      0.002 |
| Vcco_mio0 |       1.800 |     0.004 |       0.003 |      0.001 |
| Vcco_mio1 |       1.800 |     0.002 |       0.001 |      0.001 |
| Vccadc    |       1.800 |     0.020 |       0.000 |      0.020 |
+-----------+-------------+-----------+-------------+------------+


1.3 Confidence Level
--------------------

+-----------------------------+------------+--------------------------------------------------------+--------------------------------------------------------------------------------------------------------------------+
| User Input Data             | Confidence | Details                                                | Action                                                                                                             |
+-----------------------------+------------+--------------------------------------------------------+--------------------------------------------------------------------------------------------------------------------+
| Design implementation state | Medium     | Design is partially routed                             | Accuracy of the tool is not optimal until design is fully placed and routed                                        |
| Clock nodes activity        | Low        | User specified less than 75% of clocks                 | Provide missing clock activity with a constraint file, simulation results or by editing the "By Clock Domain" view |
| I/O nodes activity          | Low        | More than 75% of inputs are missing user specification | Provide missing input activity with simulation results or by editing the "By Resource Type -> I/Os" view           |
| Internal nodes activity     | Medium     | User specified less than 25% of internal nodes         | Provide missing internal nodes activity with simulation results or by editing the "By Resource Type" views         |
| Device models               | High       | Device models are Production                           |                                                                                                                    |
|                             |            |                                                        |                                                                                                                    |
| Overall confidence level    | Low        |                                                        |                                                                                                                    |
+-----------------------------+------------+--------------------------------------------------------+--------------------------------------------------------------------------------------------------------------------+


2. Settings
-----------

2.1 Environment
---------------

+-----------------------+------------------------+
| Ambient Temp (C)      | 25.0                   |
| ThetaJA (C/W)         | 11.5                   |
| Airflow (LFM)         | 250                    |
| Heat Sink             | none                   |
| ThetaSA (C/W)         | 0.0                    |
| Board Selection       | medium (10"x10")       |
| # of Board Layers     | 8to11 (8 to 11 Layers) |
| Board Temperature (C) | 25.0                   |
+-----------------------+------------------------+


2.2 Clock Constraints
---------------------

+------------+---------------------------------------------------------+-----------------+
| Clock      | Domain                                                  | Constraint (ns) |
+------------+---------------------------------------------------------+-----------------+
| clk_fpga_0 | dma3_i/processing_system7_0/inst/FCLK_CLK_unbuffered[0] |            20.0 |
+------------+---------------------------------------------------------+-----------------+


3. Detailed Reports
-------------------

3.1 By Hierarchy
----------------

+----------------------------------------------------------------------------------------------------------------------------------------------------------------------------------------------------------------------------------------+-----------+
| Name                                                                                                                                                                                                                                   | Power (W) |
+----------------------------------------------------------------------------------------------------------------------------------------------------------------------------------------------------------------------------------------+-----------+
| dma3_wrapper                                                                                                                                                                                                                           |     1.440 |
|   dma3_i                                                                                                                                                                                                                               |     1.440 |
|     axi_cdma_0                                                                                                                                                                                                                         |     0.004 |
|       U0                                                                                                                                                                                                                               |     0.004 |
|     axi_dwidth_converter_0                                                                                                                                                                                                             |     0.015 |
|       inst                                                                                                                                                                                                                             |     0.015 |
|         dw_fifogen_aw/inst_fifo_gen/gaxi_full_lite.gwrite_ch.gwach2.axi_wach/grf.rf/gntv_or_sync_fifo.mem/gdm.dm/RAM_reg_0_31_18_23                                                                                                    |    <0.001 |
|         dw_fifogen_aw/inst_fifo_gen/gaxi_full_lite.gwrite_ch.gwach2.axi_wach/grf.rf/gntv_or_sync_fifo.mem/gdm.dm/RAM_reg_0_31_24_29                                                                                                    |    <0.001 |
|         dw_fifogen_aw/inst_fifo_gen/gaxi_full_lite.gwrite_ch.gwach2.axi_wach/grf.rf/gntv_or_sync_fifo.mem/gdm.dm/RAM_reg_0_31_30_35                                                                                                    |    <0.001 |
|         dw_fifogen_aw/inst_fifo_gen/gaxi_full_lite.gwrite_ch.gwach2.axi_wach/grf.rf/gntv_or_sync_fifo.mem/gdm.dm/RAM_reg_0_31_36_41                                                                                                    |    <0.001 |
|         dw_fifogen_aw/inst_fifo_gen/gaxi_full_lite.gwrite_ch.gwach2.axi_wach/grf.rf/gntv_or_sync_fifo.mem/gdm.dm/RAM_reg_0_31_42_47                                                                                                    |    <0.001 |
|         dw_fifogen_aw/inst_fifo_gen/gaxi_full_lite.gwrite_ch.gwach2.axi_wach/grf.rf/gntv_or_sync_fifo.mem/gdm.dm/RAM_reg_0_31_48_53                                                                                                    |    <0.001 |
|         dw_fifogen_aw/inst_fifo_gen/gaxi_full_lite.gwrite_ch.gwach2.axi_wach/grf.rf/gntv_or_sync_fifo.mem/gdm.dm/RAM_reg_0_31_54_59                                                                                                    |    <0.001 |
|         dw_fifogen_aw/inst_fifo_gen/gaxi_full_lite.gwrite_ch.gwach2.axi_wach/grf.rf/gntv_or_sync_fifo.mem/gdm.dm/RAM_reg_0_31_60_65                                                                                                    |    <0.001 |
|         gen_upsizer.gen_full_upsizer.axi_upsizer_inst/USE_READ.gen_pktfifo_r_upsizer.pktfifo_read_data_inst/dw_fifogen_ar/inst_fifo_gen/gaxi_full_lite.gread_ch.grach2.axi_rach/grf.rf/gntv_or_sync_fifo.mem/gdm.dm/RAM_reg_0_31_12_17 |    <0.001 |
|         gen_upsizer.gen_full_upsizer.axi_upsizer_inst/USE_READ.gen_pktfifo_r_upsizer.pktfifo_read_data_inst/dw_fifogen_ar/inst_fifo_gen/gaxi_full_lite.gread_ch.grach2.axi_rach/grf.rf/gntv_or_sync_fifo.mem/gdm.dm/RAM_reg_0_31_18_23 |    <0.001 |
|         gen_upsizer.gen_full_upsizer.axi_upsizer_inst/USE_READ.gen_pktfifo_r_upsizer.pktfifo_read_data_inst/dw_fifogen_ar/inst_fifo_gen/gaxi_full_lite.gread_ch.grach2.axi_rach/grf.rf/gntv_or_sync_fifo.mem/gdm.dm/RAM_reg_0_31_24_29 |    <0.001 |
|         gen_upsizer.gen_full_upsizer.axi_upsizer_inst/USE_READ.gen_pktfifo_r_upsizer.pktfifo_read_data_inst/dw_fifogen_ar/inst_fifo_gen/gaxi_full_lite.gread_ch.grach2.axi_rach/grf.rf/gntv_or_sync_fifo.mem/gdm.dm/RAM_reg_0_31_30_35 |    <0.001 |
|         gen_upsizer.gen_full_upsizer.axi_upsizer_inst/USE_READ.gen_pktfifo_r_upsizer.pktfifo_read_data_inst/dw_fifogen_ar/inst_fifo_gen/gaxi_full_lite.gread_ch.grach2.axi_rach/grf.rf/gntv_or_sync_fifo.mem/gdm.dm/RAM_reg_0_31_36_41 |    <0.001 |
|         gen_upsizer.gen_full_upsizer.axi_upsizer_inst/USE_READ.gen_pktfifo_r_upsizer.pktfifo_read_data_inst/dw_fifogen_ar/inst_fifo_gen/gaxi_full_lite.gread_ch.grach2.axi_rach/grf.rf/gntv_or_sync_fifo.mem/gdm.dm/RAM_reg_0_31_42_47 |    <0.001 |
|         gen_upsizer.gen_full_upsizer.axi_upsizer_inst/USE_READ.gen_pktfifo_r_upsizer.pktfifo_read_data_inst/dw_fifogen_ar/inst_fifo_gen/gaxi_full_lite.gread_ch.grach2.axi_rach/grf.rf/gntv_or_sync_fifo.mem/gdm.dm/RAM_reg_0_31_48_53 |    <0.001 |
|         gen_upsizer.gen_full_upsizer.axi_upsizer_inst/USE_READ.gen_pktfifo_r_upsizer.pktfifo_read_data_inst/dw_fifogen_ar/inst_fifo_gen/gaxi_full_lite.gread_ch.grach2.axi_rach/grf.rf/gntv_or_sync_fifo.mem/gdm.dm/RAM_reg_0_31_54_59 |    <0.001 |
|         gen_upsizer.gen_full_upsizer.axi_upsizer_inst/USE_READ.gen_pktfifo_r_upsizer.pktfifo_read_data_inst/dw_fifogen_ar/inst_fifo_gen/gaxi_full_lite.gread_ch.grach2.axi_rach/grf.rf/gntv_or_sync_fifo.mem/gdm.dm/RAM_reg_0_31_60_61 |    <0.001 |
|         gen_upsizer.gen_full_upsizer.axi_upsizer_inst/USE_READ.gen_pktfifo_r_upsizer.pktfifo_read_data_inst/dw_fifogen_rresp/inst_fifo_gen/gconvfifo.rf/grf.rf/gntv_or_sync_fifo.mem/gdm.dm/RAM_reg_0_63_0_2                           |    <0.001 |
|         gen_upsizer.gen_full_upsizer.axi_upsizer_inst/USE_READ.gen_pktfifo_r_upsizer.pktfifo_read_data_inst/dw_fifogen_rresp/inst_fifo_gen/gconvfifo.rf/grf.rf/gntv_or_sync_fifo.mem/gdm.dm/RAM_reg_128_191_0_2                        |    <0.001 |
|         gen_upsizer.gen_full_upsizer.axi_upsizer_inst/USE_READ.gen_pktfifo_r_upsizer.pktfifo_read_data_inst/dw_fifogen_rresp/inst_fifo_gen/gconvfifo.rf/grf.rf/gntv_or_sync_fifo.mem/gdm.dm/RAM_reg_192_255_0_2                        |    <0.001 |
|         gen_upsizer.gen_full_upsizer.axi_upsizer_inst/USE_READ.gen_pktfifo_r_upsizer.pktfifo_read_data_inst/dw_fifogen_rresp/inst_fifo_gen/gconvfifo.rf/grf.rf/gntv_or_sync_fifo.mem/gdm.dm/RAM_reg_256_319_0_2                        |    <0.001 |
|         gen_upsizer.gen_full_upsizer.axi_upsizer_inst/USE_READ.gen_pktfifo_r_upsizer.pktfifo_read_data_inst/dw_fifogen_rresp/inst_fifo_gen/gconvfifo.rf/grf.rf/gntv_or_sync_fifo.mem/gdm.dm/RAM_reg_320_383_0_2                        |    <0.001 |
|         gen_upsizer.gen_full_upsizer.axi_upsizer_inst/USE_READ.gen_pktfifo_r_upsizer.pktfifo_read_data_inst/dw_fifogen_rresp/inst_fifo_gen/gconvfifo.rf/grf.rf/gntv_or_sync_fifo.mem/gdm.dm/RAM_reg_384_447_0_2                        |    <0.001 |
|         gen_upsizer.gen_full_upsizer.axi_upsizer_inst/USE_READ.gen_pktfifo_r_upsizer.pktfifo_read_data_inst/dw_fifogen_rresp/inst_fifo_gen/gconvfifo.rf/grf.rf/gntv_or_sync_fifo.mem/gdm.dm/RAM_reg_448_511_0_2                        |    <0.001 |
|         gen_upsizer.gen_full_upsizer.axi_upsizer_inst/USE_READ.gen_pktfifo_r_upsizer.pktfifo_read_data_inst/dw_fifogen_rresp/inst_fifo_gen/gconvfifo.rf/grf.rf/gntv_or_sync_fifo.mem/gdm.dm/RAM_reg_64_127_0_2                         |    <0.001 |
|         gen_upsizer.gen_full_upsizer.axi_upsizer_inst/USE_READ.gen_pktfifo_r_upsizer.pktfifo_read_data_inst/m_cmd_fifo/inst_fifo_gen/gconvfifo.rf/grf.rf/gntv_or_sync_fifo.mem/gdm.dm/RAM_reg_0_31_0_5                                 |    <0.001 |
|         gen_upsizer.gen_full_upsizer.axi_upsizer_inst/USE_READ.gen_pktfifo_r_upsizer.pktfifo_read_data_inst/m_cmd_fifo/inst_fifo_gen/gconvfifo.rf/grf.rf/gntv_or_sync_fifo.mem/gdm.dm/RAM_reg_0_31_12_17                               |    <0.001 |
|         gen_upsizer.gen_full_upsizer.axi_upsizer_inst/USE_READ.gen_pktfifo_r_upsizer.pktfifo_read_data_inst/m_cmd_fifo/inst_fifo_gen/gconvfifo.rf/grf.rf/gntv_or_sync_fifo.mem/gdm.dm/RAM_reg_0_31_18_22                               |    <0.001 |
|         gen_upsizer.gen_full_upsizer.axi_upsizer_inst/USE_READ.gen_pktfifo_r_upsizer.pktfifo_read_data_inst/m_cmd_fifo/inst_fifo_gen/gconvfifo.rf/grf.rf/gntv_or_sync_fifo.mem/gdm.dm/RAM_reg_0_31_6_11                                |    <0.001 |
|         gen_upsizer.gen_full_upsizer.axi_upsizer_inst/USE_READ.gen_pktfifo_r_upsizer.pktfifo_read_data_inst/s_cmd_fifo/inst_fifo_gen/gconvfifo.rf/grf.rf/gntv_or_sync_fifo.mem/gdm.dm/RAM_reg_0_31_0_5                                 |    <0.001 |
|         gen_upsizer.gen_full_upsizer.axi_upsizer_inst/USE_READ.gen_pktfifo_r_upsizer.pktfifo_read_data_inst/s_cmd_fifo/inst_fifo_gen/gconvfifo.rf/grf.rf/gntv_or_sync_fifo.mem/gdm.dm/RAM_reg_0_31_12_17                               |    <0.001 |
|         gen_upsizer.gen_full_upsizer.axi_upsizer_inst/USE_READ.gen_pktfifo_r_upsizer.pktfifo_read_data_inst/s_cmd_fifo/inst_fifo_gen/gconvfifo.rf/grf.rf/gntv_or_sync_fifo.mem/gdm.dm/RAM_reg_0_31_18_23                               |    <0.001 |
|         gen_upsizer.gen_full_upsizer.axi_upsizer_inst/USE_READ.gen_pktfifo_r_upsizer.pktfifo_read_data_inst/s_cmd_fifo/inst_fifo_gen/gconvfifo.rf/grf.rf/gntv_or_sync_fifo.mem/gdm.dm/RAM_reg_0_31_24_29                               |    <0.001 |
|         gen_upsizer.gen_full_upsizer.axi_upsizer_inst/USE_READ.gen_pktfifo_r_upsizer.pktfifo_read_data_inst/s_cmd_fifo/inst_fifo_gen/gconvfifo.rf/grf.rf/gntv_or_sync_fifo.mem/gdm.dm/RAM_reg_0_31_6_11                                |    <0.001 |
|     axi_interconnect_0                                                                                                                                                                                                                 |     0.012 |
|       s00_couplers/auto_us                                                                                                                                                                                                             |     0.001 |
|         inst                                                                                                                                                                                                                           |     0.001 |
|       s01_couplers/auto_us                                                                                                                                                                                                             |     0.001 |
|         inst                                                                                                                                                                                                                           |     0.001 |
|       s02_couplers/auto_us                                                                                                                                                                                                             |     0.001 |
|         inst                                                                                                                                                                                                                           |     0.001 |
|       s03_couplers/auto_us                                                                                                                                                                                                             |     0.001 |
|         inst                                                                                                                                                                                                                           |     0.001 |
|       xbar                                                                                                                                                                                                                             |     0.006 |
|     axi_interconnect_1                                                                                                                                                                                                                 |     0.002 |
|       xbar                                                                                                                                                                                                                             |     0.002 |
|     blkA                                                                                                                                                                                                                               |     0.002 |
|       blk_mem_gen_inblk                                                                                                                                                                                                                |    <0.001 |
|       bram_ctrl_in_blk                                                                                                                                                                                                                 |     0.001 |
|     block0_ab                                                                                                                                                                                                                          |     0.001 |
|       blk_mem_gen_outblk                                                                                                                                                                                                               |    <0.001 |
|       bram_ctrl_outblk                                                                                                                                                                                                                 |     0.001 |
|     block0_b                                                                                                                                                                                                                           |     0.001 |
|       blk_mem_gen_inblk                                                                                                                                                                                                                |    <0.001 |
|       bram_ctrl_in_blk                                                                                                                                                                                                                 |     0.001 |
|     block1_ab                                                                                                                                                                                                                          |     0.001 |
|       blk_mem_gen_outblk                                                                                                                                                                                                               |    <0.001 |
|       bram_ctrl_outblk                                                                                                                                                                                                                 |     0.001 |
|     block1_b                                                                                                                                                                                                                           |     0.001 |
|       blk_mem_gen_inblk                                                                                                                                                                                                                |    <0.001 |
|       bram_ctrl_in_blk                                                                                                                                                                                                                 |     0.001 |
|     block2_ab                                                                                                                                                                                                                          |     0.001 |
|       blk_mem_gen_outblk                                                                                                                                                                                                               |    <0.001 |
|       bram_ctrl_outblk                                                                                                                                                                                                                 |     0.001 |
|     block2_b                                                                                                                                                                                                                           |     0.001 |
|       blk_mem_gen_inblk                                                                                                                                                                                                                |    <0.001 |
|       bram_ctrl_in_blk                                                                                                                                                                                                                 |     0.001 |
|     block3_ab                                                                                                                                                                                                                          |     0.001 |
|       blk_mem_gen_outblk                                                                                                                                                                                                               |    <0.001 |
|       bram_ctrl_outblk                                                                                                                                                                                                                 |     0.001 |
|     block3_b                                                                                                                                                                                                                           |     0.001 |
|       blk_mem_gen_inblk                                                                                                                                                                                                                |    <0.001 |
|       bram_ctrl_in_blk                                                                                                                                                                                                                 |     0.001 |
|     blocka_ic                                                                                                                                                                                                                          |     0.008 |
|       s00_couplers/auto_us                                                                                                                                                                                                             |     0.002 |
|         inst                                                                                                                                                                                                                           |     0.002 |
|       s01_couplers/auto_us                                                                                                                                                                                                             |     0.001 |
|         inst                                                                                                                                                                                                                           |     0.001 |
|       s02_couplers/auto_us                                                                                                                                                                                                             |     0.002 |
|         inst                                                                                                                                                                                                                           |     0.002 |
|       s03_couplers/auto_us                                                                                                                                                                                                             |     0.001 |
|         inst                                                                                                                                                                                                                           |     0.001 |
|       xbar                                                                                                                                                                                                                             |     0.002 |
|     bmm_bram_ic0                                                                                                                                                                                                                       |     0.012 |
|       s00_couplers/auto_us                                                                                                                                                                                                             |     0.001 |
|         inst                                                                                                                                                                                                                           |     0.001 |
|       s01_couplers/auto_us                                                                                                                                                                                                             |     0.001 |
|         inst                                                                                                                                                                                                                           |     0.001 |
|       s02_couplers/auto_us                                                                                                                                                                                                             |     0.002 |
|         inst                                                                                                                                                                                                                           |     0.002 |
|       s03_couplers/auto_us                                                                                                                                                                                                             |     0.001 |
|         inst                                                                                                                                                                                                                           |     0.001 |
|       xbar                                                                                                                                                                                                                             |     0.006 |
|     bmm_top_0                                                                                                                                                                                                                          |     0.006 |
|     bmm_top_1                                                                                                                                                                                                                          |     0.007 |
|     bmm_top_2                                                                                                                                                                                                                          |     0.006 |
|     bmm_top_3                                                                                                                                                                                                                          |     0.007 |
|     cdma_bram_intercon                                                                                                                                                                                                                 |     0.001 |
|       m00_couplers/auto_pc                                                                                                                                                                                                             |    <0.001 |
|         inst/gen_axi4_axi3.axi3_conv_inst/USE_READ.USE_SPLIT_R.read_addr_inst/USE_R_CHANNEL.cmd_queue/inst/fifo_gen_inst/inst_fifo_gen/gconvfifo.rf/grf.rf/gntv_or_sync_fifo.mem/gdm.dm/RAM_reg_0_31_0_0                               |    <0.001 |
|         inst/gen_axi4_axi3.axi3_conv_inst/USE_WRITE.write_addr_inst/USE_BURSTS.cmd_queue/inst/fifo_gen_inst/inst_fifo_gen/gconvfifo.rf/grf.rf/gntv_or_sync_fifo.mem/gdm.dm/RAM_reg_0_31_0_4                                            |    <0.001 |
|         inst/gen_axi4_axi3.axi3_conv_inst/USE_WRITE.write_addr_inst/USE_B_CHANNEL.cmd_b_queue/inst/fifo_gen_inst/inst_fifo_gen/gconvfifo.rf/grf.rf/gntv_or_sync_fifo.mem/gdm.dm/RAM_reg_0_31_0_4                                       |    <0.001 |
|       xbar                                                                                                                                                                                                                             |    <0.001 |
|     cdma_sg_intercon                                                                                                                                                                                                                   |    <0.001 |
|       s00_couplers/auto_pc                                                                                                                                                                                                             |    <0.001 |
|         inst/gen_axi4_axi3.axi3_conv_inst/USE_READ.USE_SPLIT_R.read_addr_inst/USE_R_CHANNEL.cmd_queue/inst/fifo_gen_inst/inst_fifo_gen/gconvfifo.rf/grf.rf/gntv_or_sync_fifo.mem/gdm.dm/RAM_reg_0_31_0_0                               |    <0.001 |
|         inst/gen_axi4_axi3.axi3_conv_inst/USE_WRITE.write_addr_inst/USE_BURSTS.cmd_queue/inst/fifo_gen_inst/inst_fifo_gen/gconvfifo.rf/grf.rf/gntv_or_sync_fifo.mem/gdm.dm/RAM_reg_0_31_0_4                                            |    <0.001 |
|         inst/gen_axi4_axi3.axi3_conv_inst/USE_WRITE.write_addr_inst/USE_B_CHANNEL.cmd_b_queue/inst/fifo_gen_inst/inst_fifo_gen/gconvfifo.rf/grf.rf/gntv_or_sync_fifo.mem/gdm.dm/RAM_reg_0_31_0_4                                       |    <0.001 |
|     ctrl_axilite_intercon                                                                                                                                                                                                              |     0.002 |
|       s00_couplers/auto_pc                                                                                                                                                                                                             |     0.001 |
|       xbar                                                                                                                                                                                                                             |    <0.001 |
|     proc_sys_reset                                                                                                                                                                                                                     |    <0.001 |
|       U0                                                                                                                                                                                                                               |    <0.001 |
|     processing_system7_0                                                                                                                                                                                                               |     1.347 |
|       inst                                                                                                                                                                                                                             |     1.347 |
+----------------------------------------------------------------------------------------------------------------------------------------------------------------------------------------------------------------------------------------+-----------+


